[pid    23] epoll_pwait(10, [{events=EPOLLIN, data={u32=4110698704, u64=140054404286672}}], 512, -1, NULL, 8) = 1
[pid    23] clock_gettime(CLOCK_REALTIME, {tv_sec=1673891874, tv_nsec=205916000}) = 0
[pid    23] clock_gettime(CLOCK_MONOTONIC, {tv_sec=387756, tv_nsec=277846239}) = 0
[pid    23] gettid()                    = 23
[pid    23] write(2, "2023/01/16 17:57:54 [debug] 23#23: epoll: fd:6 ev:0001 d:00007F60F50448D0\n", 74) = 74
[pid    23] gettid()                    = 23
[pid    23] write(2, "2023/01/16 17:57:54 [debug] 23#23: accept on 0.0.0.0:443, ready: 0\n", 67) = 67
[pid    23] accept4(6, {sa_family=AF_INET, sin_port=htons(40088), sin_addr=inet_addr("192.168.48.1")}, [112 => 16], SOCK_CLOEXEC|SOCK_NONBLOCK) = 3
[pid    23] gettid()                    = 23
[pid    23] write(2, "2023/01/16 17:57:54 [debug] 23#23: posix_memalign: 00007F60F5101260:512 @16\n", 76) = 76
[pid    23] gettid()                    = 23
[pid    23] write(2, "2023/01/16 17:57:54 [debug] 23#23: *5 accept: 192.168.48.1:40088 fd:3\n", 70) = 70
[pid    23] gettid()                    = 23
[pid    23] write(2, "2023/01/16 17:57:54 [debug] 23#23: *5 event timer add: 3: 60000:387816277\n", 74) = 74
[pid    23] gettid()                    = 23
[pid    23] write(2, "2023/01/16 17:57:54 [debug] 23#23: *5 reusable connection: 1\n", 61) = 61
[pid    23] gettid()                    = 23
[pid    23] write(2, "2023/01/16 17:57:54 [debug] 23#23: *5 epoll add event: fd:3 op:1 ev:80002001\n", 77) = 77
[pid    23] epoll_ctl(10, EPOLL_CTL_ADD, 3, {events=EPOLLIN|EPOLLRDHUP|EPOLLET, data={u32=4110699424, u64=140054404287392}}) = 0
[pid    23] gettid()                    = 23
[pid    23] write(2, "2023/01/16 17:57:54 [debug] 23#23: timer delta: 171978\n", 55) = 55
[pid    23] gettid()                    = 23
[pid    23] write(2, "2023/01/16 17:57:54 [debug] 23#23: worker cycle\n", 48) = 48
[pid    23] gettid()                    = 23
[pid    23] write(2, "2023/01/16 17:57:54 [debug] 23#23: epoll timer: 60000\n", 54) = 54
[pid    23] epoll_pwait(10, [{events=EPOLLIN, data={u32=4110699424, u64=140054404287392}}], 512, 60000, NULL, 8) = 1
[pid    23] clock_gettime(CLOCK_REALTIME, {tv_sec=1673891874, tv_nsec=219042000}) = 0
[pid    23] clock_gettime(CLOCK_MONOTONIC, {tv_sec=387756, tv_nsec=289400239}) = 0
[pid    23] gettid()                    = 23
[pid    23] write(2, "2023/01/16 17:57:54 [debug] 23#23: epoll: fd:3 ev:0001 d:00007F60F5044BA0\n", 74) = 74
[pid    23] gettid()                    = 23
[pid    23] write(2, "2023/01/16 17:57:54 [debug] 23#23: *5 http check ssl handshake\n", 63) = 63
[pid    23] recvfrom(3, "\26", 1, MSG_PEEK, NULL, NULL) = 1
[pid    23] gettid()                    = 23
[pid    23] write(2, "2023/01/16 17:57:54 [debug] 23#23: *5 http recv(): 1\n", 53) = 53
[pid    23] gettid()                    = 23
[pid    23] write(2, "2023/01/16 17:57:54 [debug] 23#23: *5 https ssl handshake: 0x16\n", 64) = 64
[pid    23] gettid()                    = 23
[pid    23] write(2, "2023/01/16 17:57:54 [debug] 23#23: *5 tcp_nodelay\n", 50) = 50
[pid    23] setsockopt(3, SOL_TCP, TCP_NODELAY, [1], 4) = 0
[pid    23] mmap(NULL, 8192, PROT_READ|PROT_WRITE, MAP_PRIVATE|MAP_ANONYMOUS, -1, 0) = 0x7f60f510b000
[pid    23] gettid()                    = 23
[pid    23] write(2, "2023/01/16 17:57:54 [debug] 23#23: *5 reusable connection: 0\n", 61) = 61
[pid    23] mmap(NULL, 24576, PROT_READ|PROT_WRITE, MAP_PRIVATE|MAP_ANONYMOUS, -1, 0) = 0x7f60f50fb000
[pid    23] read(3, "\26\3\1\1:\1\0\0016\3\3\340\246\353\37\362(C\267\31\"\322I\257S\271\201\356\26js\331'\30\0016\354\271\242\24\210\35W \t^\213\223\346\321$\322\273e\333\235\203\336w \324\274IW\223\307.\315(\32163\316$H\322\0b\23\2\23\3\23\1\3000\300,\300(\300$\300\24\300\n\0\237\0k\09\314\251\314\250\314\252\377\205\0\304\0\210\0\201\0\235\0=\0005\0\300\0\204\300/\300+\300'\300#\300\23\300\t\0\236\0g\0003\0\276\0E\0\234\0<\0/\0\272\0A\300\21\300\7\0\5\0\4\300\22\300\10\0\26\0\n\0\377\1\0\0\213\0+\0\t\10\3\4\3\3\3\2\3\1\0003\0&\0$\0\35\0 K\344\304}AK\243\24\275\363\263\377-\215\372\301W\213\334\302\tE\370\rwxt/m\375q;\0\0\0\16\0\f\0\0\tlocalhost\0\v\0\2\1\0\0\n\0\n\0\10\0\35\0\27\0\30\0\31\0\r\0\30\0\26\10\6\6\1\6\3\10\5\5\1\5\3\10\4\4\1\4\3\2\1\2\3\0\20\0\16\0\f\2h2\10http/1.1", 16709) = 319
[pid    23] madvise(0x7f60f5039000, 12288, MADV_FREE) = 0
[pid    23] mmap(NULL, 8192, PROT_READ|PROT_WRITE, MAP_PRIVATE|MAP_ANONYMOUS, -1, 0) = 0x7f60f50f9000
[pid    23] clock_gettime(CLOCK_REALTIME, {tv_sec=1673891874, tv_nsec=225122000}) = 0
[pid    23] getpid()                    = 23
[pid    23] getpid()                    = 23
[pid    23] clock_gettime(CLOCK_REALTIME, {tv_sec=1673891874, tv_nsec=225333000}) = 0
[pid    23] gettid()                    = 23
[pid    23] write(2, "2023/01/16 17:57:54 [debug] 23#23: *5 SSL server name: \"localhost\"\n", 67) = 67
[pid    23] getpid()                    = 23
[pid    23] getpid()                    = 23
[pid    23] clock_gettime(CLOCK_REALTIME, {tv_sec=1673891874, tv_nsec=225960000}) = 0
[pid    23] munmap(0x7f60f50f9000, 8192) = 0
[pid    23] gettid()                    = 23
[pid    23] write(2, "2023/01/16 17:57:54 [debug] 23#23: *5 SSL ALPN supported by client: h2\n", 71) = 71
[pid    23] gettid()                    = 23
[pid    23] write(2, "2023/01/16 17:57:54 [debug] 23#23: *5 SSL ALPN supported by client: http/1.1\n", 77) = 77
[pid    23] gettid()                    = 23
[pid    23] write(2, "2023/01/16 17:57:54 [debug] 23#23: *5 SSL ALPN selected: http/1.1\n", 66) = 66
[pid    23] madvise(0x7f60f5030000, 12288, MADV_FREE) = 0
[pid    23] madvise(0x7f60f5030000, 12288, MADV_FREE) = 0
[pid    23] getpid()                    = 23
[pid    23] getpid()                    = 23
[pid    23] clock_gettime(CLOCK_REALTIME, {tv_sec=1673891874, tv_nsec=227454000}) = 0
[pid    23] mmap(NULL, 16384, PROT_READ|PROT_WRITE, MAP_PRIVATE|MAP_ANONYMOUS, -1, 0) = 0x7f60f50f7000
[pid    23] munmap(0x7f60f50f7000, 16384) = 0
[pid    23] mmap(NULL, 16384, PROT_READ|PROT_WRITE, MAP_PRIVATE|MAP_ANONYMOUS, -1, 0) = 0x7f60f50f7000
[pid    23] munmap(0x7f60f50f7000, 16384) = 0
[pid    23] madvise(0x7f60f5039000, 12288, MADV_FREE) = 0
[pid    23] madvise(0x7f60f5030000, 12288, MADV_FREE) = 0
[pid    23] write(3, "\26\3\1\0l\2\0\0h\3\1\2\364\v<\313\"q\276\313\314c{%\260k\253\313w\313>O\16U^\231\274(\242\26 \232\374 \254.\254\35\264\10&N\334rAm\270z\253\235\232O\rc\5\f\327s/'+q0\370\250\375\300\24\0\0 \377\1\0\1\0\0\0\0\0\0\v\0\4\3\0\1\2\0\20\0\v\0\t\10http/1.1\26\3\1\3=\v\0\39\0\0036\0\00330\202\3/0\202\2\27\240\3\2\1\2\2\24*fh\17\364IH!\246*\203*\216\206\307\243\303u\361R0\r\6\t*\206H\206\367\r\1\1\v\5\0000'1\v0\t\6\3U\4\6\23\2US1\0300\26\6\3U\4\3\f\17Example-Root-CA0\36\27\r230116172913Z\27\r251105172913Z0'1\v0\t\6\3U\4\6\23\2US1\0300\26\6\3U\4\3\f\17Example-Root-CA0\202\1\"0\r\6\t*\206H\206\367\r\1\1\1\5\0\3\202\1\17\0000\202\1\n\2\202\1\1\0\235c>xf|\267\321\276\334G\321t\353\3531\214{Fow\361<\310D\37\177\35\v\210\331t\5\20\230\31\330\241'\323'\35\313\321\3233\235(SU\371$`q\337\366\233\203\337\224\343\1TiEh\304\350\257\206t\244\201\2127M\335\237\"L\6O\251\25\300\310\324\337\231\rG\355k\37=\364l\324Y\20B.\34.d\320\324\2159&\275\235\21|\302f>\365\221}\33\240\354\260G\266Q\246c\351\1\241d\30\260B\335\22J\7_\254\213U\202\234\203\207\231\5\350\264im\252\323\3277\224b\265\233(\247\36\275uW=@\335t\256\f\343\317\300\251\323!Q\240\25E\17\375vP\22\277=\2240\212\t\210\214s\330\377\177\3,i\300\20\247\16d\177,d\245\362o\256\242yn\206`\372v\211r\234h \352\256h\375\304\303\215\t\376\270\320\260\276\353v$\267\226\343E\326\273x\357\366\345\357C\2\3\1\0\1\243S0Q0\35\6\3U\35\16\4\26\4\24\301o`\275\347\352\306'\10\212\351\251\324\3533H\214%\333\2510\37\6\3U\35#\4\0300\26\200\24\301o`\275\347\352\306'\10\212\351\251\324\3533H\214%\333\2510\17\6\3U\35\23\1\1\377\4\0050\3\1\1\3770\r\6\t*\206H\206\367\r\1\1\v\5\0\3\202\1\1\0\200\213\233\31\"\n(\275\202\314\213o(5A;\226i\21\202\253\315\31#d2E\335,\345\t\322\205\244\242\256\276r^X7\335Z\260\307f\262\314\2070\21b\27J\357[qk C\337_\324\226\303e\315\17\232)\370+\252$6I|Kb\4[b\206\202\375\320\325\275\2520\1\t\332\277\31\345@\351\333O\213f\265:\227\300X\t\237\354\3dr\341\262\33\245\226\342\345\200M\256%\330\314\265\23\244\301\237\352P\20\"\5\215\230J\336Dj\371\37\n\322*\217\362\212\226\3079\240\231w\22\300\205\303\267\334*\321\244\213~\3\2216q\344)\322\321\334\304\300\244\311\260\23\357\360\233&\376\332[i\317,\2141\213\276\376\323\253s\374\3045\355\237\24\354F s\310\373\237\371\2=L\251f\251L\262a\17\177L\34\34\213i_#a\341u\336\326\233wxY\240?\357\220\256\242RA2yy\335\337.A\26\3\1\1*\f\0\1&\3\0\35 \\\261\232D\36\275\334\354q#\275\2\361dSl&\342\21\7s\347\362\367\374-\232:@\213sf\1\0\5\3049\342\271\320\3253m\0074\272\236\335\311\2\331\224\367\30\312\204K\345\3\232,QI\"\226\367%\25\31\5T\2146dJ\220\17|'rh\273x\0\253f(\36\266\37\307\347\237Q\216\27\31\343\213\326\f\214\"\\\271Y\344\271gV\"\263\316\366\360\321:\30q\336\26BY\206\316\f\245e\205U}\276\211>!u0\6]\0\256\"\253R\323\17S\327KRpI\rW\370x\376\277.\2667\235\201\213\260\246?\27CR\271{\216\340\35\260\vcK\273\251\333\261L\215\345\275G\355`\264\261\311\2540\216\"\367\320J\207\232mS`\202\360?~D\361\311\316\336\223z^\337\5M\304\377\377\21%X\17\351\343\373\327\213\222\34\310{\36=\227\23\33%=-\303:\233\0001\23\262\313\7\225(\263\324\212\3327\311\274>\262\2G[\202\321\332B\364`\272FR\334\360\233+\306\232hZ\276g\367\306v\322\26\3\1\0\4\16\0\0\0", 1259) = 1259
[pid    23] read(3, 0x7f60f50387c3, 16709) = -1 EAGAIN (Resource temporarily unavailable)
[pid    23] madvise(0x7f60f5039000, 12288, MADV_FREE) = 0
[pid    23] gettid()                    = 23
[pid    23] write(2, "2023/01/16 17:57:54 [debug] 23#23: *5 SSL_do_handshake: -1\n", 59) = 59
[pid    23] gettid()                    = 23
[pid    23] write(2, "2023/01/16 17:57:54 [debug] 23#23: *5 SSL_get_error: 2\n", 55) = 55
[pid    23] gettid()                    = 23
[pid    23] write(2, "2023/01/16 17:57:54 [debug] 23#23: timer delta: 12\n", 51) = 51
[pid    23] gettid()                    = 23
[pid    23] write(2, "2023/01/16 17:57:54 [debug] 23#23: worker cycle\n", 48) = 48
[pid    23] gettid()                    = 23
[pid    23] write(2, "2023/01/16 17:57:54 [debug] 23#23: epoll timer: 59988\n", 54) = 54
[pid    23] epoll_pwait(10, [{events=EPOLLIN, data={u32=4110699424, u64=140054404287392}}], 512, 59988, NULL, 8) = 1
[pid    23] clock_gettime(CLOCK_REALTIME, {tv_sec=1673891874, tv_nsec=254189000}) = 0
[pid    23] clock_gettime(CLOCK_MONOTONIC, {tv_sec=387756, tv_nsec=324001239}) = 0
[pid    23] gettid()                    = 23
[pid    23] write(2, "2023/01/16 17:57:54 [debug] 23#23: epoll: fd:3 ev:0001 d:00007F60F5044BA0\n", 74) = 74
[pid    23] gettid()                    = 23
[pid    23] write(2, "2023/01/16 17:57:54 [debug] 23#23: *5 SSL handshake handler: 0\n", 63) = 63
[pid    23] read(3, "\26\3\1\0%\20\0\0! \10\323\357\213\234w\241\330\222HTI\233\242\233\0\354i\370\222\207\232|u\373q\330*\203:\224_\24\3\1\0\1\1\26\3\1\0000\33\362\322\310\310$:N\317sm\207Zc\266\36.\333T'\236_\4\2'\2578g\316\351\266p\275D\212-m\261\243X&\272\263\353\1[\344n", 16709) = 101
[pid    23] mmap(NULL, 8192, PROT_READ|PROT_WRITE, MAP_PRIVATE|MAP_ANONYMOUS, -1, 0) = 0x7f60f50f9000
[pid    23] munmap(0x7f60f50f9000, 8192) = 0
[pid    23] mmap(NULL, 8192, PROT_READ|PROT_WRITE, MAP_PRIVATE|MAP_ANONYMOUS, -1, 0) = 0x7f60f50f9000
[pid    23] munmap(0x7f60f50f9000, 8192) = 0
[pid    23] madvise(0x7f60f5030000, 12288, MADV_FREE) = 0
[pid    23] mmap(NULL, 8192, PROT_READ|PROT_WRITE, MAP_PRIVATE|MAP_ANONYMOUS, -1, 0) = 0x7f60f50f9000
[pid    23] munmap(0x7f60f50f9000, 8192) = 0
[pid    23] madvise(0x7f60f5039000, 12288, MADV_FREE) = 0
[pid    23] mmap(NULL, 8192, PROT_READ|PROT_WRITE, MAP_PRIVATE|MAP_ANONYMOUS, -1, 0) = 0x7f60f50f9000
[pid    23] munmap(0x7f60f50f9000, 8192) = 0
[pid    23] madvise(0x7f60f5030000, 12288, MADV_FREE) = 0
[pid    23] write(3, "\24\3\1\0\1\1\26\3\1\0000\375\2|\3516n\310\4\247\330\226\357\217\230\213\236\226\336\246F\36\210)-\2675\276P\222#a\232;\313#\302\304\"\2141\201I\276K\36\252\2\346", 59) = 59
[pid    23] munmap(0x7f60f50fb000, 24576) = 0
[pid    23] gettid()                    = 23
[pid    23] write(2, "2023/01/16 17:57:54 [debug] 23#23: *5 SSL_do_handshake: 1\n", 58) = 58
[pid    23] gettid()                    = 23
[pid    23] write(2, "2023/01/16 17:57:54 [debug] 23#23: *5 SSL: TLSv1, cipher: \"ECDHE-RSA-AES256-SHA TLSv1 Kx=ECDH Au=RSA Enc=AES(256) Mac=SHA1\"\n", 124) = 124
[pid    23] gettid()                    = 23
[pid    23] write(2, "2023/01/16 17:57:54 [debug] 23#23: *5 reusable connection: 1\n", 61) = 61
[pid    23] gettid()                    = 23
[pid    23] write(2, "2023/01/16 17:57:54 [debug] 23#23: *5 http wait request handler\n", 64) = 64
[pid    23] mmap(NULL, 8192, PROT_READ|PROT_WRITE, MAP_PRIVATE|MAP_ANONYMOUS, -1, 0) = 0x7f60f50ff000
[pid    23] gettid()                    = 23
[pid    23] write(2, "2023/01/16 17:57:54 [debug] 23#23: *5 malloc: 00007F60F50FF070:1024\n", 68) = 68
[pid    23] read(3, 0x7f60f50387e3, 16709) = -1 EAGAIN (Resource temporarily unavailable)
[pid    23] madvise(0x7f60f5039000, 12288, MADV_FREE) = 0
[pid    23] gettid()                    = 23
[pid    23] write(2, "2023/01/16 17:57:54 [debug] 23#23: *5 SSL_read: -1\n", 51) = 51
[pid    23] gettid()                    = 23
[pid    23] write(2, "2023/01/16 17:57:54 [debug] 23#23: *5 SSL_get_error: 2\n", 55) = 55
[pid    23] gettid()                    = 23
[pid    23] write(2, "2023/01/16 17:57:54 [debug] 23#23: *5 free: 00007F60F50FF070\n", 61) = 61
[pid    23] munmap(0x7f60f50ff000, 8192) = 0
[pid    23] gettid()                    = 23
[pid    23] write(2, "2023/01/16 17:57:54 [debug] 23#23: timer delta: 35\n", 51) = 51
[pid    23] gettid()                    = 23
[pid    23] write(2, "2023/01/16 17:57:54 [debug] 23#23: worker cycle\n", 48) = 48
[pid    23] gettid()                    = 23
[pid    23] write(2, "2023/01/16 17:57:54 [debug] 23#23: epoll timer: 59953\n", 54) = 54
[pid    23] epoll_pwait(10, [{events=EPOLLIN, data={u32=4110699424, u64=140054404287392}}], 512, 59953, NULL, 8) = 1
[pid    23] clock_gettime(CLOCK_REALTIME, {tv_sec=1673891874, tv_nsec=258646000}) = 0
[pid    23] clock_gettime(CLOCK_MONOTONIC, {tv_sec=387756, tv_nsec=328456239}) = 0
[pid    23] gettid()                    = 23
[pid    23] write(2, "2023/01/16 17:57:54 [debug] 23#23: epoll: fd:3 ev:0001 d:00007F60F5044BA0\n", 74) = 74
[pid    23] gettid()                    = 23
[pid    23] write(2, "2023/01/16 17:57:54 [debug] 23#23: *5 http wait request handler\n", 64) = 64
[pid    23] mmap(NULL, 8192, PROT_READ|PROT_WRITE, MAP_PRIVATE|MAP_ANONYMOUS, -1, 0) = 0x7f60f50ff000
[pid    23] gettid()                    = 23
[pid    23] write(2, "2023/01/16 17:57:54 [debug] 23#23: *5 malloc: 00007F60F50FF080:1024\n", 68) = 68
[pid    23] read(3, "\27\3\1\0 \221eI\365MdsS\311\312\306_\377\262 \237\261\3A4\25\330P`\225P\342\203\255M\236\267\27\3\1\0`\6Z\336s\232\272O\33@9\220\267<\363\272N\335cM\34\341j\277\3133\243\236r\353\"\r\322I\304\374\251w\344\256\vY0z'\266M:\322\353\231n\356\337pV\3569\306\336\35\372\213jg\r\370\323\3146e1\354\234\312\10\244^@\\\323\30z\16\321\276\222\35{\271\37\301\362T\31\312%", 16709) = 138
[pid    23] madvise(0x7f60f5030000, 12288, MADV_FREE) = 0
[pid    23] gettid()                    = 23
[pid    23] write(2, "2023/01/16 17:57:54 [debug] 23#23: *5 SSL_read: 75\n", 51) = 51
[pid    23] read(3, 0x7f60f50387f3, 16709) = -1 EAGAIN (Resource temporarily unavailable)
[pid    23] madvise(0x7f60f5039000, 12288, MADV_FREE) = 0
[pid    23] gettid()                    = 23
[pid    23] write(2, "2023/01/16 17:57:54 [debug] 23#23: *5 SSL_read: -1\n", 51) = 51
[pid    23] gettid()                    = 23
[pid    23] write(2, "2023/01/16 17:57:54 [debug] 23#23: *5 SSL_get_error: 2\n", 55) = 55
[pid    23] gettid()                    = 23
[pid    23] write(2, "2023/01/16 17:57:54 [debug] 23#23: *5 reusable connection: 0\n", 61) = 61
[pid    23] gettid()                    = 23
[pid    23] write(2, "2023/01/16 17:57:54 [debug] 23#23: *5 posix_memalign: 00007F60F5106110:4096 @16\n", 80) = 80
[pid    23] gettid()                    = 23
[pid    23] write(2, "2023/01/16 17:57:54 [debug] 23#23: *5 http process request line\n", 64) = 64
[pid    23] gettid()                    = 23
[pid    23] write(2, "2023/01/16 17:57:54 [debug] 23#23: *5 http request line: \"GET /1K HTTP/1.1\"\n", 76) = 76
[pid    23] gettid()                    = 23
[pid    23] write(2, "2023/01/16 17:57:54 [debug] 23#23: *5 http uri: \"/1K\"\n", 54) = 54
[pid    23] gettid()                    = 23
[pid    23] write(2, "2023/01/16 17:57:54 [debug] 23#23: *5 http args: \"\"\n", 52) = 52
[pid    23] gettid()                    = 23
[pid    23] write(2, "2023/01/16 17:57:54 [debug] 23#23: *5 http exten: \"\"\n", 53) = 53
[pid    23] gettid()                    = 23
[pid    23] write(2, "2023/01/16 17:57:54 [debug] 23#23: *5 posix_memalign: 00007F60F5107650:4096 @16\n", 80) = 80
[pid    23] gettid()                    = 23
[pid    23] write(2, "2023/01/16 17:57:54 [debug] 23#23: *5 http process request header line\n", 71) = 71
[pid    23] gettid()                    = 23
[pid    23] write(2, "2023/01/16 17:57:54 [debug] 23#23: *5 http header: \"Host: localhost\"\n", 69) = 69
[pid    23] gettid()                    = 23
[pid    23] write(2, "2023/01/16 17:57:54 [debug] 23#23: *5 http header: \"User-Agent: curl/7.79.1\"\n", 77) = 77
[pid    23] gettid()                    = 23
[pid    23] write(2, "2023/01/16 17:57:54 [debug] 23#23: *5 http header: \"Accept: */*\"\n", 65) = 65
[pid    23] gettid()                    = 23
[pid    23] write(2, "2023/01/16 17:57:54 [debug] 23#23: *5 http header done\n", 55) = 55
[pid    23] gettid()                    = 23
[pid    23] write(2, "2023/01/16 17:57:54 [debug] 23#23: *5 event timer del: 3: 387816277\n", 68) = 68
[pid    23] gettid()                    = 23
[pid    23] write(2, "2023/01/16 17:57:54 [debug] 23#23: *5 generic phase: 0\n", 55) = 55
[pid    23] gettid()                    = 23
[pid    23] write(2, "2023/01/16 17:57:54 [debug] 23#23: *5 rewrite phase: 1\n", 55) = 55
[pid    23] gettid()                    = 23
[pid    23] write(2, "2023/01/16 17:57:54 [debug] 23#23: *5 rewrite phase: 2\n", 55) = 55
[pid    23] gettid()                    = 23
[pid    23] write(2, "2023/01/16 17:57:54 [debug] 23#23: *5 test location: \"/\"\n", 57) = 57
[pid    23] gettid()                    = 23
[pid    23] write(2, "2023/01/16 17:57:54 [debug] 23#23: *5 using configuration \"/\"\n", 62) = 62
[pid    23] gettid()                    = 23
[pid    23] write(2, "2023/01/16 17:57:54 [debug] 23#23: *5 http cl:-1 max:1048576\n", 61) = 61
[pid    23] gettid()                    = 23
[pid    23] write(2, "2023/01/16 17:57:54 [debug] 23#23: *5 rewrite phase: 4\n", 55) = 55
[pid    23] gettid()                    = 23
[pid    23] write(2, "2023/01/16 17:57:54 [debug] 23#23: *5 rewrite phase: 5\n", 55) = 55
[pid    23] gettid()                    = 23
[pid    23] write(2, "2023/01/16 17:57:54 [debug] 23#23: *5 post rewrite phase: 6\n", 60) = 60
[pid    23] gettid()                    = 23
[pid    23] write(2, "2023/01/16 17:57:54 [debug] 23#23: *5 generic phase: 7\n", 55) = 55
[pid    23] gettid()                    = 23
[pid    23] write(2, "2023/01/16 17:57:54 [debug] 23#23: *5 generic phase: 8\n", 55) = 55
[pid    23] gettid()                    = 23
[pid    23] write(2, "2023/01/16 17:57:54 [debug] 23#23: *5 generic phase: 9\n", 55) = 55
[pid    23] gettid()                    = 23
[pid    23] write(2, "2023/01/16 17:57:54 [debug] 23#23: *5 access phase: 10\n", 55) = 55
[pid    23] gettid()                    = 23
[pid    23] write(2, "2023/01/16 17:57:54 [debug] 23#23: *5 access phase: 11\n", 55) = 55
[pid    23] gettid()                    = 23
[pid    23] write(2, "2023/01/16 17:57:54 [debug] 23#23: *5 access phase: 12\n", 55) = 55
[pid    23] gettid()                    = 23
[pid    23] write(2, "2023/01/16 17:57:54 [debug] 23#23: *5 access phase: 13\n", 55) = 55
[pid    23] gettid()                    = 23
[pid    23] write(2, "2023/01/16 17:57:54 [debug] 23#23: *5 lua access handler, uri:\"/1K\" c:1\n", 72) = 72
[pid    23] gettid()                    = 23
[pid    23] write(2, "2023/01/16 17:57:54 [debug] 23#23: *5 code cache lookup (key='access_by_lua_nhli_3398e7a566b3a1fa055e4272e61683f3', ref=1)\n", 123) = 123
[pid    23] gettid()                    = 23
[pid    23] write(2, "2023/01/16 17:57:54 [debug] 23#23: *5 code cache hit (key='access_by_lua_nhli_3398e7a566b3a1fa055e4272e61683f3', ref=1)\n", 120) = 120
[pid    23] gettid()                    = 23
[pid    23] write(2, "2023/01/16 17:57:54 [debug] 23#23: *5 lua creating new thread\n", 62) = 62
[pid    23] gettid()                    = 23
[pid    23] write(2, "2023/01/16 17:57:54 [debug] 23#23: *5 lua reusing cached lua thread 00007F60F4FAAED0 (ref 1)\n", 93) = 93
[pid    23] gettid()                    = 23
[pid    23] write(2, "2023/01/16 17:57:54 [debug] 23#23: *5 lua reset ctx\n", 52) = 52
[pid    23] gettid()                    = 23
[pid    23] write(2, "2023/01/16 17:57:54 [debug] 23#23: *5 http lua finalize threads\n", 64) = 64
[pid    23] gettid()                    = 23
[pid    23] write(2, "2023/01/16 17:57:54 [debug] 23#23: *5 http cleanup add: 00007F60F51070D8\n", 73) = 73
[pid    23] gettid()                    = 23
[pid    23] write(2, "2023/01/16 17:57:54 [debug] 23#23: *5 lua run thread, top:0 c:1\n", 64) = 64
[pid    23] gettid()                    = 23
[pid    23] write(2, "2023/01/16 17:57:54 [error] 23#23: *5 [lua] access_by_lua(nginx.conf:45):2: access_lua_block HTTPS, client: 192.168.48.1, server: , request: \"GET /1K HTTP/1.1\", host: \"localhost\"\n", 179) = 179
[pid    23] gettid()                    = 23
[pid    23] write(2, "2023/01/16 17:57:54 [debug] 23#23: *5 lua resume returned 0\n", 60) = 60
[pid    23] gettid()                    = 23
[pid    23] write(2, "2023/01/16 17:57:54 [debug] 23#23: *5 lua light thread ended normally\n", 70) = 70
[pid    23] gettid()                    = 23
[pid    23] write(2, "2023/01/16 17:57:54 [debug] 23#23: *5 lua deleting light thread 00007F60F4FAAED0 (ref 1)\n", 89) = 89
[pid    23] gettid()                    = 23
[pid    23] write(2, "2023/01/16 17:57:54 [debug] 23#23: *5 lua caching unused lua thread 00007F60F4FAAED0 (ref 1)\n", 93) = 93
[pid    23] gettid()                    = 23
[pid    23] write(2, "2023/01/16 17:57:54 [debug] 23#23: *5 post access phase: 14\n", 60) = 60
[pid    23] gettid()                    = 23
[pid    23] write(2, "2023/01/16 17:57:54 [debug] 23#23: *5 generic phase: 15\n", 56) = 56
[pid    23] gettid()                    = 23
[pid    23] write(2, "2023/01/16 17:57:54 [debug] 23#23: *5 generic phase: 16\n", 56) = 56
[pid    23] gettid()                    = 23
[pid    23] write(2, "2023/01/16 17:57:54 [debug] 23#23: *5 content phase: 17\n", 56) = 56
[pid    23] gettid()                    = 23
[pid    23] write(2, "2023/01/16 17:57:54 [debug] 23#23: *5 content phase: 18\n", 56) = 56
[pid    23] gettid()                    = 23
[pid    23] write(2, "2023/01/16 17:57:54 [debug] 23#23: *5 content phase: 19\n", 56) = 56
[pid    23] gettid()                    = 23
[pid    23] write(2, "2023/01/16 17:57:54 [debug] 23#23: *5 content phase: 20\n", 56) = 56
[pid    23] gettid()                    = 23
[pid    23] write(2, "2023/01/16 17:57:54 [debug] 23#23: *5 content phase: 21\n", 56) = 56
[pid    23] gettid()                    = 23
[pid    23] write(2, "2023/01/16 17:57:54 [debug] 23#23: *5 content phase: 22\n", 56) = 56
[pid    23] gettid()                    = 23
[pid    23] write(2, "2023/01/16 17:57:54 [debug] 23#23: *5 http filename: \"/data/1K\"\n", 64) = 64
[pid    23] gettid()                    = 23
[pid    23] write(2, "2023/01/16 17:57:54 [debug] 23#23: *5 add cleanup: 00007F60F5107A30\n", 68) = 68
[pid    23] open("/data/1K", O_RDONLY|O_NONBLOCK|O_LARGEFILE) = 4
[pid    23] fstat(4, {st_dev=makedev(0, 0x2f), st_ino=5315, st_mode=S_IFREG|0644, st_nlink=1, st_uid=505, st_gid=20, st_blksize=4096, st_blocks=8, st_size=1024, st_atime=1673890312 /* 2023-01-16T17:31:52+0000 */, st_atime_nsec=0, st_mtime=1673889455 /* 2023-01-16T17:17:35+0000 */, st_mtime_nsec=0, st_ctime=1673889455 /* 2023-01-16T17:17:35+0000 */, st_ctime_nsec=0}) = 0
[pid    23] gettid()                    = 23
[pid    23] write(2, "2023/01/16 17:57:54 [debug] 23#23: *5 http static fd: 4\n", 56) = 56
[pid    23] gettid()                    = 23
[pid    23] write(2, "2023/01/16 17:57:54 [debug] 23#23: *5 http set discard body\n", 60) = 60
[pid    23] gettid()                    = 23
[pid    23] write(2, "2023/01/16 17:57:54 [debug] 23#23: *5 lua capture header filter, uri \"/1K\"\n", 75) = 75
[pid    23] gettid()                    = 23
[pid    23] write(2, "2023/01/16 17:57:54 [debug] 23#23: *5 HTTP/1.1 200 OK\r\nServer: openresty/1.21.4.1\r\nDate: Mon, 16 Jan 2023 17:57:54 GMT\r\nContent-Type: text/plain\r\nContent-Length: 1024\r\nLast-Modified: Mon, 16 Jan 2023 17:17:35 GMT\r\nConnection: keep-alive\r\nETag: \"63c586af-400\"\r\nAccept-Ranges: bytes\r\n\n", 283) = 283
[pid    23] gettid()                    = 23
[pid    23] write(2, "2023/01/16 17:57:54 [debug] 23#23: *5 write new buf t:1 f:0 00007F60F5107C18, pos 00007F60F5107C18, size: 246 file: 0, size: 0\n", 127) = 127
[pid    23] gettid()                    = 23
[pid    23] write(2, "2023/01/16 17:57:54 [debug] 23#23: *5 http write filter: l:0 f:0 s:246\n", 71) = 71
[pid    23] gettid()                    = 23
[pid    23] write(2, "2023/01/16 17:57:54 [debug] 23#23: *5 http output filter \"/1K?\"\n", 64) = 64
[pid    23] gettid()                    = 23
[pid    23] write(2, "2023/01/16 17:57:54 [debug] 23#23: *5 http copy filter: \"/1K?\"\n", 63) = 63
[pid    23] gettid()                    = 23
[pid    23] write(2, "2023/01/16 17:57:54 [debug] 23#23: *5 read: 4, 00007F60F5107E08, 1024, 0\n", 73) = 73
[pid    23] pread64(4, "b\16\205\206Q\216X\311\237\220\356\375Q1\231K>\302\202\350\277\\\317\207\375A\3659\20\25\232\230\361M\311H\315\250\332\23\240\37qZ>j\372\25\201\341C\2718\222\f\225\34Q\0H\346\323{\6@\302\324\240\356\321\247\224\341\221N\374\342\206\303\377ZBE\242\341\326c\1*\27|\222\3132\31^\5\270S\6\3060*hb\253\306\320\223\253\35\252\306\2046\317\272\v\310B\31\376\230\322\304f\234:\325\242\362\220a\304\216\337\7\273+\211O\35\242n\344\364b\2540\264\366\0\307\230\324\343\34\22\313w\2179\342\213\v?\377.\327\322\17\304\340@a\33\243\301J\360<\223B\25\356\2322\0\31\272\270#\276\251\242\26\17F\221\327\301NHaU=\237\333vW'\304\236\335\235\202\236\221\231\0L\224S\271\235\201\374\263B$y%\6\253\307Hw=\340\32Vfh\356\4\235\226\355\313`\2204\204\340\257M,U\34\3632\203\22\214W\260\245\306\356(\0`\16\375\3\272h\205\351\305\340VE\257\352w\343C\322\0;\300\273\202\363\3446!\231{\0\325\365f\330\3}\2635SVDM$\250\343e\nX\200\230\206\324}\rgI\231\375\277\335y\217\314\266\315\352\20*\365\245K\200\261B\26\247\260\253^\r\3\2231\220\303\t8\252\214zE\234\224\255\352f\5\213\324/\330\377\266?\220\232\275U\270\310\"@\34|\277\272\375%\0\3756\314y~Q~)\f\360X\4Ip\225\370th/s\301\201\250v\313\r\352\250\201\31\264b?\270\rDD\337\"~\250&\354\357\t\274\\\5\336E\341\3%\333\276\233\350\305\262\256RE\262\302\215K\344\0-D2\20\245\264*\237\361\304\32[\260\325\370\215~\213\307X\321\25\2665\23\324\17W\177\24\344Z\2376\236\3506\245P]Q\272\254\274\253\0330m\365l\35\30\rB\262\302%\372\206\35\341\204\34V\231{\25\261YW\202*\226\206>\24\332\213\35[A\371N\320\325\315\301\"n\365\266\202\251\3162\270wp\"x\270\344\31$\207@n\177'\250+\362\315\250\271\307\247T\374\6\1\2664\254\301\330\26\371\206\312\360\263\332\0i\257\250\245v\210\366\336\274\316\321-\353y\246s\337\356\247\313\246TsM;{'h\203\363\275o\\x\243fW\177\347\273\304F` \0361\350\234t`\373\230\361Q\345h;c\233\206h\261m\323\271\274\335\342\244|\271\373\330>\32)~\26\r \346\f\264ZgD\27\245k=Q/\316K\22>\6\17;\226\10=l2\1\354\244\263\\eb\262\300\0226\367\361\325\177\225/\244\363y\3160\361\267\7d\334\26g\247+\341\344\277\3307l\357@\272\222d\242e\246\205B,\312k\347\375\0202g\301\316\311K\275\217k0y=1\225'\265\303\322\377U\333\376\313\360S-J\247o\3140\7\t\31\302R!\356\377\0\367\242\1\367\6\236L[\351\335\224\241\36\336\5\357'\340\373\5\223\f\325\254\31\336%\227\23D\320\335\374\252\267\360\214\262\331\"\365Bz+q8oq\372\257.8x_\\\316\276\325?\264\364\311\r\323)\5\365\243Zh\241\252\276\20S\342\267\201\373\341\217\341\366\313X\315\323e\326\25<\254W\223\205\6IaN\323\253~\244\302\206rh\326\301M\0\302\0247\214=c\24\3156v\215\257h\341F4\n\1l<\277\210L\226P\353%\331\236\3728\371\350\341P\232\21t\365\233\212\267\244\236?\252\2457$\362\337\1\355F\361\320\27\333\236F\31\245\231\200\34o\2466\364\340jkz\206\v\371\263\33\r\247\245%1\201\217\261\256\254\266z\334iW\207~cza\243\240z\267\220\367\7\24w\310j2\0234\326\310cB\326\374\261!&\261\272\224", 1024, 0) = 1024
[pid    23] gettid()                    = 23
[pid    23] write(2, "2023/01/16 17:57:54 [debug] 23#23: *5 lua capture body filter, uri \"/1K\"\n", 73) = 73
[pid    23] gettid()                    = 23
[pid    23] write(2, "2023/01/16 17:57:54 [debug] 23#23: *5 http postpone filter \"/1K?\" 00007F60F5108208\n", 83) = 83
[pid    23] gettid()                    = 23
[pid    23] write(2, "2023/01/16 17:57:54 [debug] 23#23: *5 write old buf t:1 f:0 00007F60F5107C18, pos 00007F60F5107C18, size: 246 file: 0, size: 0\n", 127) = 127
[pid    23] gettid()                    = 23
[pid    23] write(2, "2023/01/16 17:57:54 [debug] 23#23: *5 write new buf t:1 f:0 00007F60F5107E08, pos 00007F60F5107E08, size: 1024 file: 0, size: 0\n", 128) = 128
[pid    23] gettid()                    = 23
[pid    23] write(2, "2023/01/16 17:57:54 [debug] 23#23: *5 http write filter: l:1 f:0 s:1270\n", 72) = 72
[pid    23] gettid()                    = 23
[pid    23] write(2, "2023/01/16 17:57:54 [debug] 23#23: *5 http write filter limit 2097152\n", 70) = 70
[pid    23] gettid()                    = 23
[pid    23] write(2, "2023/01/16 17:57:54 [debug] 23#23: *5 posix_memalign: 00007F60F50C1250:512 @16\n", 79) = 79
[pid    23] gettid()                    = 23
[pid    23] write(2, "2023/01/16 17:57:54 [debug] 23#23: *5 malloc: 00007F60F502F600:16384\n", 69) = 69
[pid    23] gettid()                    = 23
[pid    23] write(2, "2023/01/16 17:57:54 [debug] 23#23: *5 SSL buf copy: 246\n", 56) = 56
[pid    23] gettid()                    = 23
[pid    23] write(2, "2023/01/16 17:57:54 [debug] 23#23: *5 SSL buf copy: 1024\n", 57) = 57
[pid    23] gettid()                    = 23
[pid    23] write(2, "2023/01/16 17:57:54 [debug] 23#23: *5 SSL to write: 1270\n", 57) = 57
[pid    23] write(3, "\27\3\1\5\20*\337\303\274\214\26\260\33\363\215\27BB\2127\3522jJcK\226\242\"\252\364x#\254\223q\n\307K\307\3331bwM\276\356;:A \247\235\224\346n\22r\343Ki\371.[\367\24f\323P\2476\276\360.\23n\361Mr\4@\300\367\343\327\330Z\276\205F\0100Z\346rsfl=f`\32\v\232\t\267\333\363\37\20\257'\220\263\334+\316[k\332\247\266\345@\200\334\210k\343}\252\10J<?\3373\272N!D\334L\2\272\345\"_H3#\23\204\263\347PB\325L\205G\340\326t\262@^\225\346p:\355'\214\233,\220\2507\244\222Vic\244\260r\r\372g\360\354\333Y\177\0273\311\300\351N\356\303\301@\362\241\33\223\n\327\202\236\211\257J\3474\235x`\7o\305\247~c\0035\223\266L[\255\3769\225\33\1qz\341(\3T\322\247\2316\310@\366\277\252\227\273\361I\377\203\210\253\346\317\303\177=;x\377\322\222\266\225\237\327rJ\256\271\334\203ks\303\f\347'L\252*7\7i|\23\355\\\23ea\17\32\371\370\200~\230[A\330\21\310\4\250\201\262\301\2553t^\\\233:\"\30\305\334\1rW\22\254\357cS\222\237\0\233<\265c\233\200\341&7w\22\36\211\353\3324[\v\241\375q\233z\31\275S\230o\303\34\362\210\275s\376\250~\246e\266\24\331\31\271]Nl<?\341\265\252\343\266H\346*\301\20\214'\2746Z\2762\325h\245\305\271\211\"\225\37w\273`K\223/\244N\231c\354\246\326\360{\23\24\342\210T\200d\255c\340\311\261\22\26L@|JR{\216:\210\27S=\226c\f0\213:\211X\16\343\203\357\204r\35-\306\231?v\306\357\314\5\333T\274\3042n\332J\21\211\305T\fJ\32,\314\270L\6P\322\3353\271<~\221 \225b>2g\371&\252\320\22\233\207\337\313\362\250v>W\16\255Z\342\264$E\204\213\205b\207a[\217\314p\3C\222)S\227\306\1\0326\372HUr\202\212#\354\350\235*!\246h3\274\374Q\250'\35\0\6\322m\323t\355n\340\6Q\304$\271X\2655f\"\252'5\235\361\340(\235\235\t(b\263\276\313\275\252d\247\306\333\216&\211Q23Y\2242\5\312O\250\2R\24\211\350\225\237\377.^\347\200xP\236\16\5\204\274w\376\275 \232#\203LZ\362xp\320\323\361u\225 x\322\240\345\245\212\253\345\236\255<\315\17\3241\3213!*\221'2wT\207\37\32\233y\325\252\367\236;\31vq{\177\367\256\342\372@\\:\256t\204Au\227\17\345D\0\322\312\302\256+\242\316*\311\320\361\335fE\370\205rCS\0264\231\360\r:\313\4\273\373^\275\5\331K~\345T\255V&)\234,\2560\262\r\352\220\323\1\356\337\230w\\\3061\3317E\17\234\237\361\223\f\363\352\275P8\177\322\226\316\1\335m\211L\356?\325\313z\205\241\245j+sn\227$\26:\16E\346\7+\36c\256\1\r\232\317a\200Z\354\336\340\226\374%l\3327V\354=\337\234t\217\31\372\216e\234\212Me\327M\374\231\274\325\240\376\2146k.(\312\344\266g\331\235\213V\4\265\6j\243%\213\224\307\371\313\332\247%\300&\30./Q\232\247\324\242s`\10\306O\207\350O/j\4\245\263\323\r\204\336mq\20\311\340hq\202_\321\33:\257\352A:]\5R\333\276\371\341T8ahYA\241{\315\323L%\243D\265\346e\243Z\236En\334R:\4\232\t\27)+S]\241e\337\340^\2014\265\5\314\31\4\347\323\316(\1Q!\271\372\21N<!CB1\2744\r\200\\@\226\325\277?\177O\305\312\222\344h\314\326\260\304\367\350\367y\335\326\264\342\2137r>\201\356lp\372(\322!\3572\17]\231\24\343w\246T\\x\314\375t\200Z,\241\323C\275\34i\360\270\322\251\245\351\363q\36\256\245a0\272\3005\346\332\303\330&O\214\300\336\373\17\301\370\302\2224Rg\216\17d\177\16D\264\220\210\247d\206\230q\241Y$\344\226f\367t;\345&\3Zb\3763SR3{w\360A\254\337~0\242x\277\324\256\211\23\3732\r]5\5\35\314\3030\320\330\271(\361\223\367\373Y\222\332C\253mO\255\272\1\4\17i\3\27\3031\315\33\33Q\375\n\254\356)0\212\201\323\241<\215\313\253\270\fMH,\304\331\254\tGU\0\6\322\370\313\240\37\5\221>\\\1\376\373\265\364tj=,8@&\31\305B=\36\252p\337\342\232F\271\376\"\26\217\254\271\260\2BH\16w\254Z\213hx\22\25\211\361\360\227}q.p\4\372\310`\342#\354e2\204/\5.\274\341r\347\276H]\352\232\10b", 1301) = 1301
[pid    23] madvise(0x7f60f5039000, 12288, MADV_FREE) = 0
[pid    23] gettid()                    = 23
[pid    23] write(2, "2023/01/16 17:57:54 [debug] 23#23: *5 SSL_write: 1270\n", 54) = 54
[pid    23] gettid()                    = 23
[pid    23] write(2, "2023/01/16 17:57:54 [debug] 23#23: *5 http write filter 0000000000000000\n", 73) = 73
[pid    23] gettid()                    = 23
[pid    23] write(2, "2023/01/16 17:57:54 [debug] 23#23: *5 http copy filter: 0 \"/1K?\"\n", 65) = 65
[pid    23] gettid()                    = 23
[pid    23] write(2, "2023/01/16 17:57:54 [debug] 23#23: *5 http finalize request: 0, \"/1K?\" a:1, c:1\n", 80) = 80
[pid    23] gettid()                    = 23
[pid    23] write(2, "2023/01/16 17:57:54 [debug] 23#23: *5 set http keepalive handler\n", 65) = 65
[pid    23] gettid()                    = 23
[pid    23] write(2, "2023/01/16 17:57:54 [debug] 23#23: *5 http close request\n", 57) = 57
[pid    23] gettid()                    = 23
[pid    23] write(2, "2023/01/16 17:57:54 [debug] 23#23: *5 lua request cleanup: forcible=0\n", 70) = 70
[pid    23] gettid()                    = 23
[pid    23] write(2, "2023/01/16 17:57:54 [debug] 23#23: *5 http lua finalize threads\n", 64) = 64
[pid    23] gettid()                    = 23
[pid    23] write(2, "2023/01/16 17:57:54 [debug] 23#23: *5 http log handler\n", 55) = 55
[pid    23] write(8, "192.168.48.1 - - [16/Jan/2023:17:57:54 +0000] \"GET /1K HTTP/1.1\" 200 1024 \"-\" \"curl/7.79.1\"\n", 92) = 92
[pid    23] gettid()                    = 23
[pid    23] write(2, "2023/01/16 17:57:54 [debug] 23#23: *5 run cleanup: 00007F60F5107A30\n", 68) = 68
[pid    23] gettid()                    = 23
[pid    23] write(2, "2023/01/16 17:57:54 [debug] 23#23: *5 file cleanup: fd:4\n", 57) = 57
[pid    23] close(4)                    = 0
[pid    23] gettid()                    = 23
[pid    23] write(2, "2023/01/16 17:57:54 [debug] 23#23: *5 free: 00007F60F5106110, unused: 0\n", 72) = 72
[pid    23] gettid()                    = 23
[pid    23] write(2, "2023/01/16 17:57:54 [debug] 23#23: *5 free: 00007F60F5107650, unused: 939\n", 74) = 74
[pid    23] gettid()                    = 23
[pid    23] write(2, "2023/01/16 17:57:54 [debug] 23#23: *5 free: 00007F60F50FF080\n", 61) = 61
[pid    23] munmap(0x7f60f50ff000, 8192) = 0
[pid    23] gettid()                    = 23
[pid    23] write(2, "2023/01/16 17:57:54 [debug] 23#23: *5 hc free: 0000000000000000\n", 64) = 64
[pid    23] gettid()                    = 23
[pid    23] write(2, "2023/01/16 17:57:54 [debug] 23#23: *5 hc busy: 0000000000000000 0\n", 66) = 66
[pid    23] gettid()                    = 23
[pid    23] write(2, "2023/01/16 17:57:54 [debug] 23#23: *5 free: 00007F60F502F600\n", 61) = 61
[pid    23] madvise(0x7f60f5030000, 12288, MADV_FREE) = 0
[pid    23] gettid()                    = 23
[pid    23] write(2, "2023/01/16 17:57:54 [debug] 23#23: *5 reusable connection: 1\n", 61) = 61
[pid    23] gettid()                    = 23
[pid    23] write(2, "2023/01/16 17:57:54 [debug] 23#23: *5 event timer add: 3: 75000:387831328\n", 74) = 74
[pid    23] gettid()                    = 23
[pid    23] write(2, "2023/01/16 17:57:54 [debug] 23#23: timer delta: 4\n", 50) = 50
[pid    23] gettid()                    = 23
[pid    23] write(2, "2023/01/16 17:57:54 [debug] 23#23: worker cycle\n", 48) = 48
[pid    23] gettid()                    = 23
[pid    23] write(2, "2023/01/16 17:57:54 [debug] 23#23: epoll timer: 75000\n", 54) = 54
[pid    23] epoll_pwait(10, [{events=EPOLLIN|EPOLLRDHUP, data={u32=4110699424, u64=140054404287392}}], 512, 75000, NULL, 8) = 1
[pid    23] clock_gettime(CLOCK_REALTIME, {tv_sec=1673891874, tv_nsec=326212000}) = 0
[pid    23] clock_gettime(CLOCK_MONOTONIC, {tv_sec=387756, tv_nsec=396673239}) = 0
[pid    23] gettid()                    = 23
[pid    23] write(2, "2023/01/16 17:57:54 [debug] 23#23: epoll: fd:3 ev:2001 d:00007F60F5044BA0\n", 74) = 74
[pid    23] gettid()                    = 23
[pid    23] write(2, "2023/01/16 17:57:54 [debug] 23#23: *5 http keepalive handler\n", 61) = 61
[pid    23] mmap(NULL, 8192, PROT_READ|PROT_WRITE, MAP_PRIVATE|MAP_ANONYMOUS, -1, 0) = 0x7f60f50ff000
[pid    23] gettid()                    = 23
[pid    23] write(2, "2023/01/16 17:57:54 [debug] 23#23: *5 malloc: 00007F60F50FF010:1024\n", 68) = 68
[pid    23] read(3, "\25\3\1\0 \302\3409\323g&\264\235f\204G\241\261\213o\2008\22\0\263\255V\7'\226#&\260\340p\373#", 16709) = 37
[pid    23] gettid()                    = 23
[pid    23] write(2, "2023/01/16 17:57:54 [debug] 23#23: *5 SSL_read: 0\n", 50) = 50
[pid    23] gettid()                    = 23
[pid    23] write(2, "2023/01/16 17:57:54 [debug] 23#23: *5 SSL_get_error: 6\n", 55) = 55
[pid    23] gettid()                    = 23
[pid    23] write(2, "2023/01/16 17:57:54 [debug] 23#23: *5 peer shutdown SSL cleanly\n", 64) = 64
[pid    23] gettid()                    = 23
[pid    23] write(2, "2023/01/16 17:57:54 [info] 23#23: *5 client 192.168.48.1 closed keepalive connection\n", 85) = 85
[pid    23] gettid()                    = 23
[pid    23] write(2, "2023/01/16 17:57:54 [debug] 23#23: *5 close http connection: 3\n", 63) = 63
[pid    23] gettid()                    = 23
[pid    23] write(2, "2023/01/16 17:57:54 [debug] 23#23: *5 SSL_shutdown: 1\n", 54) = 54
[pid    23] madvise(0x7f60f5030000, 12288, MADV_FREE) = 0
[pid    23] munmap(0x7f60f510b000, 8192) = 0
[pid    23] gettid()                    = 23
[pid    23] write(2, "2023/01/16 17:57:54 [debug] 23#23: *5 event timer del: 3: 387831328\n", 68) = 68
[pid    23] gettid()                    = 23
[pid    23] write(2, "2023/01/16 17:57:54 [debug] 23#23: *5 reusable connection: 0\n", 61) = 61
[pid    23] close(3)                    = 0
[pid    23] gettid()                    = 23
[pid    23] write(2, "2023/01/16 17:57:54 [debug] 23#23: *5 free: 00007F60F50FF010\n", 61) = 61
[pid    23] gettid()                    = 23
[pid    23] write(2, "2023/01/16 17:57:54 [debug] 23#23: *5 free: 0000000000000000\n", 61) = 61
[pid    23] gettid()                    = 23
[pid    23] write(2, "2023/01/16 17:57:54 [debug] 23#23: *5 free: 00007F60F5101260, unused: 8\n", 72) = 72
[pid    23] gettid()                    = 23
[pid    23] write(2, "2023/01/16 17:57:54 [debug] 23#23: *5 free: 00007F60F50C1250, unused: 400\n", 74) = 74
[pid    23] munmap(0x7f60f50ff000, 8192) = 0
[pid    23] gettid()                    = 23
[pid    23] write(2, "2023/01/16 17:57:54 [debug] 23#23: timer delta: 68\n", 51) = 51
[pid    23] gettid()                    = 23
[pid    23] write(2, "2023/01/16 17:57:54 [debug] 23#23: worker cycle\n", 48) = 48
[pid    23] gettid()                    = 23
[pid    23] write(2, "2023/01/16 17:57:54 [debug] 23#23: epoll timer: -1\n", 51) = 51
[pid    23] epoll_pwait(10,
