[pid    23] epoll_pwait(10, [{events=EPOLLIN, data={u32=2224797904, u64=140224317077712}}], 512, -1, NULL, 8) = 1
[pid    23] clock_gettime(CLOCK_REALTIME, {tv_sec=1673892835, tv_nsec=542127000}) = 0
[pid    23] clock_gettime(CLOCK_MONOTONIC, {tv_sec=388717, tv_nsec=612253239}) = 0
[pid    23] gettid()                    = 23
[pid    23] write(2, "2023/01/16 18:13:55 [debug] 23#23: epoll: fd:6 ev:0001 d:00007F88849BB8D0\n", 74) = 74
[pid    23] gettid()                    = 23
[pid    23] write(2, "2023/01/16 18:13:55 [debug] 23#23: accept on 0.0.0.0:443, ready: 0\n", 67) = 67
[pid    23] accept4(6, {sa_family=AF_INET, sin_port=htons(37184), sin_addr=inet_addr("192.168.48.1")}, [112 => 16], SOCK_CLOEXEC|SOCK_NONBLOCK) = 3
[pid    23] gettid()                    = 23
[pid    23] write(2, "2023/01/16 18:13:55 [debug] 23#23: posix_memalign: 00007F8884A38030:512 @16\n", 76) = 76
[pid    23] gettid()                    = 23
[pid    23] write(2, "2023/01/16 18:13:55 [debug] 23#23: *3 accept: 192.168.48.1:37184 fd:3\n", 70) = 70
[pid    23] gettid()                    = 23
[pid    23] write(2, "2023/01/16 18:13:55 [debug] 23#23: *3 event timer add: 3: 60000:388777612\n", 74) = 74
[pid    23] gettid()                    = 23
[pid    23] write(2, "2023/01/16 18:13:55 [debug] 23#23: *3 reusable connection: 1\n", 61) = 61
[pid    23] gettid()                    = 23
[pid    23] write(2, "2023/01/16 18:13:55 [debug] 23#23: *3 epoll add event: fd:3 op:1 ev:80002001\n", 77) = 77
[pid    23] epoll_ctl(10, EPOLL_CTL_ADD, 3, {events=EPOLLIN|EPOLLRDHUP|EPOLLET, data={u32=2224798624, u64=140224317078432}}) = 0
[pid    23] gettid()                    = 23
[pid    23] write(2, "2023/01/16 18:13:55 [debug] 23#23: timer delta: 241175\n", 55) = 55
[pid    23] gettid()                    = 23
[pid    23] write(2, "2023/01/16 18:13:55 [debug] 23#23: worker cycle\n", 48) = 48
[pid    23] gettid()                    = 23
[pid    23] write(2, "2023/01/16 18:13:55 [debug] 23#23: epoll timer: 60000\n", 54) = 54
[pid    23] epoll_pwait(10, [{events=EPOLLIN, data={u32=2224798624, u64=140224317078432}}], 512, 60000, NULL, 8) = 1
[pid    23] clock_gettime(CLOCK_REALTIME, {tv_sec=1673892835, tv_nsec=555662000}) = 0
[pid    23] clock_gettime(CLOCK_MONOTONIC, {tv_sec=388717, tv_nsec=626193239}) = 0
[pid    23] gettid()                    = 23
[pid    23] write(2, "2023/01/16 18:13:55 [debug] 23#23: epoll: fd:3 ev:0001 d:00007F88849BBBA0\n", 74) = 74
[pid    23] gettid()                    = 23
[pid    23] write(2, "2023/01/16 18:13:55 [debug] 23#23: *3 http check ssl handshake\n", 63) = 63
[pid    23] recvfrom(3, "\26", 1, MSG_PEEK, NULL, NULL) = 1
[pid    23] gettid()                    = 23
[pid    23] write(2, "2023/01/16 18:13:55 [debug] 23#23: *3 http recv(): 1\n", 53) = 53
[pid    23] gettid()                    = 23
[pid    23] write(2, "2023/01/16 18:13:55 [debug] 23#23: *3 https ssl handshake: 0x16\n", 64) = 64
[pid    23] gettid()                    = 23
[pid    23] write(2, "2023/01/16 18:13:55 [debug] 23#23: *3 tcp_nodelay\n", 50) = 50
[pid    23] setsockopt(3, SOL_TCP, TCP_NODELAY, [1], 4) = 0
[pid    23] mmap(NULL, 8192, PROT_READ|PROT_WRITE, MAP_PRIVATE|MAP_ANONYMOUS, -1, 0) = 0x7f8884a82000
[pid    23] gettid()                    = 23
[pid    23] write(2, "2023/01/16 18:13:55 [debug] 23#23: *3 reusable connection: 0\n", 61) = 61
[pid    23] mmap(NULL, 24576, PROT_READ|PROT_WRITE, MAP_PRIVATE|MAP_ANONYMOUS, -1, 0) = 0x7f8884a72000
[pid    23] read(3, "\26\3\1\1:\1\0\0016\3\3\360\223\4q\217\266\177\203\254\353\360\277\4\270\263\357\272\320Nk\351\25\227B\354\304\202\314p\314\237\357 E<&FX&\276\2166-,\221T\254\244c\300M.\27\366B\343\365\17\352NM\347|$E\0b\23\2\23\3\23\1\3000\300,\300(\300$\300\24\300\n\0\237\0k\09\314\251\314\250\314\252\377\205\0\304\0\210\0\201\0\235\0=\0005\0\300\0\204\300/\300+\300'\300#\300\23\300\t\0\236\0g\0003\0\276\0E\0\234\0<\0/\0\272\0A\300\21\300\7\0\5\0\4\300\22\300\10\0\26\0\n\0\377\1\0\0\213\0+\0\t\10\3\4\3\3\3\2\3\1\0003\0&\0$\0\35\0 \202\256\276\21!I,\317@?\312r\274\277\3357_i\307\252\177\312\2627\217\303w6\343\232\245\16\0\0\0\16\0\f\0\0\tlocalhost\0\v\0\2\1\0\0\n\0\n\0\10\0\35\0\27\0\30\0\31\0\r\0\30\0\26\10\6\6\1\6\3\10\5\5\1\5\3\10\4\4\1\4\3\2\1\2\3\0\20\0\16\0\f\2h2\10http/1.1", 16709) = 319
[pid    23] madvise(0x7f88849a7000, 12288, MADV_FREE) = 0
[pid    23] mmap(NULL, 8192, PROT_READ|PROT_WRITE, MAP_PRIVATE|MAP_ANONYMOUS, -1, 0) = 0x7f8884a70000
[pid    23] clock_gettime(CLOCK_REALTIME, {tv_sec=1673892835, tv_nsec=568244000}) = 0
[pid    23] getpid()                    = 23
[pid    23] getpid()                    = 23
[pid    23] clock_gettime(CLOCK_REALTIME, {tv_sec=1673892835, tv_nsec=569797000}) = 0
[pid    23] getpid()                    = 23
[pid    23] clock_gettime(CLOCK_REALTIME, {tv_sec=1673892835, tv_nsec=570371000}) = 0
[pid    23] getrandom("\x33\x1f\xb1\x94\x0b\x76\x75\x4f\xee\xea\x9d\x31\x34\x41\x76\x3d\x3c\xfc\x73\xec\x8a\xf9\x03\x8e\x89\x67\xf5\x83\xda\xb7\xa2\xa1", 32, 0) = 32
[pid    23] clock_gettime(CLOCK_REALTIME, {tv_sec=1673892835, tv_nsec=570512000}) = 0
[pid    23] clock_gettime(CLOCK_REALTIME, {tv_sec=1673892835, tv_nsec=570958000}) = 0
[pid    23] gettid()                    = 23
[pid    23] write(2, "2023/01/16 18:13:55 [debug] 23#23: *3 SSL server name: \"localhost\"\n", 67) = 67
[pid    23] getpid()                    = 23
[pid    23] getpid()                    = 23
[pid    23] clock_gettime(CLOCK_REALTIME, {tv_sec=1673892835, tv_nsec=572095000}) = 0
[pid    23] munmap(0x7f8884a70000, 8192) = 0
[pid    23] gettid()                    = 23
[pid    23] write(2, "2023/01/16 18:13:55 [debug] 23#23: *3 SSL ALPN supported by client: h2\n", 71) = 71
[pid    23] gettid()                    = 23
[pid    23] write(2, "2023/01/16 18:13:55 [debug] 23#23: *3 SSL ALPN supported by client: http/1.1\n", 77) = 77
[pid    23] gettid()                    = 23
[pid    23] write(2, "2023/01/16 18:13:55 [debug] 23#23: *3 SSL ALPN selected: http/1.1\n", 66) = 66
[pid    23] madvise(0x7f88849b0000, 12288, MADV_FREE) = 0
[pid    23] madvise(0x7f88849a7000, 12288, MADV_FREE) = 0
[pid    23] getpid()                    = 23
[pid    23] getpid()                    = 23
[pid    23] clock_gettime(CLOCK_REALTIME, {tv_sec=1673892835, tv_nsec=575796000}) = 0
[pid    23] getpid()                    = 23
[pid    23] clock_gettime(CLOCK_REALTIME, {tv_sec=1673892835, tv_nsec=577474000}) = 0
[pid    23] clock_gettime(CLOCK_REALTIME, {tv_sec=1673892835, tv_nsec=578136000}) = 0
[pid    23] getpid()                    = 23
[pid    23] getpid()                    = 23
[pid    23] clock_gettime(CLOCK_REALTIME, {tv_sec=1673892835, tv_nsec=579138000}) = 0
[pid    23] mmap(NULL, 4096, PROT_READ|PROT_WRITE, MAP_PRIVATE|MAP_ANONYMOUS, -1, 0) = 0x7f8884a90000
[pid    23] mmap(NULL, 16384, PROT_READ|PROT_WRITE, MAP_PRIVATE|MAP_ANONYMOUS, -1, 0) = 0x7f8884a6e000
[pid    23] munmap(0x7f8884a6e000, 16384) = 0
[pid    23] mmap(NULL, 16384, PROT_READ|PROT_WRITE, MAP_PRIVATE|MAP_ANONYMOUS, -1, 0) = 0x7f8884a6e000
[pid    23] munmap(0x7f8884a6e000, 16384) = 0
[pid    23] mmap(NULL, 4096, PROT_READ|PROT_WRITE, MAP_PRIVATE|MAP_ANONYMOUS, -1, 0) = 0x7f8884a81000
[pid    23] munmap(0x7f8884a81000, 4096) = 0
[pid    23] madvise(0x7f88849b0000, 12288, MADV_FREE) = 0
[pid    23] madvise(0x7f88849a7000, 12288, MADV_FREE) = 0
[pid    23] write(3, "\26\3\1\0l\2\0\0h\3\1\205\360\361\234\16\257{\236&E\33\34\204X\7\317\354gN\277t\270\305R\247')\253\370u\7\215 Y\321\350{#\310\321\6\34x\364\367\230v\273)\235\365\272\237\f=\352\252\0\1\275\276\256\336K\10\300\24\0\0 \377\1\0\1\0\0\0\0\0\0\v\0\4\3\0\1\2\0\20\0\v\0\t\10http/1.1\26\3\1\3=\v\0\39\0\0036\0\00330\202\3/0\202\2\27\240\3\2\1\2\2\24*fh\17\364IH!\246*\203*\216\206\307\243\303u\361R0\r\6\t*\206H\206\367\r\1\1\v\5\0000'1\v0\t\6\3U\4\6\23\2US1\0300\26\6\3U\4\3\f\17Example-Root-CA0\36\27\r230116172913Z\27\r251105172913Z0'1\v0\t\6\3U\4\6\23\2US1\0300\26\6\3U\4\3\f\17Example-Root-CA0\202\1\"0\r\6\t*\206H\206\367\r\1\1\1\5\0\3\202\1\17\0000\202\1\n\2\202\1\1\0\235c>xf|\267\321\276\334G\321t\353\3531\214{Fow\361<\310D\37\177\35\v\210\331t\5\20\230\31\330\241'\323'\35\313\321\3233\235(SU\371$`q\337\366\233\203\337\224\343\1TiEh\304\350\257\206t\244\201\2127M\335\237\"L\6O\251\25\300\310\324\337\231\rG\355k\37=\364l\324Y\20B.\34.d\320\324\2159&\275\235\21|\302f>\365\221}\33\240\354\260G\266Q\246c\351\1\241d\30\260B\335\22J\7_\254\213U\202\234\203\207\231\5\350\264im\252\323\3277\224b\265\233(\247\36\275uW=@\335t\256\f\343\317\300\251\323!Q\240\25E\17\375vP\22\277=\2240\212\t\210\214s\330\377\177\3,i\300\20\247\16d\177,d\245\362o\256\242yn\206`\372v\211r\234h \352\256h\375\304\303\215\t\376\270\320\260\276\353v$\267\226\343E\326\273x\357\366\345\357C\2\3\1\0\1\243S0Q0\35\6\3U\35\16\4\26\4\24\301o`\275\347\352\306'\10\212\351\251\324\3533H\214%\333\2510\37\6\3U\35#\4\0300\26\200\24\301o`\275\347\352\306'\10\212\351\251\324\3533H\214%\333\2510\17\6\3U\35\23\1\1\377\4\0050\3\1\1\3770\r\6\t*\206H\206\367\r\1\1\v\5\0\3\202\1\1\0\200\213\233\31\"\n(\275\202\314\213o(5A;\226i\21\202\253\315\31#d2E\335,\345\t\322\205\244\242\256\276r^X7\335Z\260\307f\262\314\2070\21b\27J\357[qk C\337_\324\226\303e\315\17\232)\370+\252$6I|Kb\4[b\206\202\375\320\325\275\2520\1\t\332\277\31\345@\351\333O\213f\265:\227\300X\t\237\354\3dr\341\262\33\245\226\342\345\200M\256%\330\314\265\23\244\301\237\352P\20\"\5\215\230J\336Dj\371\37\n\322*\217\362\212\226\3079\240\231w\22\300\205\303\267\334*\321\244\213~\3\2216q\344)\322\321\334\304\300\244\311\260\23\357\360\233&\376\332[i\317,\2141\213\276\376\323\253s\374\3045\355\237\24\354F s\310\373\237\371\2=L\251f\251L\262a\17\177L\34\34\213i_#a\341u\336\326\233wxY\240?\357\220\256\242RA2yy\335\337.A\26\3\1\1*\f\0\1&\3\0\35 M\317G3B9\261\177o\251!:z\274T\235\370Y\327\10 \352\5\315\223\341-F\326u\222n\1\0\24G\216\374\334\304\376\324:\35\t\354\35\261h\357x\242\r\312\332\273\310\236\231\340\327P\374Y8\202\270|\302\230\337K \320z6(\tB\265\257?\356\225\246\237P\275!\271\346R\363\274\272\307\247R\361\375\7Z\344\344\315\332g\347\374\16\16\357\22\304\v\374\17Y\262\374e\376\374\237\276C\331\204\237\t\372\240\372\30\205\f\274f\25\35\21\315\3\223\10\226\237\23v\275g\273\2BSP\35\33\262\230\322\366x\224\335\260x\305M%\24^\264x[&@\262\330\2\305\225\365\35\360D\17\275\265Ucg8\1\273\213\24\325P/\300W3\273\264\35qsB\4v\350\323\334\342\247X\300\253\2\254e\33\7\3i\354(T\27\331\335\25z\3430\322\24z6\\49J\\\26}<\350\232\261\241z\242\255F\323\271\241\277\274.\325\5\326n\237\361\215Y\214\2308\322Z\217\324\315\342\345\305\23\360\210\343&\304\10\273@\26\3\1\0\4\16\0\0\0", 1259) = 1259
[pid    23] read(3, 0x7f88849af763, 16709) = -1 EAGAIN (Resource temporarily unavailable)
[pid    23] madvise(0x7f88849b0000, 12288, MADV_FREE) = 0
[pid    23] gettid()                    = 23
[pid    23] write(2, "2023/01/16 18:13:55 [debug] 23#23: *3 SSL_do_handshake: -1\n", 59) = 59
[pid    23] gettid()                    = 23
[pid    23] write(2, "2023/01/16 18:13:55 [debug] 23#23: *3 SSL_get_error: 2\n", 55) = 55
[pid    23] gettid()                    = 23
[pid    23] write(2, "2023/01/16 18:13:55 [debug] 23#23: timer delta: 14\n", 51) = 51
[pid    23] gettid()                    = 23
[pid    23] write(2, "2023/01/16 18:13:55 [debug] 23#23: worker cycle\n", 48) = 48
[pid    23] gettid()                    = 23
[pid    23] write(2, "2023/01/16 18:13:55 [debug] 23#23: epoll timer: 59986\n", 54) = 54
[pid    23] epoll_pwait(10, [{events=EPOLLIN, data={u32=2224798624, u64=140224317078432}}], 512, 59986, NULL, 8) = 1
[pid    23] clock_gettime(CLOCK_REALTIME, {tv_sec=1673892835, tv_nsec=613291000}) = 0
[pid    23] clock_gettime(CLOCK_MONOTONIC, {tv_sec=388717, tv_nsec=683413239}) = 0
[pid    23] gettid()                    = 23
[pid    23] write(2, "2023/01/16 18:13:55 [debug] 23#23: epoll: fd:3 ev:0001 d:00007F88849BBBA0\n", 74) = 74
[pid    23] gettid()                    = 23
[pid    23] write(2, "2023/01/16 18:13:55 [debug] 23#23: *3 SSL handshake handler: 0\n", 63) = 63
[pid    23] read(3, "\26\3\1\0%\20\0\0! \331\257\221p,\267\2!\266\340\314!\352\333(\371\16\10\272}\310\231\3:,E@05\362\275f\24\3\1\0\1\1\26\3\1\0000\351\376\17\377&\f\321\267\366\245H\341\343.\230\245\r\204\364[FCq\351\tz\357\212@^\264'C\"\224\252u\274\211M\363``\333\244$\203*", 16709) = 101
[pid    23] mmap(NULL, 8192, PROT_READ|PROT_WRITE, MAP_PRIVATE|MAP_ANONYMOUS, -1, 0) = 0x7f8884a70000
[pid    23] munmap(0x7f8884a70000, 8192) = 0
[pid    23] mmap(NULL, 8192, PROT_READ|PROT_WRITE, MAP_PRIVATE|MAP_ANONYMOUS, -1, 0) = 0x7f8884a70000
[pid    23] munmap(0x7f8884a70000, 8192) = 0
[pid    23] madvise(0x7f88849a7000, 12288, MADV_FREE) = 0
[pid    23] mmap(NULL, 8192, PROT_READ|PROT_WRITE, MAP_PRIVATE|MAP_ANONYMOUS, -1, 0) = 0x7f8884a70000
[pid    23] munmap(0x7f8884a70000, 8192) = 0
[pid    23] madvise(0x7f88849b0000, 12288, MADV_FREE) = 0
[pid    23] mmap(NULL, 8192, PROT_READ|PROT_WRITE, MAP_PRIVATE|MAP_ANONYMOUS, -1, 0) = 0x7f8884a70000
[pid    23] munmap(0x7f8884a70000, 8192) = 0
[pid    23] madvise(0x7f88849a7000, 12288, MADV_FREE) = 0
[pid    23] write(3, "\24\3\1\0\1\1\26\3\1\0000\3148y\251\355\207:i _Wm\262\363\375]\2117\21+n\326\255t\216C\316Ww\305\377\371\23ex\322]4\35\215c_\266\313\317\33S\317", 59) = 59
[pid    23] munmap(0x7f8884a72000, 24576) = 0
[pid    23] gettid()                    = 23
[pid    23] write(2, "2023/01/16 18:13:55 [debug] 23#23: *3 SSL_do_handshake: 1\n", 58) = 58
[pid    23] gettid()                    = 23
[pid    23] write(2, "2023/01/16 18:13:55 [debug] 23#23: *3 SSL: TLSv1, cipher: \"ECDHE-RSA-AES256-SHA TLSv1 Kx=ECDH Au=RSA Enc=AES(256) Mac=SHA1\"\n", 124) = 124
[pid    23] gettid()                    = 23
[pid    23] write(2, "2023/01/16 18:13:55 [debug] 23#23: *3 reusable connection: 1\n", 61) = 61
[pid    23] gettid()                    = 23
[pid    23] write(2, "2023/01/16 18:13:55 [debug] 23#23: *3 http wait request handler\n", 64) = 64
[pid    23] mmap(NULL, 8192, PROT_READ|PROT_WRITE, MAP_PRIVATE|MAP_ANONYMOUS, -1, 0) = 0x7f8884a76000
[pid    23] gettid()                    = 23
[pid    23] write(2, "2023/01/16 18:13:55 [debug] 23#23: *3 malloc: 00007F8884A76040:1024\n", 68) = 68
[pid    23] read(3, "\27\3\1\0 n\302\253\250\2076\\!~{\303cu\31\20\22\273\4c\314\273G\357\266\374\2052\270\17\201\25h\27\3\1\0`w\272\315K\310E\325}\223\315\343>f\362\313\214\356\272\273u*v\231{\24\353@\235\350\330\356@\357]\352l\225\310\20\32\320\31\310\232\364\303\204\255\16\357M\277\274sq\245~m+\322T\231Z\22\247^\271\301\350$\373\1~\228\26B0\5\243\7\353\340\255\347\261\303\264\252$\34\346\227v\227\37", 16709) = 138
[pid    23] madvise(0x7f88849b0000, 12288, MADV_FREE) = 0
[pid    23] gettid()                    = 23
[pid    23] write(2, "2023/01/16 18:13:55 [debug] 23#23: *3 SSL_read: 75\n", 51) = 51
[pid    23] read(3, 0x7f88849a6573, 16709) = -1 EAGAIN (Resource temporarily unavailable)
[pid    23] madvise(0x7f88849a7000, 12288, MADV_FREE) = 0
[pid    23] gettid()                    = 23
[pid    23] write(2, "2023/01/16 18:13:55 [debug] 23#23: *3 SSL_read: -1\n", 51) = 51
[pid    23] gettid()                    = 23
[pid    23] write(2, "2023/01/16 18:13:55 [debug] 23#23: *3 SSL_get_error: 2\n", 55) = 55
[pid    23] gettid()                    = 23
[pid    23] write(2, "2023/01/16 18:13:55 [debug] 23#23: *3 reusable connection: 0\n", 61) = 61
[pid    23] gettid()                    = 23
[pid    23] write(2, "2023/01/16 18:13:55 [debug] 23#23: *3 posix_memalign: 00007F8884A7D0E0:4096 @16\n", 80) = 80
[pid    23] gettid()                    = 23
[pid    23] write(2, "2023/01/16 18:13:55 [debug] 23#23: *3 http process request line\n", 64) = 64
[pid    23] gettid()                    = 23
[pid    23] write(2, "2023/01/16 18:13:55 [debug] 23#23: *3 http request line: \"GET /1K HTTP/1.1\"\n", 76) = 76
[pid    23] gettid()                    = 23
[pid    23] write(2, "2023/01/16 18:13:55 [debug] 23#23: *3 http uri: \"/1K\"\n", 54) = 54
[pid    23] gettid()                    = 23
[pid    23] write(2, "2023/01/16 18:13:55 [debug] 23#23: *3 http args: \"\"\n", 52) = 52
[pid    23] gettid()                    = 23
[pid    23] write(2, "2023/01/16 18:13:55 [debug] 23#23: *3 http exten: \"\"\n", 53) = 53
[pid    23] gettid()                    = 23
[pid    23] write(2, "2023/01/16 18:13:55 [debug] 23#23: *3 posix_memalign: 00007F8884A7E620:4096 @16\n", 80) = 80
[pid    23] gettid()                    = 23
[pid    23] write(2, "2023/01/16 18:13:55 [debug] 23#23: *3 http process request header line\n", 71) = 71
[pid    23] gettid()                    = 23
[pid    23] write(2, "2023/01/16 18:13:55 [debug] 23#23: *3 http header: \"Host: localhost\"\n", 69) = 69
[pid    23] gettid()                    = 23
[pid    23] write(2, "2023/01/16 18:13:55 [debug] 23#23: *3 http header: \"User-Agent: curl/7.79.1\"\n", 77) = 77
[pid    23] gettid()                    = 23
[pid    23] write(2, "2023/01/16 18:13:55 [debug] 23#23: *3 http header: \"Accept: */*\"\n", 65) = 65
[pid    23] gettid()                    = 23
[pid    23] write(2, "2023/01/16 18:13:55 [debug] 23#23: *3 http header done\n", 55) = 55
[pid    23] gettid()                    = 23
[pid    23] write(2, "2023/01/16 18:13:55 [debug] 23#23: *3 event timer del: 3: 388777612\n", 68) = 68
[pid    23] gettid()                    = 23
[pid    23] write(2, "2023/01/16 18:13:55 [debug] 23#23: *3 generic phase: 0\n", 55) = 55
[pid    23] gettid()                    = 23
[pid    23] write(2, "2023/01/16 18:13:55 [debug] 23#23: *3 rewrite phase: 1\n", 55) = 55
[pid    23] gettid()                    = 23
[pid    23] write(2, "2023/01/16 18:13:55 [debug] 23#23: *3 rewrite phase: 2\n", 55) = 55
[pid    23] gettid()                    = 23
[pid    23] write(2, "2023/01/16 18:13:55 [debug] 23#23: *3 test location: \"/\"\n", 57) = 57
[pid    23] gettid()                    = 23
[pid    23] write(2, "2023/01/16 18:13:55 [debug] 23#23: *3 using configuration \"/\"\n", 62) = 62
[pid    23] gettid()                    = 23
[pid    23] write(2, "2023/01/16 18:13:55 [debug] 23#23: *3 http cl:-1 max:1048576\n", 61) = 61
[pid    23] gettid()                    = 23
[pid    23] write(2, "2023/01/16 18:13:55 [debug] 23#23: *3 rewrite phase: 4\n", 55) = 55
[pid    23] gettid()                    = 23
[pid    23] write(2, "2023/01/16 18:13:55 [debug] 23#23: *3 rewrite phase: 5\n", 55) = 55
[pid    23] gettid()                    = 23
[pid    23] write(2, "2023/01/16 18:13:55 [debug] 23#23: *3 post rewrite phase: 6\n", 60) = 60
[pid    23] gettid()                    = 23
[pid    23] write(2, "2023/01/16 18:13:55 [debug] 23#23: *3 generic phase: 7\n", 55) = 55
[pid    23] gettid()                    = 23
[pid    23] write(2, "2023/01/16 18:13:55 [debug] 23#23: *3 generic phase: 8\n", 55) = 55
[pid    23] gettid()                    = 23
[pid    23] write(2, "2023/01/16 18:13:55 [debug] 23#23: *3 generic phase: 9\n", 55) = 55
[pid    23] gettid()                    = 23
[pid    23] write(2, "2023/01/16 18:13:55 [debug] 23#23: *3 access phase: 10\n", 55) = 55
[pid    23] gettid()                    = 23
[pid    23] write(2, "2023/01/16 18:13:55 [debug] 23#23: *3 access phase: 11\n", 55) = 55
[pid    23] gettid()                    = 23
[pid    23] write(2, "2023/01/16 18:13:55 [debug] 23#23: *3 access phase: 12\n", 55) = 55
[pid    23] gettid()                    = 23
[pid    23] write(2, "2023/01/16 18:13:55 [debug] 23#23: *3 access phase: 13\n", 55) = 55
[pid    23] gettid()                    = 23
[pid    23] write(2, "2023/01/16 18:13:55 [debug] 23#23: *3 lua access handler, uri:\"/1K\" c:1\n", 72) = 72
[pid    23] gettid()                    = 23
[pid    23] write(2, "2023/01/16 18:13:55 [debug] 23#23: *3 code cache lookup (key='access_by_lua_nhli_3398e7a566b3a1fa055e4272e61683f3', ref=-1)\n", 124) = 124
[pid    23] gettid()                    = 23
[pid    23] write(2, "2023/01/16 18:13:55 [debug] 23#23: *3 code cache miss (key='access_by_lua_nhli_3398e7a566b3a1fa055e4272e61683f3', ref=-1)\n", 122) = 122
[pid    23] gettid()                    = 23
[pid    23] write(2, "2023/01/16 18:13:55 [debug] 23#23: *3 lua creating new thread\n", 62) = 62
[pid    23] gettid()                    = 23
[pid    23] write(2, "2023/01/16 18:13:55 [debug] 23#23: *3 lua reusing cached lua thread 00007F8884922158 (ref 1)\n", 93) = 93
[pid    23] gettid()                    = 23
[pid    23] write(2, "2023/01/16 18:13:55 [debug] 23#23: *3 lua reset ctx\n", 52) = 52
[pid    23] gettid()                    = 23
[pid    23] write(2, "2023/01/16 18:13:55 [debug] 23#23: *3 http lua finalize threads\n", 64) = 64
[pid    23] gettid()                    = 23
[pid    23] write(2, "2023/01/16 18:13:55 [debug] 23#23: *3 http cleanup add: 00007F8884A7E0A8\n", 73) = 73
[pid    23] gettid()                    = 23
[pid    23] write(2, "2023/01/16 18:13:55 [debug] 23#23: *3 lua run thread, top:0 c:1\n", 64) = 64
[pid    23] gettid()                    = 23
[pid    23] write(2, "2023/01/16 18:13:55 [error] 23#23: *3 [lua] access_by_lua(nginx.conf:45):2: access_lua_block HTTPS, client: 192.168.48.1, server: , request: \"GET /1K HTTP/1.1\", host: \"localhost\"\n", 179) = 179
[pid    23] gettid()                    = 23
[pid    23] write(2, "2023/01/16 18:13:55 [debug] 23#23: *3 lua resume returned 0\n", 60) = 60
[pid    23] gettid()                    = 23
[pid    23] write(2, "2023/01/16 18:13:55 [debug] 23#23: *3 lua light thread ended normally\n", 70) = 70
[pid    23] gettid()                    = 23
[pid    23] write(2, "2023/01/16 18:13:55 [debug] 23#23: *3 lua deleting light thread 00007F8884922158 (ref 1)\n", 89) = 89
[pid    23] gettid()                    = 23
[pid    23] write(2, "2023/01/16 18:13:55 [debug] 23#23: *3 lua caching unused lua thread 00007F8884922158 (ref 1)\n", 93) = 93
[pid    23] gettid()                    = 23
[pid    23] write(2, "2023/01/16 18:13:55 [debug] 23#23: *3 post access phase: 14\n", 60) = 60
[pid    23] gettid()                    = 23
[pid    23] write(2, "2023/01/16 18:13:55 [debug] 23#23: *3 generic phase: 15\n", 56) = 56
[pid    23] gettid()                    = 23
[pid    23] write(2, "2023/01/16 18:13:55 [debug] 23#23: *3 generic phase: 16\n", 56) = 56
[pid    23] gettid()                    = 23
[pid    23] write(2, "2023/01/16 18:13:55 [debug] 23#23: *3 content phase: 17\n", 56) = 56
[pid    23] gettid()                    = 23
[pid    23] write(2, "2023/01/16 18:13:55 [debug] 23#23: *3 content phase: 18\n", 56) = 56
[pid    23] gettid()                    = 23
[pid    23] write(2, "2023/01/16 18:13:55 [debug] 23#23: *3 content phase: 19\n", 56) = 56
[pid    23] gettid()                    = 23
[pid    23] write(2, "2023/01/16 18:13:55 [debug] 23#23: *3 content phase: 20\n", 56) = 56
[pid    23] gettid()                    = 23
[pid    23] write(2, "2023/01/16 18:13:55 [debug] 23#23: *3 content phase: 21\n", 56) = 56
[pid    23] gettid()                    = 23
[pid    23] write(2, "2023/01/16 18:13:55 [debug] 23#23: *3 content phase: 22\n", 56) = 56
[pid    23] gettid()                    = 23
[pid    23] write(2, "2023/01/16 18:13:55 [debug] 23#23: *3 http filename: \"/data/1K\"\n", 64) = 64
[pid    23] gettid()                    = 23
[pid    23] write(2, "2023/01/16 18:13:55 [debug] 23#23: *3 add cleanup: 00007F8884A7EA00\n", 68) = 68
[pid    23] open("/data/1K", O_RDONLY|O_NONBLOCK|O_LARGEFILE) = 4
[pid    23] fstat(4, {st_dev=makedev(0, 0x2f), st_ino=5315, st_mode=S_IFREG|0644, st_nlink=1, st_uid=505, st_gid=20, st_blksize=4096, st_blocks=8, st_size=1024, st_atime=1673890312 /* 2023-01-16T17:31:52+0000 */, st_atime_nsec=0, st_mtime=1673889455 /* 2023-01-16T17:17:35+0000 */, st_mtime_nsec=0, st_ctime=1673889455 /* 2023-01-16T17:17:35+0000 */, st_ctime_nsec=0}) = 0
[pid    23] gettid()                    = 23
[pid    23] write(2, "2023/01/16 18:13:55 [debug] 23#23: *3 http static fd: 4\n", 56) = 56
[pid    23] gettid()                    = 23
[pid    23] write(2, "2023/01/16 18:13:55 [debug] 23#23: *3 http set discard body\n", 60) = 60
[pid    23] gettid()                    = 23
[pid    23] write(2, "2023/01/16 18:13:55 [debug] 23#23: *3 lua capture header filter, uri \"/1K\"\n", 75) = 75
[pid    23] gettid()                    = 23
[pid    23] write(2, "2023/01/16 18:13:55 [debug] 23#23: *3 HTTP/1.1 200 OK\r\nServer: openresty/1.21.4.1\r\nDate: Mon, 16 Jan 2023 18:13:55 GMT\r\nContent-Type: text/plain\r\nContent-Length: 1024\r\nLast-Modified: Mon, 16 Jan 2023 17:17:35 GMT\r\nConnection: keep-alive\r\nETag: \"63c586af-400\"\r\nAccept-Ranges: bytes\r\n\n", 283) = 283
[pid    23] gettid()                    = 23
[pid    23] write(2, "2023/01/16 18:13:55 [debug] 23#23: *3 write new buf t:1 f:0 00007F8884A7EBE8, pos 00007F8884A7EBE8, size: 246 file: 0, size: 0\n", 127) = 127
[pid    23] gettid()                    = 23
[pid    23] write(2, "2023/01/16 18:13:55 [debug] 23#23: *3 http write filter: l:0 f:0 s:246\n", 71) = 71
[pid    23] gettid()                    = 23
[pid    23] write(2, "2023/01/16 18:13:55 [debug] 23#23: *3 http output filter \"/1K?\"\n", 64) = 64
[pid    23] gettid()                    = 23
[pid    23] write(2, "2023/01/16 18:13:55 [debug] 23#23: *3 http copy filter: \"/1K?\"\n", 63) = 63
[pid    23] gettid()                    = 23
[pid    23] write(2, "2023/01/16 18:13:55 [debug] 23#23: *3 read: 4, 00007F8884A7EDD8, 1024, 0\n", 73) = 73
[pid    23] pread64(4, "b\16\205\206Q\216X\311\237\220\356\375Q1\231K>\302\202\350\277\\\317\207\375A\3659\20\25\232\230\361M\311H\315\250\332\23\240\37qZ>j\372\25\201\341C\2718\222\f\225\34Q\0H\346\323{\6@\302\324\240\356\321\247\224\341\221N\374\342\206\303\377ZBE\242\341\326c\1*\27|\222\3132\31^\5\270S\6\3060*hb\253\306\320\223\253\35\252\306\2046\317\272\v\310B\31\376\230\322\304f\234:\325\242\362\220a\304\216\337\7\273+\211O\35\242n\344\364b\2540\264\366\0\307\230\324\343\34\22\313w\2179\342\213\v?\377.\327\322\17\304\340@a\33\243\301J\360<\223B\25\356\2322\0\31\272\270#\276\251\242\26\17F\221\327\301NHaU=\237\333vW'\304\236\335\235\202\236\221\231\0L\224S\271\235\201\374\263B$y%\6\253\307Hw=\340\32Vfh\356\4\235\226\355\313`\2204\204\340\257M,U\34\3632\203\22\214W\260\245\306\356(\0`\16\375\3\272h\205\351\305\340VE\257\352w\343C\322\0;\300\273\202\363\3446!\231{\0\325\365f\330\3}\2635SVDM$\250\343e\nX\200\230\206\324}\rgI\231\375\277\335y\217\314\266\315\352\20*\365\245K\200\261B\26\247\260\253^\r\3\2231\220\303\t8\252\214zE\234\224\255\352f\5\213\324/\330\377\266?\220\232\275U\270\310\"@\34|\277\272\375%\0\3756\314y~Q~)\f\360X\4Ip\225\370th/s\301\201\250v\313\r\352\250\201\31\264b?\270\rDD\337\"~\250&\354\357\t\274\\\5\336E\341\3%\333\276\233\350\305\262\256RE\262\302\215K\344\0-D2\20\245\264*\237\361\304\32[\260\325\370\215~\213\307X\321\25\2665\23\324\17W\177\24\344Z\2376\236\3506\245P]Q\272\254\274\253\0330m\365l\35\30\rB\262\302%\372\206\35\341\204\34V\231{\25\261YW\202*\226\206>\24\332\213\35[A\371N\320\325\315\301\"n\365\266\202\251\3162\270wp\"x\270\344\31$\207@n\177'\250+\362\315\250\271\307\247T\374\6\1\2664\254\301\330\26\371\206\312\360\263\332\0i\257\250\245v\210\366\336\274\316\321-\353y\246s\337\356\247\313\246TsM;{'h\203\363\275o\\x\243fW\177\347\273\304F` \0361\350\234t`\373\230\361Q\345h;c\233\206h\261m\323\271\274\335\342\244|\271\373\330>\32)~\26\r \346\f\264ZgD\27\245k=Q/\316K\22>\6\17;\226\10=l2\1\354\244\263\\eb\262\300\0226\367\361\325\177\225/\244\363y\3160\361\267\7d\334\26g\247+\341\344\277\3307l\357@\272\222d\242e\246\205B,\312k\347\375\0202g\301\316\311K\275\217k0y=1\225'\265\303\322\377U\333\376\313\360S-J\247o\3140\7\t\31\302R!\356\377\0\367\242\1\367\6\236L[\351\335\224\241\36\336\5\357'\340\373\5\223\f\325\254\31\336%\227\23D\320\335\374\252\267\360\214\262\331\"\365Bz+q8oq\372\257.8x_\\\316\276\325?\264\364\311\r\323)\5\365\243Zh\241\252\276\20S\342\267\201\373\341\217\341\366\313X\315\323e\326\25<\254W\223\205\6IaN\323\253~\244\302\206rh\326\301M\0\302\0247\214=c\24\3156v\215\257h\341F4\n\1l<\277\210L\226P\353%\331\236\3728\371\350\341P\232\21t\365\233\212\267\244\236?\252\2457$\362\337\1\355F\361\320\27\333\236F\31\245\231\200\34o\2466\364\340jkz\206\v\371\263\33\r\247\245%1\201\217\261\256\254\266z\334iW\207~cza\243\240z\267\220\367\7\24w\310j2\0234\326\310cB\326\374\261!&\261\272\224", 1024, 0) = 1024
[pid    23] gettid()                    = 23
[pid    23] write(2, "2023/01/16 18:13:55 [debug] 23#23: *3 lua capture body filter, uri \"/1K\"\n", 73) = 73
[pid    23] gettid()                    = 23
[pid    23] write(2, "2023/01/16 18:13:55 [debug] 23#23: *3 http postpone filter \"/1K?\" 00007F8884A7F1D8\n", 83) = 83
[pid    23] gettid()                    = 23
[pid    23] write(2, "2023/01/16 18:13:55 [debug] 23#23: *3 write old buf t:1 f:0 00007F8884A7EBE8, pos 00007F8884A7EBE8, size: 246 file: 0, size: 0\n", 127) = 127
[pid    23] gettid()                    = 23
[pid    23] write(2, "2023/01/16 18:13:55 [debug] 23#23: *3 write new buf t:1 f:1 00007F8884A7EDD8, pos 00007F8884A7EDD8, size: 1024 file: 0, size: 1024\n", 131) = 131
[pid    23] gettid()                    = 23
[pid    23] write(2, "2023/01/16 18:13:55 [debug] 23#23: *3 http write filter: l:1 f:0 s:1270\n", 72) = 72
[pid    23] gettid()                    = 23
[pid    23] write(2, "2023/01/16 18:13:55 [debug] 23#23: *3 http write filter limit 2097152\n", 70) = 70
[pid    23] gettid()                    = 23
[pid    23] write(2, "2023/01/16 18:13:55 [debug] 23#23: *3 posix_memalign: 00007F8884A38700:512 @16\n", 79) = 79
[pid    23] gettid()                    = 23
[pid    23] write(2, "2023/01/16 18:13:55 [debug] 23#23: *3 malloc: 00007F88849AF790:16384\n", 69) = 69
[pid    23] gettid()                    = 23
[pid    23] write(2, "2023/01/16 18:13:55 [debug] 23#23: *3 SSL buf copy: 246\n", 56) = 56
[pid    23] gettid()                    = 23
[pid    23] write(2, "2023/01/16 18:13:55 [debug] 23#23: *3 SSL buf copy: 1024\n", 57) = 57
[pid    23] gettid()                    = 23
[pid    23] write(2, "2023/01/16 18:13:55 [debug] 23#23: *3 SSL to write: 1270\n", 57) = 57
[pid    23] write(3, "\27\3\1\5\20\244\351\235\204UM\34-m\254+\201\302\254\304\203t\203\376\32\243\330H\326\277j\230wO *\315$\36\322G5\246\206(\272\324\232\23\331G\314.kW\336\222}\232\371\337\v\325\374\256\344j\374\231L\317s.\277\332\265\305\304N\265\312\356\357\332\355[ \366\256>\206jcL7\2\312O\212\207\371\266\301\f\263\235!\364\371\347\302(\365|L\20\310\201\241\207_\220\33B\">9\24\237\37\206\36y\273\206\366\247~=\310\350r\"`\300\2/\277:\266\202\4o\204\n\206e\20\34\250\352\247B\17\322%6\344\332e\327/\205E\316H+{\342\324\304\310%\177\247_\264\371>\277\237\305\364\250\375~;\362\206-\301\352\316\273\365u\233\224\251\246\360\300\241\215v\330\237\5\253\200[\227\235\300E\250c\326\7\275K\354z\265a\350\276Ymv(&U \350a\260\347\266X\335\33Q\354\263\0M,YM\200l\21+\357\224\2064\201C\223\354X\312`\325\200\240\205\333N\366\342\257\363\272\350\307\207\232\373]\220LB\277((\351\245\275\321\316\331\30\246me\241N{ZR\252\3\312\226p\257d\274L\355\275kq\244\355V\2358\322\373>L\301\374\344\302v\276V'\37\304\324\"\36\224~\271m\373K\275\253\6-\336\4\347T\26[\351\243\353\346\21\216\216\325\22\t\274\307\322Y\254\231!\312f-\275\303\356\33I\f\222\323h \35\364\203\326\267\\\212\334\373\21D-x\367\306\373e\246\253\354\333\303\r>\326\326\265\332\22\20\311\273d\273\311@]\16\3351\203\303\362\31\362\325\321 \3341\347\212\244lb\n\362u\3S{<{\357g\307\347\303o\3359\26Z\0206\241\375\272\200\275\262\262\220+\2522\355$\\\r_@z\276#\373N\241\202\247;c\272\312\229\377\2617\301Mf\3740\304\247\256\307W\245\326b\265\306u\2\33i\312\210\240\365\223&\372\200:\21AC\227\310\5P\356QDs\235A\355\n\310\2528\16}\310yv\366\26\3372^\303\312\225\234\340b\323\17\240\214\316\1\0335\fbX\204\6\222\27\246F\251\352F\20~`>\35\"T\25\n\344\364.m\326E\37^\311\277O\371\n\242\37\277\224-u\266W&\235\221\340*z\232Z\261\327\340\226c\251\274S\325\20\376\252\311kc\261\376\241OV\346\304,w~\376\200@K\32\214\244\334v#ADJ\247f\203\311\346\321=Oi+\350\375\272\265\27\37M:\20\321\212}S/N*\243-2\361\277\304\235\262~z\246\254\363\333O\30-\v\323-\354\270\34|\177\33\225,\23\252{\324\324* L\214O\256\20\24\255#T]\227\236\205=\362\261\203\225\215D\243\7a\3557lL\252\360v\363\254\357\246\304g\340}\320\236;\16\352\316\337g\357d\343\3302\336\232\t\274\261\24b\317\16\10ZW?\373\333\3568\234p\302km\233\3551\10\263\315t\232\231Bk\4p\365M}\v\214We\202*\26\356\271\371\24|,\257\320i\303O\35\350|df?\237\vIqr\256\324\206\f!\6gMh\345\256\255\30\347\r\3\202\273\345\353\274$W\320\2672\345/\222(x\377\25\324\\\312\1\3238-\21\341\276\304\333\217+\243\245s\21\f\35\2j\231\220\0\303\2\347f\225\205HZ!\301\344u!\312\353\236(\27\37\0374\305\220.\332\244\0037f\3060\3678\30\355&\303\314\16\355#\7\300\31\243\t\t\255\212\302O\366\355j)\6\23\rq\16\222\0v\n[\342\307z]\30\306_\201\31k34Z\234\362\225p.\300\327\341\5\277\236\217\217@~\306\0203\240\212\220\376\334\261\277\202\7\268Q\370\370Kl\16\343\274[\313n\301\256\18\\\306fL\3E\273\205\376\300\16\307_\204/\234|\342\27v\376\31 >~T\213\22\34\275\17\35L\351\366\5\231Z\262\356\217A\177\25\341\203\227xW2yH\2741\32zk\324\363@\307\343%g\312\367&\206o\35F\221\221\343\324\216\n\355\255\36\24~\363)\344\265%\221\205\322O\24\312\313=GR\357\243\217D\254g\201m\262M\35\17\335X9\207V%Ix\257\200w.i\r\356\363\35\0177>=\363c\241\317oh\355\274\367\36\331\270\6x\364\331\334\263#c\307\325 \24\333\350@\354\226\275\323Uc\3\272+\261\364eV\v\214.\203\201\265\346\315\231D;(\v\4q\250\276PK\30\37\247\3009\367C'K*\31\350\301(R>\322\326\233W\264\365\3018\300\243\241#H\32oT\353[\271{\233\1\350I\311\266\32i?v\224\247\344\344?Hs]\247\7l\361\22\35\20\363F\230{\16_,\212\350n\264\315\177a9\326\255\1\352x\36w\300\212\320\204\331\261\252\254\347", 1301) = 1301
[pid    23] madvise(0x7f88849a7000, 12288, MADV_FREE) = 0
[pid    23] gettid()                    = 23
[pid    23] write(2, "2023/01/16 18:13:55 [debug] 23#23: *3 SSL_write: 1270\n", 54) = 54
[pid    23] gettid()                    = 23
[pid    23] write(2, "2023/01/16 18:13:55 [debug] 23#23: *3 http write filter 0000000000000000\n", 73) = 73
[pid    23] gettid()                    = 23
[pid    23] write(2, "2023/01/16 18:13:55 [debug] 23#23: *3 http copy filter: 0 \"/1K?\"\n", 65) = 65
[pid    23] gettid()                    = 23
[pid    23] write(2, "2023/01/16 18:13:55 [debug] 23#23: *3 http finalize request: 0, \"/1K?\" a:1, c:1\n", 80) = 80
[pid    23] gettid()                    = 23
[pid    23] write(2, "2023/01/16 18:13:55 [debug] 23#23: *3 set http keepalive handler\n", 65) = 65
[pid    23] gettid()                    = 23
[pid    23] write(2, "2023/01/16 18:13:55 [debug] 23#23: *3 http close request\n", 57) = 57
[pid    23] gettid()                    = 23
[pid    23] write(2, "2023/01/16 18:13:55 [debug] 23#23: *3 lua request cleanup: forcible=0\n", 70) = 70
[pid    23] gettid()                    = 23
[pid    23] write(2, "2023/01/16 18:13:55 [debug] 23#23: *3 http lua finalize threads\n", 64) = 64
[pid    23] gettid()                    = 23
[pid    23] write(2, "2023/01/16 18:13:55 [debug] 23#23: *3 http log handler\n", 55) = 55
[pid    23] write(8, "192.168.48.1 - - [16/Jan/2023:18:13:55 +0000] \"GET /1K HTTP/1.1\" 200 1024 \"-\" \"curl/7.79.1\"\n", 92) = 92
[pid    23] gettid()                    = 23
[pid    23] write(2, "2023/01/16 18:13:55 [debug] 23#23: *3 run cleanup: 00007F8884A7EA00\n", 68) = 68
[pid    23] gettid()                    = 23
[pid    23] write(2, "2023/01/16 18:13:55 [debug] 23#23: *3 file cleanup: fd:4\n", 57) = 57
[pid    23] close(4)                    = 0
[pid    23] gettid()                    = 23
[pid    23] write(2, "2023/01/16 18:13:55 [debug] 23#23: *3 free: 00007F8884A7D0E0, unused: 0\n", 72) = 72
[pid    23] gettid()                    = 23
[pid    23] write(2, "2023/01/16 18:13:55 [debug] 23#23: *3 free: 00007F8884A7E620, unused: 939\n", 74) = 74
[pid    23] gettid()                    = 23
[pid    23] write(2, "2023/01/16 18:13:55 [debug] 23#23: *3 free: 00007F8884A76040\n", 61) = 61
[pid    23] munmap(0x7f8884a76000, 8192) = 0
[pid    23] gettid()                    = 23
[pid    23] write(2, "2023/01/16 18:13:55 [debug] 23#23: *3 hc free: 0000000000000000\n", 64) = 64
[pid    23] gettid()                    = 23
[pid    23] write(2, "2023/01/16 18:13:55 [debug] 23#23: *3 hc busy: 0000000000000000 0\n", 66) = 66
[pid    23] gettid()                    = 23
[pid    23] write(2, "2023/01/16 18:13:55 [debug] 23#23: *3 free: 00007F88849AF790\n", 61) = 61
[pid    23] madvise(0x7f88849b0000, 12288, MADV_FREE) = 0
[pid    23] gettid()                    = 23
[pid    23] write(2, "2023/01/16 18:13:55 [debug] 23#23: *3 reusable connection: 1\n", 61) = 61
[pid    23] gettid()                    = 23
[pid    23] write(2, "2023/01/16 18:13:55 [debug] 23#23: *3 event timer add: 3: 75000:388792683\n", 74) = 74
[pid    23] gettid()                    = 23
[pid    23] write(2, "2023/01/16 18:13:55 [debug] 23#23: timer delta: 57\n", 51) = 51
[pid    23] gettid()                    = 23
[pid    23] write(2, "2023/01/16 18:13:55 [debug] 23#23: worker cycle\n", 48) = 48
[pid    23] gettid()                    = 23
[pid    23] write(2, "2023/01/16 18:13:55 [debug] 23#23: epoll timer: 75000\n", 54) = 54
[pid    23] epoll_pwait(10, [{events=EPOLLIN|EPOLLRDHUP, data={u32=2224798624, u64=140224317078432}}], 512, 75000, NULL, 8) = 1
[pid    23] clock_gettime(CLOCK_REALTIME, {tv_sec=1673892835, tv_nsec=682318000}) = 0
[pid    23] clock_gettime(CLOCK_MONOTONIC, {tv_sec=388717, tv_nsec=752163239}) = 0
[pid    23] gettid()                    = 23
[pid    23] write(2, "2023/01/16 18:13:55 [debug] 23#23: epoll: fd:3 ev:2001 d:00007F88849BBBA0\n", 74) = 74
[pid    23] gettid()                    = 23
[pid    23] write(2, "2023/01/16 18:13:55 [debug] 23#23: *3 http keepalive handler\n", 61) = 61
[pid    23] mmap(NULL, 8192, PROT_READ|PROT_WRITE, MAP_PRIVATE|MAP_ANONYMOUS, -1, 0) = 0x7f8884a76000
[pid    23] gettid()                    = 23
[pid    23] write(2, "2023/01/16 18:13:55 [debug] 23#23: *3 malloc: 00007F8884A76050:1024\n", 68) = 68
[pid    23] read(3, "\25\3\1\0 \370^\303\207\236tW\375\r\30\3\361\313$\364d\371Z\3&\303\n\6D:n\"\222\35\370\374\273", 16709) = 37
[pid    23] gettid()                    = 23
[pid    23] write(2, "2023/01/16 18:13:55 [debug] 23#23: *3 SSL_read: 0\n", 50) = 50
[pid    23] gettid()                    = 23
[pid    23] write(2, "2023/01/16 18:13:55 [debug] 23#23: *3 SSL_get_error: 6\n", 55) = 55
[pid    23] gettid()                    = 23
[pid    23] write(2, "2023/01/16 18:13:55 [debug] 23#23: *3 peer shutdown SSL cleanly\n", 64) = 64
[pid    23] gettid()                    = 23
[pid    23] write(2, "2023/01/16 18:13:55 [info] 23#23: *3 client 192.168.48.1 closed keepalive connection\n", 85) = 85
[pid    23] gettid()                    = 23
[pid    23] write(2, "2023/01/16 18:13:55 [debug] 23#23: *3 close http connection: 3\n", 63) = 63
[pid    23] gettid()                    = 23
[pid    23] write(2, "2023/01/16 18:13:55 [debug] 23#23: *3 SSL_shutdown: 1\n", 54) = 54
[pid    23] madvise(0x7f88849a7000, 12288, MADV_FREE) = 0
[pid    23] munmap(0x7f8884a82000, 8192) = 0
[pid    23] gettid()                    = 23
[pid    23] write(2, "2023/01/16 18:13:55 [debug] 23#23: *3 event timer del: 3: 388792683\n", 68) = 68
[pid    23] gettid()                    = 23
[pid    23] write(2, "2023/01/16 18:13:55 [debug] 23#23: *3 reusable connection: 0\n", 61) = 61
[pid    23] close(3)                    = 0
[pid    23] gettid()                    = 23
[pid    23] write(2, "2023/01/16 18:13:55 [debug] 23#23: *3 free: 00007F8884A76050\n", 61) = 61
[pid    23] gettid()                    = 23
[pid    23] write(2, "2023/01/16 18:13:55 [debug] 23#23: *3 free: 0000000000000000\n", 61) = 61
[pid    23] gettid()                    = 23
[pid    23] write(2, "2023/01/16 18:13:55 [debug] 23#23: *3 free: 00007F8884A38030, unused: 8\n", 72) = 72
[pid    23] gettid()                    = 23
[pid    23] write(2, "2023/01/16 18:13:55 [debug] 23#23: *3 free: 00007F8884A38700, unused: 400\n", 74) = 74
[pid    23] munmap(0x7f8884a76000, 8192) = 0
[pid    23] gettid()                    = 23
[pid    23] write(2, "2023/01/16 18:13:55 [debug] 23#23: timer delta: 69\n", 51) = 51
[pid    23] gettid()                    = 23
[pid    23] write(2, "2023/01/16 18:13:55 [debug] 23#23: worker cycle\n", 48) = 48
[pid    23] gettid()                    = 23
[pid    23] write(2, "2023/01/16 18:13:55 [debug] 23#23: epoll timer: -1\n", 51) = 51
[pid    23] epoll_pwait(10,
