2023/01/23 19:52:41 [debug] 22#22: epoll: fd:5 ev:0001 d:00007F92D0AFB8B0
2023/01/23 19:52:41 [debug] 22#22: accept on 0.0.0.0:8080, ready: 0
2023/01/23 19:52:41 [debug] 22#22: posix_memalign: 00007F92D0AC0910:512 @16
2023/01/23 19:52:41 [debug] 22#22: *2 accept: 172.28.0.1:57504 fd:3
2023/01/23 19:52:41 [debug] 22#22: *2 event timer add: 3: 60000:133295884
2023/01/23 19:52:41 [debug] 22#22: *2 reusable connection: 1
2023/01/23 19:52:41 [debug] 22#22: *2 epoll add event: fd:3 op:1 ev:80002001
2023/01/23 19:52:41 [debug] 22#22: timer delta: 60082
2023/01/23 19:52:41 [debug] 22#22: worker cycle
2023/01/23 19:52:41 [debug] 22#22: epoll timer: 60000
2023/01/23 19:52:41 [debug] 22#22: epoll: fd:3 ev:0001 d:00007F92D0AFBB81
2023/01/23 19:52:41 [debug] 22#22: *2 http wait request handler
2023/01/23 19:52:41 [debug] 22#22: *2 malloc: 00007F92D0BCE060:1024
2023/01/23 19:52:41 [debug] 22#22: *2 recv: eof:0, avail:-1
2023/01/23 19:52:41 [debug] 22#22: *2 recv: fd:3 91 of 1024
2023/01/23 19:52:41 [debug] 22#22: *2 reusable connection: 0
2023/01/23 19:52:41 [debug] 22#22: *2 posix_memalign: 00007F92D0BBA1F0:4096 @16
2023/01/23 19:52:41 [debug] 22#22: *2 http process request line
2023/01/23 19:52:41 [debug] 22#22: *2 http request line: "GET /nopush_off/1K HTTP/1.1"
2023/01/23 19:52:41 [debug] 22#22: *2 http uri: "/nopush_off/1K"
2023/01/23 19:52:41 [debug] 22#22: *2 http args: ""
2023/01/23 19:52:41 [debug] 22#22: *2 http exten: ""
2023/01/23 19:52:41 [debug] 22#22: *2 posix_memalign: 00007F92D0BBB730:4096 @16
2023/01/23 19:52:41 [debug] 22#22: *2 http process request header line
2023/01/23 19:52:41 [debug] 22#22: *2 http header: "Host: localhost:8080"
2023/01/23 19:52:41 [debug] 22#22: *2 http header: "User-Agent: curl/7.79.1"
2023/01/23 19:52:41 [debug] 22#22: *2 http header: "Accept: */*"
2023/01/23 19:52:41 [debug] 22#22: *2 http header done
2023/01/23 19:52:41 [debug] 22#22: *2 event timer del: 3: 133295884
2023/01/23 19:52:41 [debug] 22#22: *2 generic phase: 0
2023/01/23 19:52:41 [debug] 22#22: *2 rewrite phase: 1
2023/01/23 19:52:41 [debug] 22#22: *2 rewrite phase: 2
2023/01/23 19:52:41 [debug] 22#22: *2 test location: "/nopush_on"
2023/01/23 19:52:41 [debug] 22#22: *2 test location: "/nopush_off"
2023/01/23 19:52:41 [debug] 22#22: *2 using configuration "/nopush_off"
2023/01/23 19:52:41 [debug] 22#22: *2 http cl:-1 max:1048576
2023/01/23 19:52:41 [debug] 22#22: *2 rewrite phase: 4
2023/01/23 19:52:41 [debug] 22#22: *2 rewrite phase: 5
2023/01/23 19:52:41 [debug] 22#22: *2 post rewrite phase: 6
2023/01/23 19:52:41 [debug] 22#22: *2 generic phase: 7
2023/01/23 19:52:41 [debug] 22#22: *2 generic phase: 8
2023/01/23 19:52:41 [debug] 22#22: *2 generic phase: 9
2023/01/23 19:52:41 [debug] 22#22: *2 access phase: 10
2023/01/23 19:52:41 [debug] 22#22: *2 access phase: 11
2023/01/23 19:52:41 [debug] 22#22: *2 access phase: 12
2023/01/23 19:52:41 [debug] 22#22: *2 post access phase: 13
2023/01/23 19:52:41 [debug] 22#22: *2 generic phase: 14
2023/01/23 19:52:41 [debug] 22#22: *2 generic phase: 15
2023/01/23 19:52:41 [debug] 22#22: *2 content phase: 16
2023/01/23 19:52:41 [debug] 22#22: *2 content phase: 17
2023/01/23 19:52:41 [debug] 22#22: *2 content phase: 18
2023/01/23 19:52:41 [debug] 22#22: *2 content phase: 19
2023/01/23 19:52:41 [debug] 22#22: *2 content phase: 20
2023/01/23 19:52:41 [debug] 22#22: *2 content phase: 21
2023/01/23 19:52:41 [debug] 22#22: *2 http filename: "/data//1K"
2023/01/23 19:52:41 [debug] 22#22: *2 add cleanup: 00007F92D0BBB050
2023/01/23 19:52:41 [debug] 22#22: *2 http static fd: 4
2023/01/23 19:52:41 [debug] 22#22: *2 http set discard body
2023/01/23 19:52:41 [debug] 22#22: *2 HTTP/1.1 200 OK
Server: openresty/1.21.4.1
Date: Mon, 23 Jan 2023 19:52:41 GMT
Content-Type: text/plain
Content-Length: 1024
Last-Modified: Mon, 23 Jan 2023 19:22:35 GMT
Connection: keep-alive
ETag: "63cede7b-400"
Accept-Ranges: bytes
2023/01/23 19:52:41 [debug] 22#22: *2 write new buf t:1 f:0 00007F92D0BBBB60, pos 00007F92D0BBBB60, size: 246 file: 0, size: 0
2023/01/23 19:52:41 [debug] 22#22: *2 http write filter: l:0 f:0 s:246
2023/01/23 19:52:41 [debug] 22#22: *2 http output filter "/nopush_off/1K?"
2023/01/23 19:52:41 [debug] 22#22: *2 http copy filter: "/nopush_off/1K?"
2023/01/23 19:52:41 [debug] 22#22: *2 read: 4, 00007F92D0BBBD60, 1024, 0
2023/01/23 19:52:41 [debug] 22#22: *2 http postpone filter "/nopush_off/1K?" 00007F92D0BBC160
2023/01/23 19:52:41 [debug] 22#22: *2 write old buf t:1 f:0 00007F92D0BBBB60, pos 00007F92D0BBBB60, size: 246 file: 0, size: 0
2023/01/23 19:52:41 [debug] 22#22: *2 write new buf t:1 f:0 00007F92D0BBBD60, pos 00007F92D0BBBD60, size: 1024 file: 0, size: 0
2023/01/23 19:52:41 [debug] 22#22: *2 http write filter: l:1 f:0 s:1270
2023/01/23 19:52:41 [debug] 22#22: *2 http write filter limit 2097152
2023/01/23 19:52:41 [debug] 22#22: *2 writev: 1270 of 1270
2023/01/23 19:52:41 [debug] 22#22: *2 http write filter 0000000000000000
2023/01/23 19:52:41 [debug] 22#22: *2 http copy filter: 0 "/nopush_off/1K?"
2023/01/23 19:52:41 [debug] 22#22: *2 http finalize request: 0, "/nopush_off/1K?" a:1, c:1
2023/01/23 19:52:41 [debug] 22#22: *2 set http keepalive handler
2023/01/23 19:52:41 [debug] 22#22: *2 http close request
2023/01/23 19:52:41 [debug] 22#22: *2 http log handler
time="2023-01-23T19:52:41+00:00" remote_addr="172.28.0.1" req="GET /nopush_off/1K HTTP/1.1" status="200" req_time="0.000" bytes_sent="1024" up_cache_status="-" up_status="-" up_addr"-" up_resp_time="-" ref="-" ua="curl/7.79.1" scheme="http"
2023/01/23 19:52:41 [debug] 22#22: *2 run cleanup: 00007F92D0BBB050
2023/01/23 19:52:41 [debug] 22#22: *2 file cleanup: fd:4
2023/01/23 19:52:41 [debug] 22#22: *2 free: 00007F92D0BBA1F0, unused: 8
2023/01/23 19:52:41 [debug] 22#22: *2 free: 00007F92D0BBB730, unused: 1163
2023/01/23 19:52:41 [debug] 22#22: *2 free: 00007F92D0BCE060
2023/01/23 19:52:41 [debug] 22#22: *2 hc free: 0000000000000000
2023/01/23 19:52:41 [debug] 22#22: *2 hc busy: 0000000000000000 0
2023/01/23 19:52:41 [debug] 22#22: *2 tcp_nodelay
2023/01/23 19:52:41 [debug] 22#22: *2 reusable connection: 1
2023/01/23 19:52:41 [debug] 22#22: *2 event timer add: 3: 75000:133310886
2023/01/23 19:52:41 [debug] 22#22: timer delta: 2
2023/01/23 19:52:41 [debug] 22#22: worker cycle
2023/01/23 19:52:41 [debug] 22#22: epoll timer: 75000
2023/01/23 19:52:41 [debug] 22#22: epoll: fd:3 ev:2001 d:00007F92D0AFBB81
2023/01/23 19:52:41 [debug] 22#22: *2 http keepalive handler
2023/01/23 19:52:41 [debug] 22#22: *2 malloc: 00007F92D0BCE560:1024
2023/01/23 19:52:41 [debug] 22#22: *2 recv: eof:1, avail:-1
2023/01/23 19:52:41 [debug] 22#22: *2 recv: fd:3 0 of 1024
2023/01/23 19:52:41 [info] 22#22: *2 client 172.28.0.1 closed keepalive connection
2023/01/23 19:52:41 [debug] 22#22: *2 close http connection: 3
2023/01/23 19:52:41 [debug] 22#22: *2 event timer del: 3: 133310886
2023/01/23 19:52:41 [debug] 22#22: *2 reusable connection: 0
2023/01/23 19:52:41 [debug] 22#22: *2 free: 00007F92D0BCE560
2023/01/23 19:52:41 [debug] 22#22: *2 free: 00007F92D0AC0910, unused: 136
2023/01/23 19:52:41 [debug] 22#22: timer delta: 100
2023/01/23 19:52:41 [debug] 22#22: worker cycle
2023/01/23 19:52:41 [debug] 22#22: epoll timer: -1
