[pid    22] epoll_pwait(9, [{events=EPOLLIN, data={u32=3501177008, u64=140268543129776}}], 512, -1, NULL, 8) = 1
[pid    22] clock_gettime(CLOCK_REALTIME, {tv_sec=1674503501, tv_nsec=250222000}) = 0
[pid    22] clock_gettime(CLOCK_MONOTONIC, {tv_sec=133175, tv_nsec=737438852}) = 0
[pid    22] gettid()                    = 22
[pid    22] write(2, "2023/01/23 19:51:41 [debug] 22#22: epoll: fd:5 ev:0001 d:00007F92D0AFB8B0\n", 74) = 74
[pid    22] gettid()                    = 22
[pid    22] write(2, "2023/01/23 19:51:41 [debug] 22#22: accept on 0.0.0.0:8080, ready: 0\n", 68) = 68
[pid    22] accept4(5, {sa_family=AF_INET, sin_port=htons(36442), sin_addr=inet_addr("172.28.0.1")}, [112 => 16], SOCK_CLOEXEC|SOCK_NONBLOCK) = 3
[pid    22] gettid()                    = 22
[pid    22] write(2, "2023/01/23 19:51:41 [debug] 22#22: posix_memalign: 00007F92D0AC06D0:512 @16\n", 76) = 76
[pid    22] gettid()                    = 22
[pid    22] write(2, "2023/01/23 19:51:41 [debug] 22#22: *1 accept: 172.28.0.1:36442 fd:3\n", 68) = 68
[pid    22] gettid()                    = 22
[pid    22] write(2, "2023/01/23 19:51:41 [debug] 22#22: *1 event timer add: 3: 60000:133235737\n", 74) = 74
[pid    22] gettid()                    = 22
[pid    22] write(2, "2023/01/23 19:51:41 [debug] 22#22: *1 reusable connection: 1\n", 61) = 61
[pid    22] gettid()                    = 22
[pid    22] write(2, "2023/01/23 19:51:41 [debug] 22#22: *1 epoll add event: fd:3 op:1 ev:80002001\n", 77) = 77
[pid    22] epoll_ctl(9, EPOLL_CTL_ADD, 3, {events=EPOLLIN|EPOLLRDHUP|EPOLLET, data={u32=3501177728, u64=140268543130496}}) = 0
[pid    22] gettid()                    = 22
[pid    22] write(2, "2023/01/23 19:51:41 [debug] 22#22: timer delta: 5644\n", 53) = 53
[pid    22] gettid()                    = 22
[pid    22] write(2, "2023/01/23 19:51:41 [debug] 22#22: worker cycle\n", 48) = 48
[pid    22] gettid()                    = 22
[pid    22] write(2, "2023/01/23 19:51:41 [debug] 22#22: epoll timer: 60000\n", 54) = 54
[pid    22] epoll_pwait(9, [{events=EPOLLIN, data={u32=3501177728, u64=140268543130496}}], 512, 60000, NULL, 8) = 1
[pid    22] clock_gettime(CLOCK_REALTIME, {tv_sec=1674503501, tv_nsec=252279000}) = 0
[pid    22] clock_gettime(CLOCK_MONOTONIC, {tv_sec=133175, tv_nsec=739610852}) = 0
[pid    22] gettid()                    = 22
[pid    22] write(2, "2023/01/23 19:51:41 [debug] 22#22: epoll: fd:3 ev:0001 d:00007F92D0AFBB80\n", 74) = 74
[pid    22] gettid()                    = 22
[pid    22] write(2, "2023/01/23 19:51:41 [debug] 22#22: *1 http wait request handler\n", 64) = 64
[pid    22] gettid()                    = 22
[pid    22] write(2, "2023/01/23 19:51:41 [debug] 22#22: *1 malloc: 00007F92D0BE3590:1024\n", 68) = 68
[pid    22] gettid()                    = 22
[pid    22] write(2, "2023/01/23 19:51:41 [debug] 22#22: *1 recv: eof:0, avail:-1\n", 60) = 60
[pid    22] recvfrom(3, "GET /nopush_on/1K HTTP/1.1\r\nHost: localhost:8080\r\nUser-Agent: curl/7.79.1\r\nAccept: */*\r\n\r\n", 1024, 0, NULL, NULL) = 90
[pid    22] gettid()                    = 22
[pid    22] write(2, "2023/01/23 19:51:41 [debug] 22#22: *1 recv: fd:3 90 of 1024\n", 60) = 60
[pid    22] gettid()                    = 22
[pid    22] write(2, "2023/01/23 19:51:41 [debug] 22#22: *1 reusable connection: 0\n", 61) = 61
[pid    22] gettid()                    = 22
[pid    22] write(2, "2023/01/23 19:51:41 [debug] 22#22: *1 posix_memalign: 00007F92D0BBA1E0:4096 @16\n", 80) = 80
[pid    22] gettid()                    = 22
[pid    22] write(2, "2023/01/23 19:51:41 [debug] 22#22: *1 http process request line\n", 64) = 64
[pid    22] gettid()                    = 22
[pid    22] write(2, "2023/01/23 19:51:41 [debug] 22#22: *1 http request line: \"GET /nopush_on/1K HTTP/1.1\"\n", 86) = 86
[pid    22] gettid()                    = 22
[pid    22] write(2, "2023/01/23 19:51:41 [debug] 22#22: *1 http uri: \"/nopush_on/1K\"\n", 64) = 64
[pid    22] gettid()                    = 22
[pid    22] write(2, "2023/01/23 19:51:41 [debug] 22#22: *1 http args: \"\"\n", 52) = 52
[pid    22] gettid()                    = 22
[pid    22] write(2, "2023/01/23 19:51:41 [debug] 22#22: *1 http exten: \"\"\n", 53) = 53
[pid    22] gettid()                    = 22
[pid    22] write(2, "2023/01/23 19:51:41 [debug] 22#22: *1 posix_memalign: 00007F92D0BBB720:4096 @16\n", 80) = 80
[pid    22] gettid()                    = 22
[pid    22] write(2, "2023/01/23 19:51:41 [debug] 22#22: *1 http process request header line\n", 71) = 71
[pid    22] gettid()                    = 22
[pid    22] write(2, "2023/01/23 19:51:41 [debug] 22#22: *1 http header: \"Host: localhost:8080\"\n", 74) = 74
[pid    22] gettid()                    = 22
[pid    22] write(2, "2023/01/23 19:51:41 [debug] 22#22: *1 http header: \"User-Agent: curl/7.79.1\"\n", 77) = 77
[pid    22] gettid()                    = 22
[pid    22] write(2, "2023/01/23 19:51:41 [debug] 22#22: *1 http header: \"Accept: */*\"\n", 65) = 65
[pid    22] gettid()                    = 22
[pid    22] write(2, "2023/01/23 19:51:41 [debug] 22#22: *1 http header done\n", 55) = 55
[pid    22] gettid()                    = 22
[pid    22] write(2, "2023/01/23 19:51:41 [debug] 22#22: *1 event timer del: 3: 133235737\n", 68) = 68
[pid    22] gettid()                    = 22
[pid    22] write(2, "2023/01/23 19:51:41 [debug] 22#22: *1 generic phase: 0\n", 55) = 55
[pid    22] gettid()                    = 22
[pid    22] write(2, "2023/01/23 19:51:41 [debug] 22#22: *1 rewrite phase: 1\n", 55) = 55
[pid    22] gettid()                    = 22
[pid    22] write(2, "2023/01/23 19:51:41 [debug] 22#22: *1 rewrite phase: 2\n", 55) = 55
[pid    22] gettid()                    = 22
[pid    22] write(2, "2023/01/23 19:51:41 [debug] 22#22: *1 test location: \"/nopush_on\"\n", 66) = 66
[pid    22] gettid()                    = 22
[pid    22] write(2, "2023/01/23 19:51:41 [debug] 22#22: *1 using configuration \"/nopush_on\"\n", 71) = 71
[pid    22] gettid()                    = 22
[pid    22] write(2, "2023/01/23 19:51:41 [debug] 22#22: *1 http cl:-1 max:1048576\n", 61) = 61
[pid    22] gettid()                    = 22
[pid    22] write(2, "2023/01/23 19:51:41 [debug] 22#22: *1 rewrite phase: 4\n", 55) = 55
[pid    22] gettid()                    = 22
[pid    22] write(2, "2023/01/23 19:51:41 [debug] 22#22: *1 rewrite phase: 5\n", 55) = 55
[pid    22] gettid()                    = 22
[pid    22] write(2, "2023/01/23 19:51:41 [debug] 22#22: *1 post rewrite phase: 6\n", 60) = 60
[pid    22] gettid()                    = 22
[pid    22] write(2, "2023/01/23 19:51:41 [debug] 22#22: *1 generic phase: 7\n", 55) = 55
[pid    22] gettid()                    = 22
[pid    22] write(2, "2023/01/23 19:51:41 [debug] 22#22: *1 generic phase: 8\n", 55) = 55
[pid    22] gettid()                    = 22
[pid    22] write(2, "2023/01/23 19:51:41 [debug] 22#22: *1 generic phase: 9\n", 55) = 55
[pid    22] gettid()                    = 22
[pid    22] write(2, "2023/01/23 19:51:41 [debug] 22#22: *1 access phase: 10\n", 55) = 55
[pid    22] gettid()                    = 22
[pid    22] write(2, "2023/01/23 19:51:41 [debug] 22#22: *1 access phase: 11\n", 55) = 55
[pid    22] gettid()                    = 22
[pid    22] write(2, "2023/01/23 19:51:41 [debug] 22#22: *1 access phase: 12\n", 55) = 55
[pid    22] gettid()                    = 22
[pid    22] write(2, "2023/01/23 19:51:41 [debug] 22#22: *1 post access phase: 13\n", 60) = 60
[pid    22] gettid()                    = 22
[pid    22] write(2, "2023/01/23 19:51:41 [debug] 22#22: *1 generic phase: 14\n", 56) = 56
[pid    22] gettid()                    = 22
[pid    22] write(2, "2023/01/23 19:51:41 [debug] 22#22: *1 generic phase: 15\n", 56) = 56
[pid    22] gettid()                    = 22
[pid    22] write(2, "2023/01/23 19:51:41 [debug] 22#22: *1 content phase: 16\n", 56) = 56
[pid    22] gettid()                    = 22
[pid    22] write(2, "2023/01/23 19:51:41 [debug] 22#22: *1 content phase: 17\n", 56) = 56
[pid    22] gettid()                    = 22
[pid    22] write(2, "2023/01/23 19:51:41 [debug] 22#22: *1 content phase: 18\n", 56) = 56
[pid    22] gettid()                    = 22
[pid    22] write(2, "2023/01/23 19:51:41 [debug] 22#22: *1 content phase: 19\n", 56) = 56
[pid    22] gettid()                    = 22
[pid    22] write(2, "2023/01/23 19:51:41 [debug] 22#22: *1 content phase: 20\n", 56) = 56
[pid    22] gettid()                    = 22
[pid    22] write(2, "2023/01/23 19:51:41 [debug] 22#22: *1 content phase: 21\n", 56) = 56
[pid    22] gettid()                    = 22
[pid    22] write(2, "2023/01/23 19:51:41 [debug] 22#22: *1 http filename: \"/data//1K\"\n", 65) = 65
[pid    22] gettid()                    = 22
[pid    22] write(2, "2023/01/23 19:51:41 [debug] 22#22: *1 add cleanup: 00007F92D0BBB040\n", 68) = 68
[pid    22] open("/data//1K", O_RDONLY|O_NONBLOCK|O_LARGEFILE) = 4
[pid    22] fstat(4, {st_dev=makedev(0, 0x2f), st_ino=16, st_mode=S_IFREG|0644, st_nlink=1, st_uid=505, st_gid=20, st_blksize=4096, st_blocks=8, st_size=1024, st_atime=1674502535 /* 2023-01-23T19:35:35+0000 */, st_atime_nsec=0, st_mtime=1674501755 /* 2023-01-23T19:22:35+0000 */, st_mtime_nsec=0, st_ctime=1674501755 /* 2023-01-23T19:22:35+0000 */, st_ctime_nsec=0}) = 0
[pid    22] gettid()                    = 22
[pid    22] write(2, "2023/01/23 19:51:41 [debug] 22#22: *1 http static fd: 4\n", 56) = 56
[pid    22] gettid()                    = 22
[pid    22] write(2, "2023/01/23 19:51:41 [debug] 22#22: *1 http set discard body\n", 60) = 60
[pid    22] gettid()                    = 22
[pid    22] write(2, "2023/01/23 19:51:41 [debug] 22#22: *1 HTTP/1.1 200 OK\r\nServer: openresty/1.21.4.1\r\nDate: Mon, 23 Jan 2023 19:51:41 GMT\r\nContent-Type: text/plain\r\nContent-Length: 1024\r\nLast-Modified: Mon, 23 Jan 2023 19:22:35 GMT\r\nConnection: keep-alive\r\nETag: \"63cede7b-400\"\r\nAccept-Ranges: bytes\r\n\n", 283) = 283
[pid    22] gettid()                    = 22
[pid    22] write(2, "2023/01/23 19:51:41 [debug] 22#22: *1 write new buf t:1 f:0 00007F92D0BBBB50, pos 00007F92D0BBBB50, size: 246 file: 0, size: 0\n", 127) = 127
[pid    22] gettid()                    = 22
[pid    22] write(2, "2023/01/23 19:51:41 [debug] 22#22: *1 http write filter: l:0 f:0 s:246\n", 71) = 71
[pid    22] gettid()                    = 22
[pid    22] write(2, "2023/01/23 19:51:41 [debug] 22#22: *1 http output filter \"/nopush_on/1K?\"\n", 74) = 74
[pid    22] gettid()                    = 22
[pid    22] write(2, "2023/01/23 19:51:41 [debug] 22#22: *1 http copy filter: \"/nopush_on/1K?\"\n", 73) = 73
[pid    22] gettid()                    = 22
[pid    22] write(2, "2023/01/23 19:51:41 [debug] 22#22: *1 http postpone filter \"/nopush_on/1K?\" 00007FFC5DB3AE00\n", 93) = 93
[pid    22] gettid()                    = 22
[pid    22] write(2, "2023/01/23 19:51:41 [debug] 22#22: *1 write old buf t:1 f:0 00007F92D0BBBB50, pos 00007F92D0BBBB50, size: 246 file: 0, size: 0\n", 127) = 127
[pid    22] gettid()                    = 22
[pid    22] write(2, "2023/01/23 19:51:41 [debug] 22#22: *1 write new buf t:0 f:1 0000000000000000, pos 0000000000000000, size: 0 file: 0, size: 1024\n", 128) = 128
[pid    22] gettid()                    = 22
[pid    22] write(2, "2023/01/23 19:51:41 [debug] 22#22: *1 http write filter: l:1 f:0 s:1270\n", 72) = 72
[pid    22] gettid()                    = 22
[pid    22] write(2, "2023/01/23 19:51:41 [debug] 22#22: *1 http write filter limit 2097152\n", 70) = 70
[pid    22] setsockopt(3, SOL_TCP, TCP_CORK, [1], 4) = 0
[pid    22] gettid()                    = 22
[pid    22] write(2, "2023/01/23 19:51:41 [debug] 22#22: *1 tcp_nopush\n", 49) = 49
[pid    22] writev(3, [{iov_base="HTTP/1.1 200 OK\r\nServer: openresty/1.21.4.1\r\nDate: Mon, 23 Jan 2023 19:51:41 GMT\r\nContent-Type: text/plain\r\nContent-Length: 1024\r\nLast-Modified: Mon, 23 Jan 2023 19:22:35 GMT\r\nConnection: keep-alive\r\nETag: \"63cede7b-400\"\r\nAccept-Ranges: bytes\r\n\r\n", iov_len=246}], 1) = 246
[pid    22] gettid()                    = 22
[pid    22] write(2, "2023/01/23 19:51:41 [debug] 22#22: *1 writev: 246 of 246\n", 57) = 57
[pid    22] gettid()                    = 22
[pid    22] write(2, "2023/01/23 19:51:41 [debug] 22#22: *1 sendfile: @0 1024\n", 56) = 56
[pid    22] sendfile(3, 4, [0] => [1024], 1024) = 1024
[pid    22] gettid()                    = 22
[pid    22] write(2, "2023/01/23 19:51:41 [debug] 22#22: *1 sendfile: 1024 of 1024 @0\n", 64) = 64
[pid    22] gettid()                    = 22
[pid    22] write(2, "2023/01/23 19:51:41 [debug] 22#22: *1 http write filter 0000000000000000\n", 73) = 73
[pid    22] gettid()                    = 22
[pid    22] write(2, "2023/01/23 19:51:41 [debug] 22#22: *1 http copy filter: 0 \"/nopush_on/1K?\"\n", 75) = 75
[pid    22] gettid()                    = 22
[pid    22] write(2, "2023/01/23 19:51:41 [debug] 22#22: *1 http finalize request: 0, \"/nopush_on/1K?\" a:1, c:1\n", 90) = 90
[pid    22] gettid()                    = 22
[pid    22] write(2, "2023/01/23 19:51:41 [debug] 22#22: *1 set http keepalive handler\n", 65) = 65
[pid    22] gettid()                    = 22
[pid    22] write(2, "2023/01/23 19:51:41 [debug] 22#22: *1 http close request\n", 57) = 57
[pid    22] gettid()                    = 22
[pid    22] write(2, "2023/01/23 19:51:41 [debug] 22#22: *1 http log handler\n", 55) = 55
[pid    22] write(7, "time=\"2023-01-23T19:51:41+00:00\" remote_addr=\"172.28.0.1\" req=\"GET /nopush_on/1K HTTP/1.1\" status=\"200\" req_time=\"0.000\" bytes_sent=\"1024\" up_cache_status=\"-\" up_status=\"-\" up_addr\"-\" up_resp_time=\"-\" ref=\"-\" ua=\"curl/7.79.1\" scheme=\"http\"\n", 240) = 240
[pid    22] gettid()                    = 22
[pid    22] write(2, "2023/01/23 19:51:41 [debug] 22#22: *1 run cleanup: 00007F92D0BBB040\n", 68) = 68
[pid    22] gettid()                    = 22
[pid    22] write(2, "2023/01/23 19:51:41 [debug] 22#22: *1 file cleanup: fd:4\n", 57) = 57
[pid    22] close(4)                    = 0
[pid    22] gettid()                    = 22
[pid    22] write(2, "2023/01/23 19:51:41 [debug] 22#22: *1 free: 00007F92D0BBA1E0, unused: 8\n", 72) = 72
[pid    22] gettid()                    = 22
[pid    22] write(2, "2023/01/23 19:51:41 [debug] 22#22: *1 free: 00007F92D0BBB720, unused: 2300\n", 75) = 75
[pid    22] gettid()                    = 22
[pid    22] write(2, "2023/01/23 19:51:41 [debug] 22#22: *1 free: 00007F92D0BE3590\n", 61) = 61
[pid    22] gettid()                    = 22
[pid    22] write(2, "2023/01/23 19:51:41 [debug] 22#22: *1 hc free: 0000000000000000\n", 64) = 64
[pid    22] gettid()                    = 22
[pid    22] write(2, "2023/01/23 19:51:41 [debug] 22#22: *1 hc busy: 0000000000000000 0\n", 66) = 66
[pid    22] setsockopt(3, SOL_TCP, TCP_CORK, [0], 4) = 0
[pid    22] gettid()                    = 22
[pid    22] write(2, "2023/01/23 19:51:41 [debug] 22#22: *1 reusable connection: 1\n", 61) = 61
[pid    22] gettid()                    = 22
[pid    22] write(2, "2023/01/23 19:51:41 [debug] 22#22: *1 event timer add: 3: 75000:133250739\n", 74) = 74
[pid    22] gettid()                    = 22
[pid    22] write(2, "2023/01/23 19:51:41 [debug] 22#22: timer delta: 2\n", 50) = 50
[pid    22] gettid()                    = 22
[pid    22] write(2, "2023/01/23 19:51:41 [debug] 22#22: worker cycle\n", 48) = 48
[pid    22] gettid()                    = 22
[pid    22] write(2, "2023/01/23 19:51:41 [debug] 22#22: epoll timer: 75000\n", 54) = 54
[pid    22] epoll_pwait(9, [{events=EPOLLIN|EPOLLRDHUP, data={u32=3501177728, u64=140268543130496}}], 512, 75000, NULL, 8) = 1
[pid    22] clock_gettime(CLOCK_REALTIME, {tv_sec=1674503501, tv_nsec=315058000}) = 0
[pid    22] clock_gettime(CLOCK_MONOTONIC, {tv_sec=133175, tv_nsec=802319852}) = 0
[pid    22] gettid()                    = 22
[pid    22] write(2, "2023/01/23 19:51:41 [debug] 22#22: epoll: fd:3 ev:2001 d:00007F92D0AFBB80\n", 74) = 74
[pid    22] gettid()                    = 22
[pid    22] write(2, "2023/01/23 19:51:41 [debug] 22#22: *1 http keepalive handler\n", 61) = 61
[pid    22] gettid()                    = 22
[pid    22] write(2, "2023/01/23 19:51:41 [debug] 22#22: *1 malloc: 00007F92D0AF7AD0:1024\n", 68) = 68
[pid    22] gettid()                    = 22
[pid    22] write(2, "2023/01/23 19:51:41 [debug] 22#22: *1 recv: eof:1, avail:-1\n", 60) = 60
[pid    22] recvfrom(3, "", 1024, 0, NULL, NULL) = 0
[pid    22] gettid()                    = 22
[pid    22] write(2, "2023/01/23 19:51:41 [debug] 22#22: *1 recv: fd:3 0 of 1024\n", 59) = 59
[pid    22] gettid()                    = 22
[pid    22] write(2, "2023/01/23 19:51:41 [info] 22#22: *1 client 172.28.0.1 closed keepalive connection\n", 83) = 83
[pid    22] gettid()                    = 22
[pid    22] write(2, "2023/01/23 19:51:41 [debug] 22#22: *1 close http connection: 3\n", 63) = 63
[pid    22] gettid()                    = 22
[pid    22] write(2, "2023/01/23 19:51:41 [debug] 22#22: *1 event timer del: 3: 133250739\n", 68) = 68
[pid    22] gettid()                    = 22
[pid    22] write(2, "2023/01/23 19:51:41 [debug] 22#22: *1 reusable connection: 0\n", 61) = 61
[pid    22] close(3)                    = 0
[pid    22] gettid()                    = 22
[pid    22] write(2, "2023/01/23 19:51:41 [debug] 22#22: *1 free: 00007F92D0AF7AD0\n", 61) = 61
[pid    22] gettid()                    = 22
[pid    22] write(2, "2023/01/23 19:51:41 [debug] 22#22: *1 free: 00007F92D0AC06D0, unused: 136\n", 74) = 74
[pid    22] gettid()                    = 22
[pid    22] write(2, "2023/01/23 19:51:41 [debug] 22#22: timer delta: 63\n", 51) = 51
[pid    22] gettid()                    = 22
[pid    22] write(2, "2023/01/23 19:51:41 [debug] 22#22: worker cycle\n", 48) = 48
[pid    22] gettid()                    = 22
[pid    22] write(2, "2023/01/23 19:51:41 [debug] 22#22: epoll timer: -1\n", 51) = 51
[pid    22] epoll_pwait(9,
