[pid    23] epoll_pwait(10, [{events=EPOLLIN, data={u32=4110698464, u64=140054404286432}}], 512, -1, NULL, 8) = 1
[pid    23] clock_gettime(CLOCK_REALTIME, {tv_sec=1673891702, tv_nsec=183741000}) = 0
[pid    23] clock_gettime(CLOCK_MONOTONIC, {tv_sec=387584, tv_nsec=254104239}) = 0
[pid    23] gettid()                    = 23
[pid    23] write(2, "2023/01/16 17:55:02 [debug] 23#23: epoll: fd:5 ev:0001 d:00007F60F50447E0\n", 74) = 74
[pid    23] gettid()                    = 23
[pid    23] write(2, "2023/01/16 17:55:02 [debug] 23#23: accept on 0.0.0.0:8080, ready: 0\n", 68) = 68
[pid    23] accept4(5, {sa_family=AF_INET, sin_port=htons(52190), sin_addr=inet_addr("192.168.48.1")}, [112 => 16], SOCK_CLOEXEC|SOCK_NONBLOCK) = 3
[pid    23] gettid()                    = 23
[pid    23] write(2, "2023/01/16 17:55:02 [debug] 23#23: posix_memalign: 00007F60F50C1940:512 @16\n", 76) = 76
[pid    23] gettid()                    = 23
[pid    23] write(2, "2023/01/16 17:55:02 [debug] 23#23: *4 accept: 192.168.48.1:52190 fd:3\n", 70) = 70
[pid    23] gettid()                    = 23
[pid    23] write(2, "2023/01/16 17:55:02 [debug] 23#23: *4 event timer add: 3: 60000:387644254\n", 74) = 74
[pid    23] gettid()                    = 23
[pid    23] write(2, "2023/01/16 17:55:02 [debug] 23#23: *4 reusable connection: 1\n", 61) = 61
[pid    23] gettid()                    = 23
[pid    23] write(2, "2023/01/16 17:55:02 [debug] 23#23: *4 epoll add event: fd:3 op:1 ev:80002001\n", 77) = 77
[pid    23] epoll_ctl(10, EPOLL_CTL_ADD, 3, {events=EPOLLIN|EPOLLRDHUP|EPOLLET, data={u32=4110699425, u64=140054404287393}}) = 0
[pid    23] gettid()                    = 23
[pid    23] write(2, "2023/01/16 17:55:02 [debug] 23#23: timer delta: 49243\n", 54) = 54
[pid    23] gettid()                    = 23
[pid    23] write(2, "2023/01/16 17:55:02 [debug] 23#23: worker cycle\n", 48) = 48
[pid    23] gettid()                    = 23
[pid    23] write(2, "2023/01/16 17:55:02 [debug] 23#23: epoll timer: 60000\n", 54) = 54
[pid    23] epoll_pwait(10, [{events=EPOLLIN, data={u32=4110699425, u64=140054404287393}}], 512, 60000, NULL, 8) = 1
[pid    23] clock_gettime(CLOCK_REALTIME, {tv_sec=1673891702, tv_nsec=191405000}) = 0
[pid    23] clock_gettime(CLOCK_MONOTONIC, {tv_sec=387584, tv_nsec=261244239}) = 0
[pid    23] gettid()                    = 23
[pid    23] write(2, "2023/01/16 17:55:02 [debug] 23#23: epoll: fd:3 ev:0001 d:00007F60F5044BA1\n", 74) = 74
[pid    23] gettid()                    = 23
[pid    23] write(2, "2023/01/16 17:55:02 [debug] 23#23: *4 http wait request handler\n", 64) = 64
[pid    23] gettid()                    = 23
[pid    23] write(2, "2023/01/16 17:55:02 [debug] 23#23: *4 malloc: 00007F60F500DDA0:1024\n", 68) = 68
[pid    23] gettid()                    = 23
[pid    23] write(2, "2023/01/16 17:55:02 [debug] 23#23: *4 recv: eof:0, avail:-1\n", 60) = 60
[pid    23] recvfrom(3, "GET /1K HTTP/1.1\r\nHost: localhost:8080\r\nUser-Agent: curl/7.79.1\r\nAccept: */*\r\n\r\n", 1024, 0, NULL, NULL) = 80
[pid    23] gettid()                    = 23
[pid    23] write(2, "2023/01/16 17:55:02 [debug] 23#23: *4 recv: fd:3 80 of 1024\n", 60) = 60
[pid    23] gettid()                    = 23
[pid    23] write(2, "2023/01/16 17:55:02 [debug] 23#23: *4 reusable connection: 0\n", 61) = 61
[pid    23] gettid()                    = 23
[pid    23] write(2, "2023/01/16 17:55:02 [debug] 23#23: *4 posix_memalign: 00007F60F51060F0:4096 @16\n", 80) = 80
[pid    23] gettid()                    = 23
[pid    23] write(2, "2023/01/16 17:55:02 [debug] 23#23: *4 http process request line\n", 64) = 64
[pid    23] gettid()                    = 23
[pid    23] write(2, "2023/01/16 17:55:02 [debug] 23#23: *4 http request line: \"GET /1K HTTP/1.1\"\n", 76) = 76
[pid    23] gettid()                    = 23
[pid    23] write(2, "2023/01/16 17:55:02 [debug] 23#23: *4 http uri: \"/1K\"\n", 54) = 54
[pid    23] gettid()                    = 23
[pid    23] write(2, "2023/01/16 17:55:02 [debug] 23#23: *4 http args: \"\"\n", 52) = 52
[pid    23] gettid()                    = 23
[pid    23] write(2, "2023/01/16 17:55:02 [debug] 23#23: *4 http exten: \"\"\n", 53) = 53
[pid    23] gettid()                    = 23
[pid    23] write(2, "2023/01/16 17:55:02 [debug] 23#23: *4 posix_memalign: 00007F60F5107630:4096 @16\n", 80) = 80
[pid    23] gettid()                    = 23
[pid    23] write(2, "2023/01/16 17:55:02 [debug] 23#23: *4 http process request header line\n", 71) = 71
[pid    23] gettid()                    = 23
[pid    23] write(2, "2023/01/16 17:55:02 [debug] 23#23: *4 http header: \"Host: localhost:8080\"\n", 74) = 74
[pid    23] gettid()                    = 23
[pid    23] write(2, "2023/01/16 17:55:02 [debug] 23#23: *4 http header: \"User-Agent: curl/7.79.1\"\n", 77) = 77
[pid    23] gettid()                    = 23
[pid    23] write(2, "2023/01/16 17:55:02 [debug] 23#23: *4 http header: \"Accept: */*\"\n", 65) = 65
[pid    23] gettid()                    = 23
[pid    23] write(2, "2023/01/16 17:55:02 [debug] 23#23: *4 http header done\n", 55) = 55
[pid    23] gettid()                    = 23
[pid    23] write(2, "2023/01/16 17:55:02 [debug] 23#23: *4 event timer del: 3: 387644254\n", 68) = 68
[pid    23] gettid()                    = 23
[pid    23] write(2, "2023/01/16 17:55:02 [debug] 23#23: *4 generic phase: 0\n", 55) = 55
[pid    23] gettid()                    = 23
[pid    23] write(2, "2023/01/16 17:55:02 [debug] 23#23: *4 rewrite phase: 1\n", 55) = 55
[pid    23] gettid()                    = 23
[pid    23] write(2, "2023/01/16 17:55:02 [debug] 23#23: *4 rewrite phase: 2\n", 55) = 55
[pid    23] gettid()                    = 23
[pid    23] write(2, "2023/01/16 17:55:02 [debug] 23#23: *4 test location: \"/\"\n", 57) = 57
[pid    23] gettid()                    = 23
[pid    23] write(2, "2023/01/16 17:55:02 [debug] 23#23: *4 using configuration \"/\"\n", 62) = 62
[pid    23] gettid()                    = 23
[pid    23] write(2, "2023/01/16 17:55:02 [debug] 23#23: *4 http cl:-1 max:1048576\n", 61) = 61
[pid    23] gettid()                    = 23
[pid    23] write(2, "2023/01/16 17:55:02 [debug] 23#23: *4 rewrite phase: 4\n", 55) = 55
[pid    23] gettid()                    = 23
[pid    23] write(2, "2023/01/16 17:55:02 [debug] 23#23: *4 rewrite phase: 5\n", 55) = 55
[pid    23] gettid()                    = 23
[pid    23] write(2, "2023/01/16 17:55:02 [debug] 23#23: *4 post rewrite phase: 6\n", 60) = 60
[pid    23] gettid()                    = 23
[pid    23] write(2, "2023/01/16 17:55:02 [debug] 23#23: *4 generic phase: 7\n", 55) = 55
[pid    23] gettid()                    = 23
[pid    23] write(2, "2023/01/16 17:55:02 [debug] 23#23: *4 generic phase: 8\n", 55) = 55
[pid    23] gettid()                    = 23
[pid    23] write(2, "2023/01/16 17:55:02 [debug] 23#23: *4 generic phase: 9\n", 55) = 55
[pid    23] gettid()                    = 23
[pid    23] write(2, "2023/01/16 17:55:02 [debug] 23#23: *4 access phase: 10\n", 55) = 55
[pid    23] gettid()                    = 23
[pid    23] write(2, "2023/01/16 17:55:02 [debug] 23#23: *4 access phase: 11\n", 55) = 55
[pid    23] gettid()                    = 23
[pid    23] write(2, "2023/01/16 17:55:02 [debug] 23#23: *4 access phase: 12\n", 55) = 55
[pid    23] gettid()                    = 23
[pid    23] write(2, "2023/01/16 17:55:02 [debug] 23#23: *4 access phase: 13\n", 55) = 55
[pid    23] gettid()                    = 23
[pid    23] write(2, "2023/01/16 17:55:02 [debug] 23#23: *4 lua access handler, uri:\"/1K\" c:1\n", 72) = 72
[pid    23] gettid()                    = 23
[pid    23] write(2, "2023/01/16 17:55:02 [debug] 23#23: *4 code cache lookup (key='access_by_lua_nhli_c23aa0a4963a0b0bd5f3b17fd26d55f1', ref=-1)\n", 124) = 124
[pid    23] gettid()                    = 23
[pid    23] write(2, "2023/01/16 17:55:02 [debug] 23#23: *4 code cache miss (key='access_by_lua_nhli_c23aa0a4963a0b0bd5f3b17fd26d55f1', ref=-1)\n", 122) = 122
[pid    23] gettid()                    = 23
[pid    23] write(2, "2023/01/16 17:55:02 [debug] 23#23: *4 lua creating new thread\n", 62) = 62
[pid    23] gettid()                    = 23
[pid    23] write(2, "2023/01/16 17:55:02 [debug] 23#23: *4 lua reusing cached lua thread 00007F60F4FAAED0 (ref 1)\n", 93) = 93
[pid    23] gettid()                    = 23
[pid    23] write(2, "2023/01/16 17:55:02 [debug] 23#23: *4 lua reset ctx\n", 52) = 52
[pid    23] gettid()                    = 23
[pid    23] write(2, "2023/01/16 17:55:02 [debug] 23#23: *4 http lua finalize threads\n", 64) = 64
[pid    23] gettid()                    = 23
[pid    23] write(2, "2023/01/16 17:55:02 [debug] 23#23: *4 http cleanup add: 00007F60F51070B8\n", 73) = 73
[pid    23] gettid()                    = 23
[pid    23] write(2, "2023/01/16 17:55:02 [debug] 23#23: *4 lua run thread, top:0 c:1\n", 64) = 64
[pid    23] gettid()                    = 23
[pid    23] write(2, "2023/01/16 17:55:02 [error] 23#23: *4 [lua] access_by_lua(nginx.conf:25):2: access_lua_block HTTP, client: 192.168.48.1, server: , request: \"GET /1K HTTP/1.1\", host: \"localhost:8080\"\n", 183) = 183
[pid    23] gettid()                    = 23
[pid    23] write(2, "2023/01/16 17:55:02 [debug] 23#23: *4 lua resume returned 0\n", 60) = 60
[pid    23] gettid()                    = 23
[pid    23] write(2, "2023/01/16 17:55:02 [debug] 23#23: *4 lua light thread ended normally\n", 70) = 70
[pid    23] gettid()                    = 23
[pid    23] write(2, "2023/01/16 17:55:02 [debug] 23#23: *4 lua deleting light thread 00007F60F4FAAED0 (ref 1)\n", 89) = 89
[pid    23] gettid()                    = 23
[pid    23] write(2, "2023/01/16 17:55:02 [debug] 23#23: *4 lua caching unused lua thread 00007F60F4FAAED0 (ref 1)\n", 93) = 93
[pid    23] gettid()                    = 23
[pid    23] write(2, "2023/01/16 17:55:02 [debug] 23#23: *4 post access phase: 14\n", 60) = 60
[pid    23] gettid()                    = 23
[pid    23] write(2, "2023/01/16 17:55:02 [debug] 23#23: *4 generic phase: 15\n", 56) = 56
[pid    23] gettid()                    = 23
[pid    23] write(2, "2023/01/16 17:55:02 [debug] 23#23: *4 generic phase: 16\n", 56) = 56
[pid    23] gettid()                    = 23
[pid    23] write(2, "2023/01/16 17:55:02 [debug] 23#23: *4 content phase: 17\n", 56) = 56
[pid    23] gettid()                    = 23
[pid    23] write(2, "2023/01/16 17:55:02 [debug] 23#23: *4 content phase: 18\n", 56) = 56
[pid    23] gettid()                    = 23
[pid    23] write(2, "2023/01/16 17:55:02 [debug] 23#23: *4 content phase: 19\n", 56) = 56
[pid    23] gettid()                    = 23
[pid    23] write(2, "2023/01/16 17:55:02 [debug] 23#23: *4 content phase: 20\n", 56) = 56
[pid    23] gettid()                    = 23
[pid    23] write(2, "2023/01/16 17:55:02 [debug] 23#23: *4 content phase: 21\n", 56) = 56
[pid    23] gettid()                    = 23
[pid    23] write(2, "2023/01/16 17:55:02 [debug] 23#23: *4 content phase: 22\n", 56) = 56
[pid    23] gettid()                    = 23
[pid    23] write(2, "2023/01/16 17:55:02 [debug] 23#23: *4 http filename: \"/data/1K\"\n", 64) = 64
[pid    23] gettid()                    = 23
[pid    23] write(2, "2023/01/16 17:55:02 [debug] 23#23: *4 add cleanup: 00007F60F5107A10\n", 68) = 68
[pid    23] open("/data/1K", O_RDONLY|O_NONBLOCK|O_LARGEFILE) = 4
[pid    23] fstat(4, {st_dev=makedev(0, 0x2f), st_ino=5315, st_mode=S_IFREG|0644, st_nlink=1, st_uid=505, st_gid=20, st_blksize=4096, st_blocks=8, st_size=1024, st_atime=1673890312 /* 2023-01-16T17:31:52+0000 */, st_atime_nsec=0, st_mtime=1673889455 /* 2023-01-16T17:17:35+0000 */, st_mtime_nsec=0, st_ctime=1673889455 /* 2023-01-16T17:17:35+0000 */, st_ctime_nsec=0}) = 0
[pid    23] gettid()                    = 23
[pid    23] write(2, "2023/01/16 17:55:02 [debug] 23#23: *4 http static fd: 4\n", 56) = 56
[pid    23] gettid()                    = 23
[pid    23] write(2, "2023/01/16 17:55:02 [debug] 23#23: *4 http set discard body\n", 60) = 60
[pid    23] gettid()                    = 23
[pid    23] write(2, "2023/01/16 17:55:02 [debug] 23#23: *4 lua capture header filter, uri \"/1K\"\n", 75) = 75
[pid    23] gettid()                    = 23
[pid    23] write(2, "2023/01/16 17:55:02 [debug] 23#23: *4 HTTP/1.1 200 OK\r\nServer: openresty/1.21.4.1\r\nDate: Mon, 16 Jan 2023 17:55:02 GMT\r\nContent-Type: text/plain\r\nContent-Length: 1024\r\nLast-Modified: Mon, 16 Jan 2023 17:17:35 GMT\r\nConnection: keep-alive\r\nETag: \"63c586af-400\"\r\nAccept-Ranges: bytes\r\n\n", 283) = 283
[pid    23] gettid()                    = 23
[pid    23] write(2, "2023/01/16 17:55:02 [debug] 23#23: *4 write new buf t:1 f:0 00007F60F5107BF8, pos 00007F60F5107BF8, size: 246 file: 0, size: 0\n", 127) = 127
[pid    23] gettid()                    = 23
[pid    23] write(2, "2023/01/16 17:55:02 [debug] 23#23: *4 http write filter: l:0 f:0 s:246\n", 71) = 71
[pid    23] gettid()                    = 23
[pid    23] write(2, "2023/01/16 17:55:02 [debug] 23#23: *4 http output filter \"/1K?\"\n", 64) = 64
[pid    23] gettid()                    = 23
[pid    23] write(2, "2023/01/16 17:55:02 [debug] 23#23: *4 http copy filter: \"/1K?\"\n", 63) = 63
[pid    23] gettid()                    = 23
[pid    23] write(2, "2023/01/16 17:55:02 [debug] 23#23: *4 read: 4, 00007F60F5107DE8, 1024, 0\n", 73) = 73
[pid    23] pread64(4, "b\16\205\206Q\216X\311\237\220\356\375Q1\231K>\302\202\350\277\\\317\207\375A\3659\20\25\232\230\361M\311H\315\250\332\23\240\37qZ>j\372\25\201\341C\2718\222\f\225\34Q\0H\346\323{\6@\302\324\240\356\321\247\224\341\221N\374\342\206\303\377ZBE\242\341\326c\1*\27|\222\3132\31^\5\270S\6\3060*hb\253\306\320\223\253\35\252\306\2046\317\272\v\310B\31\376\230\322\304f\234:\325\242\362\220a\304\216\337\7\273+\211O\35\242n\344\364b\2540\264\366\0\307\230\324\343\34\22\313w\2179\342\213\v?\377.\327\322\17\304\340@a\33\243\301J\360<\223B\25\356\2322\0\31\272\270#\276\251\242\26\17F\221\327\301NHaU=\237\333vW'\304\236\335\235\202\236\221\231\0L\224S\271\235\201\374\263B$y%\6\253\307Hw=\340\32Vfh\356\4\235\226\355\313`\2204\204\340\257M,U\34\3632\203\22\214W\260\245\306\356(\0`\16\375\3\272h\205\351\305\340VE\257\352w\343C\322\0;\300\273\202\363\3446!\231{\0\325\365f\330\3}\2635SVDM$\250\343e\nX\200\230\206\324}\rgI\231\375\277\335y\217\314\266\315\352\20*\365\245K\200\261B\26\247\260\253^\r\3\2231\220\303\t8\252\214zE\234\224\255\352f\5\213\324/\330\377\266?\220\232\275U\270\310\"@\34|\277\272\375%\0\3756\314y~Q~)\f\360X\4Ip\225\370th/s\301\201\250v\313\r\352\250\201\31\264b?\270\rDD\337\"~\250&\354\357\t\274\\\5\336E\341\3%\333\276\233\350\305\262\256RE\262\302\215K\344\0-D2\20\245\264*\237\361\304\32[\260\325\370\215~\213\307X\321\25\2665\23\324\17W\177\24\344Z\2376\236\3506\245P]Q\272\254\274\253\0330m\365l\35\30\rB\262\302%\372\206\35\341\204\34V\231{\25\261YW\202*\226\206>\24\332\213\35[A\371N\320\325\315\301\"n\365\266\202\251\3162\270wp\"x\270\344\31$\207@n\177'\250+\362\315\250\271\307\247T\374\6\1\2664\254\301\330\26\371\206\312\360\263\332\0i\257\250\245v\210\366\336\274\316\321-\353y\246s\337\356\247\313\246TsM;{'h\203\363\275o\\x\243fW\177\347\273\304F` \0361\350\234t`\373\230\361Q\345h;c\233\206h\261m\323\271\274\335\342\244|\271\373\330>\32)~\26\r \346\f\264ZgD\27\245k=Q/\316K\22>\6\17;\226\10=l2\1\354\244\263\\eb\262\300\0226\367\361\325\177\225/\244\363y\3160\361\267\7d\334\26g\247+\341\344\277\3307l\357@\272\222d\242e\246\205B,\312k\347\375\0202g\301\316\311K\275\217k0y=1\225'\265\303\322\377U\333\376\313\360S-J\247o\3140\7\t\31\302R!\356\377\0\367\242\1\367\6\236L[\351\335\224\241\36\336\5\357'\340\373\5\223\f\325\254\31\336%\227\23D\320\335\374\252\267\360\214\262\331\"\365Bz+q8oq\372\257.8x_\\\316\276\325?\264\364\311\r\323)\5\365\243Zh\241\252\276\20S\342\267\201\373\341\217\341\366\313X\315\323e\326\25<\254W\223\205\6IaN\323\253~\244\302\206rh\326\301M\0\302\0247\214=c\24\3156v\215\257h\341F4\n\1l<\277\210L\226P\353%\331\236\3728\371\350\341P\232\21t\365\233\212\267\244\236?\252\2457$\362\337\1\355F\361\320\27\333\236F\31\245\231\200\34o\2466\364\340jkz\206\v\371\263\33\r\247\245%1\201\217\261\256\254\266z\334iW\207~cza\243\240z\267\220\367\7\24w\310j2\0234\326\310cB\326\374\261!&\261\272\224", 1024, 0) = 1024
[pid    23] gettid()                    = 23
[pid    23] write(2, "2023/01/16 17:55:02 [debug] 23#23: *4 lua capture body filter, uri \"/1K\"\n", 73) = 73
[pid    23] gettid()                    = 23
[pid    23] write(2, "2023/01/16 17:55:02 [debug] 23#23: *4 http postpone filter \"/1K?\" 00007F60F51081E8\n", 83) = 83
[pid    23] gettid()                    = 23
[pid    23] write(2, "2023/01/16 17:55:02 [debug] 23#23: *4 write old buf t:1 f:0 00007F60F5107BF8, pos 00007F60F5107BF8, size: 246 file: 0, size: 0\n", 127) = 127
[pid    23] gettid()                    = 23
[pid    23] write(2, "2023/01/16 17:55:02 [debug] 23#23: *4 write new buf t:1 f:0 00007F60F5107DE8, pos 00007F60F5107DE8, size: 1024 file: 0, size: 0\n", 128) = 128
[pid    23] gettid()                    = 23
[pid    23] write(2, "2023/01/16 17:55:02 [debug] 23#23: *4 http write filter: l:1 f:0 s:1270\n", 72) = 72
[pid    23] gettid()                    = 23
[pid    23] write(2, "2023/01/16 17:55:02 [debug] 23#23: *4 http write filter limit 2097152\n", 70) = 70
[pid    23] writev(3, [{iov_base="HTTP/1.1 200 OK\r\nServer: openresty/1.21.4.1\r\nDate: Mon, 16 Jan 2023 17:55:02 GMT\r\nContent-Type: text/plain\r\nContent-Length: 1024\r\nLast-Modified: Mon, 16 Jan 2023 17:17:35 GMT\r\nConnection: keep-alive\r\nETag: \"63c586af-400\"\r\nAccept-Ranges: bytes\r\n\r\n", iov_len=246}, {iov_base="b\16\205\206Q\216X\311\237\220\356\375Q1\231K>\302\202\350\277\\\317\207\375A\3659\20\25\232\230\361M\311H\315\250\332\23\240\37qZ>j\372\25\201\341C\2718\222\f\225\34Q\0H\346\323{\6@\302\324\240\356\321\247\224\341\221N\374\342\206\303\377ZBE\242\341\326c\1*\27|\222\3132\31^\5\270S\6\3060*hb\253\306\320\223\253\35\252\306\2046\317\272\v\310B\31\376\230\322\304f\234:\325\242\362\220a\304\216\337\7\273+\211O\35\242n\344\364b\2540\264\366\0\307\230\324\343\34\22\313w\2179\342\213\v?\377.\327\322\17\304\340@a\33\243\301J\360<\223B\25\356\2322\0\31\272\270#\276\251\242\26\17F\221\327\301NHaU=\237\333vW'\304\236\335\235\202\236\221\231\0L\224S\271\235\201\374\263B$y%\6\253\307Hw=\340\32Vfh\356\4\235\226\355\313`\2204\204\340\257M,U\34\3632\203\22\214W\260\245\306\356(\0`\16\375\3\272h\205\351\305\340VE\257\352w\343C\322\0;\300\273\202\363\3446!\231{\0\325\365f\330\3}\2635SVDM$\250\343e\nX\200\230\206\324}\rgI\231\375\277\335y\217\314\266\315\352\20*\365\245K\200\261B\26\247\260\253^\r\3\2231\220\303\t8\252\214zE\234\224\255\352f\5\213\324/\330\377\266?\220\232\275U\270\310\"@\34|\277\272\375%\0\3756\314y~Q~)\f\360X\4Ip\225\370th/s\301\201\250v\313\r\352\250\201\31\264b?\270\rDD\337\"~\250&\354\357\t\274\\\5\336E\341\3%\333\276\233\350\305\262\256RE\262\302\215K\344\0-D2\20\245\264*\237\361\304\32[\260\325\370\215~\213\307X\321\25\2665\23\324\17W\177\24\344Z\2376\236\3506\245P]Q\272\254\274\253\0330m\365l\35\30\rB\262\302%\372\206\35\341\204\34V\231{\25\261YW\202*\226\206>\24\332\213\35[A\371N\320\325\315\301\"n\365\266\202\251\3162\270wp\"x\270\344\31$\207@n\177'\250+\362\315\250\271\307\247T\374\6\1\2664\254\301\330\26\371\206\312\360\263\332\0i\257\250\245v\210\366\336\274\316\321-\353y\246s\337\356\247\313\246TsM;{'h\203\363\275o\\x\243fW\177\347\273\304F` \0361\350\234t`\373\230\361Q\345h;c\233\206h\261m\323\271\274\335\342\244|\271\373\330>\32)~\26\r \346\f\264ZgD\27\245k=Q/\316K\22>\6\17;\226\10=l2\1\354\244\263\\eb\262\300\0226\367\361\325\177\225/\244\363y\3160\361\267\7d\334\26g\247+\341\344\277\3307l\357@\272\222d\242e\246\205B,\312k\347\375\0202g\301\316\311K\275\217k0y=1\225'\265\303\322\377U\333\376\313\360S-J\247o\3140\7\t\31\302R!\356\377\0\367\242\1\367\6\236L[\351\335\224\241\36\336\5\357'\340\373\5\223\f\325\254\31\336%\227\23D\320\335\374\252\267\360\214\262\331\"\365Bz+q8oq\372\257.8x_\\\316\276\325?\264\364\311\r\323)\5\365\243Zh\241\252\276\20S\342\267\201\373\341\217\341\366\313X\315\323e\326\25<\254W\223\205\6IaN\323\253~\244\302\206rh\326\301M\0\302\0247\214=c\24\3156v\215\257h\341F4\n\1l<\277\210L\226P\353%\331\236\3728\371\350\341P\232\21t\365\233\212\267\244\236?\252\2457$\362\337\1\355F\361\320\27\333\236F\31\245\231\200\34o\2466\364\340jkz\206\v\371\263\33\r\247\245%1\201\217\261\256\254\266z\334iW\207~cza\243\240z\267\220\367\7\24w\310j2\0234\326\310cB\326\374\261!&\261\272\224", iov_len=1024}], 2) = 1270
[pid    23] gettid()                    = 23
[pid    23] write(2, "2023/01/16 17:55:02 [debug] 23#23: *4 writev: 1270 of 1270\n", 59) = 59
[pid    23] gettid()                    = 23
[pid    23] write(2, "2023/01/16 17:55:02 [debug] 23#23: *4 http write filter 0000000000000000\n", 73) = 73
[pid    23] gettid()                    = 23
[pid    23] write(2, "2023/01/16 17:55:02 [debug] 23#23: *4 http copy filter: 0 \"/1K?\"\n", 65) = 65
[pid    23] gettid()                    = 23
[pid    23] write(2, "2023/01/16 17:55:02 [debug] 23#23: *4 http finalize request: 0, \"/1K?\" a:1, c:1\n", 80) = 80
[pid    23] gettid()                    = 23
[pid    23] write(2, "2023/01/16 17:55:02 [debug] 23#23: *4 set http keepalive handler\n", 65) = 65
[pid    23] gettid()                    = 23
[pid    23] write(2, "2023/01/16 17:55:02 [debug] 23#23: *4 http close request\n", 57) = 57
[pid    23] gettid()                    = 23
[pid    23] write(2, "2023/01/16 17:55:02 [debug] 23#23: *4 lua request cleanup: forcible=0\n", 70) = 70
[pid    23] gettid()                    = 23
[pid    23] write(2, "2023/01/16 17:55:02 [debug] 23#23: *4 http lua finalize threads\n", 64) = 64
[pid    23] gettid()                    = 23
[pid    23] write(2, "2023/01/16 17:55:02 [debug] 23#23: *4 http log handler\n", 55) = 55
[pid    23] write(8, "192.168.48.1 - - [16/Jan/2023:17:55:02 +0000] \"GET /1K HTTP/1.1\" 200 1024 \"-\" \"curl/7.79.1\"\n", 92) = 92
[pid    23] gettid()                    = 23
[pid    23] write(2, "2023/01/16 17:55:02 [debug] 23#23: *4 run cleanup: 00007F60F5107A10\n", 68) = 68
[pid    23] gettid()                    = 23
[pid    23] write(2, "2023/01/16 17:55:02 [debug] 23#23: *4 file cleanup: fd:4\n", 57) = 57
[pid    23] close(4)                    = 0
[pid    23] gettid()                    = 23
[pid    23] write(2, "2023/01/16 17:55:02 [debug] 23#23: *4 free: 00007F60F51060F0, unused: 0\n", 72) = 72
[pid    23] gettid()                    = 23
[pid    23] write(2, "2023/01/16 17:55:02 [debug] 23#23: *4 free: 00007F60F5107630, unused: 939\n", 74) = 74
[pid    23] gettid()                    = 23
[pid    23] write(2, "2023/01/16 17:55:02 [debug] 23#23: *4 free: 00007F60F500DDA0\n", 61) = 61
[pid    23] gettid()                    = 23
[pid    23] write(2, "2023/01/16 17:55:02 [debug] 23#23: *4 hc free: 0000000000000000\n", 64) = 64
[pid    23] gettid()                    = 23
[pid    23] write(2, "2023/01/16 17:55:02 [debug] 23#23: *4 hc busy: 0000000000000000 0\n", 66) = 66
[pid    23] gettid()                    = 23
[pid    23] write(2, "2023/01/16 17:55:02 [debug] 23#23: *4 tcp_nodelay\n", 50) = 50
[pid    23] setsockopt(3, SOL_TCP, TCP_NODELAY, [1], 4) = 0
[pid    23] gettid()                    = 23
[pid    23] write(2, "2023/01/16 17:55:02 [debug] 23#23: *4 reusable connection: 1\n", 61) = 61
[pid    23] gettid()                    = 23
[pid    23] write(2, "2023/01/16 17:55:02 [debug] 23#23: *4 event timer add: 3: 75000:387659261\n", 74) = 74
[pid    23] gettid()                    = 23
[pid    23] write(2, "2023/01/16 17:55:02 [debug] 23#23: timer delta: 7\n", 50) = 50
[pid    23] gettid()                    = 23
[pid    23] write(2, "2023/01/16 17:55:02 [debug] 23#23: worker cycle\n", 48) = 48
[pid    23] gettid()                    = 23
[pid    23] write(2, "2023/01/16 17:55:02 [debug] 23#23: epoll timer: 75000\n", 54) = 54
[pid    23] epoll_pwait(10, [{events=EPOLLIN|EPOLLRDHUP, data={u32=4110699425, u64=140054404287393}}], 512, 75000, NULL, 8) = 1
[pid    23] clock_gettime(CLOCK_REALTIME, {tv_sec=1673891702, tv_nsec=229211000}) = 0
[pid    23] clock_gettime(CLOCK_MONOTONIC, {tv_sec=387584, tv_nsec=299105239}) = 0
[pid    23] gettid()                    = 23
[pid    23] write(2, "2023/01/16 17:55:02 [debug] 23#23: epoll: fd:3 ev:2001 d:00007F60F5044BA1\n", 74) = 74
[pid    23] gettid()                    = 23
[pid    23] write(2, "2023/01/16 17:55:02 [debug] 23#23: *4 http keepalive handler\n", 61) = 61
[pid    23] gettid()                    = 23
[pid    23] write(2, "2023/01/16 17:55:02 [debug] 23#23: *4 malloc: 00007F60F500DDB0:1024\n", 68) = 68
[pid    23] gettid()                    = 23
[pid    23] write(2, "2023/01/16 17:55:02 [debug] 23#23: *4 recv: eof:1, avail:-1\n", 60) = 60
[pid    23] recvfrom(3, "", 1024, 0, NULL, NULL) = 0
[pid    23] gettid()                    = 23
[pid    23] write(2, "2023/01/16 17:55:02 [debug] 23#23: *4 recv: fd:3 0 of 1024\n", 59) = 59
[pid    23] gettid()                    = 23
[pid    23] write(2, "2023/01/16 17:55:02 [info] 23#23: *4 client 192.168.48.1 closed keepalive connection\n", 85) = 85
[pid    23] gettid()                    = 23
[pid    23] write(2, "2023/01/16 17:55:02 [debug] 23#23: *4 close http connection: 3\n", 63) = 63
[pid    23] gettid()                    = 23
[pid    23] write(2, "2023/01/16 17:55:02 [debug] 23#23: *4 event timer del: 3: 387659261\n", 68) = 68
[pid    23] gettid()                    = 23
[pid    23] write(2, "2023/01/16 17:55:02 [debug] 23#23: *4 reusable connection: 0\n", 61) = 61
[pid    23] close(3)                    = 0
[pid    23] gettid()                    = 23
[pid    23] write(2, "2023/01/16 17:55:02 [debug] 23#23: *4 free: 00007F60F500DDB0\n", 61) = 61
[pid    23] gettid()                    = 23
[pid    23] write(2, "2023/01/16 17:55:02 [debug] 23#23: *4 free: 00007F60F50C1940, unused: 136\n", 74) = 74
[pid    23] gettid()                    = 23
[pid    23] write(2, "2023/01/16 17:55:02 [debug] 23#23: timer delta: 38\n", 51) = 51
[pid    23] gettid()                    = 23
[pid    23] write(2, "2023/01/16 17:55:02 [debug] 23#23: worker cycle\n", 48) = 48
[pid    23] gettid()                    = 23
[pid    23] write(2, "2023/01/16 17:55:02 [debug] 23#23: epoll timer: -1\n", 51) = 51
[pid    23] epoll_pwait(10,
