[pid    26] epoll_pwait(5,  <unfinished ...>
[pid    24] <... epoll_pwait resumed>[{events=EPOLLIN, data={u32=2327972624, u64=139739088947984}}], 512, -1, NULL, 8) = 1
[pid    24] clock_gettime(CLOCK_REALTIME, {tv_sec=1674050960, tv_nsec=226088008}) = 0
[pid    24] clock_gettime(CLOCK_MONOTONIC, {tv_sec=1422, tv_nsec=188838092}) = 0
[pid    24] gettid()                    = 24
[pid    24] write(2, "2023/01/18 14:09:20 [debug] 24#24: epoll: fd:5 ev:0001 d:00007F178AC20B10\n", 74) = 74
[pid    24] gettid()                    = 24
[pid    24] write(2, "2023/01/18 14:09:20 [debug] 24#24: accept on 0.0.0.0:8080, ready: 0\n", 68) = 68
[pid    24] accept4(5, {sa_family=AF_INET, sin_port=htons(34368), sin_addr=inet_addr("172.22.0.1")}, [112 => 16], SOCK_CLOEXEC|SOCK_NONBLOCK) = 3
[pid    24] gettid()                    = 24
[pid    24] write(2, "2023/01/18 14:09:20 [debug] 24#24: posix_memalign: 00007F178A1CB6F0:512 @16\n", 76) = 76
[pid    24] gettid()                    = 24
[pid    24] write(2, "2023/01/18 14:09:20 [debug] 24#24: *1 accept: 172.22.0.1:34368 fd:3\n", 68) = 68
[pid    24] gettid()                    = 24
[pid    24] write(2, "2023/01/18 14:09:20 [debug] 24#24: *1 event timer add: 3: 60000:1482188\n", 72) = 72
[pid    24] gettid()                    = 24
[pid    24] write(2, "2023/01/18 14:09:20 [debug] 24#24: *1 reusable connection: 1\n", 61) = 61
[pid    24] gettid()                    = 24
[pid    24] write(2, "2023/01/18 14:09:20 [debug] 24#24: *1 epoll add event: fd:3 op:1 ev:80002001\n", 77) = 77
[pid    24] epoll_ctl(15, EPOLL_CTL_ADD, 3, {events=EPOLLIN|EPOLLRDHUP|EPOLLET, data={u32=2327973824, u64=139739088949184}}) = 0
[pid    24] gettid()                    = 24
[pid    24] write(2, "2023/01/18 14:09:20 [debug] 24#24: timer delta: 4855\n", 53) = 53
[pid    24] gettid()                    = 24
[pid    24] write(2, "2023/01/18 14:09:20 [debug] 24#24: worker cycle\n", 48) = 48
[pid    24] gettid()                    = 24
[pid    24] write(2, "2023/01/18 14:09:20 [debug] 24#24: epoll timer: 60000\n", 54) = 54
[pid    24] epoll_pwait(15, [{events=EPOLLIN, data={u32=2327973824, u64=139739088949184}}], 512, 60000, NULL, 8) = 1
[pid    24] clock_gettime(CLOCK_REALTIME, {tv_sec=1674050960, tv_nsec=227114008}) = 0
[pid    24] clock_gettime(CLOCK_MONOTONIC, {tv_sec=1422, tv_nsec=189845092}) = 0
[pid    24] gettid()                    = 24
[pid    24] write(2, "2023/01/18 14:09:20 [debug] 24#24: epoll: fd:3 ev:0001 d:00007F178AC20FC0\n", 74) = 74
[pid    24] gettid()                    = 24
[pid    24] write(2, "2023/01/18 14:09:20 [debug] 24#24: *1 http wait request handler\n", 64) = 64
[pid    24] gettid()                    = 24
[pid    24] write(2, "2023/01/18 14:09:20 [debug] 24#24: *1 malloc: 00007F178AC9D050:1024\n", 68) = 68
[pid    24] gettid()                    = 24
[pid    24] write(2, "2023/01/18 14:09:20 [debug] 24#24: *1 recv: eof:0, avail:-1\n", 60) = 60
[pid    24] recvfrom(3, "GET /proxy_pass/1K HTTP/1.1\r\nHost: localhost:8080\r\nUser-Agent: curl/7.79.1\r\nAccept: */*\r\n\r\n", 1024, 0, NULL, NULL) = 91
[pid    24] gettid()                    = 24
[pid    24] write(2, "2023/01/18 14:09:20 [debug] 24#24: *1 recv: fd:3 91 of 1024\n", 60) = 60
[pid    24] gettid()                    = 24
[pid    24] write(2, "2023/01/18 14:09:20 [debug] 24#24: *1 reusable connection: 0\n", 61) = 61
[pid    24] gettid()                    = 24
[pid    24] write(2, "2023/01/18 14:09:20 [debug] 24#24: *1 posix_memalign: 00007F178AD032C0:4096 @16\n", 80) = 80
[pid    24] gettid()                    = 24
[pid    24] write(2, "2023/01/18 14:09:20 [debug] 24#24: *1 http process request line\n", 64) = 64
[pid    24] gettid()                    = 24
[pid    24] write(2, "2023/01/18 14:09:20 [debug] 24#24: *1 http request line: \"GET /proxy_pass/1K HTTP/1.1\"\n", 87) = 87
[pid    24] gettid()                    = 24
[pid    24] write(2, "2023/01/18 14:09:20 [debug] 24#24: *1 http uri: \"/proxy_pass/1K\"\n", 65) = 65
[pid    24] gettid()                    = 24
[pid    24] write(2, "2023/01/18 14:09:20 [debug] 24#24: *1 http args: \"\"\n", 52) = 52
[pid    24] gettid()                    = 24
[pid    24] write(2, "2023/01/18 14:09:20 [debug] 24#24: *1 http exten: \"\"\n", 53) = 53
[pid    24] gettid()                    = 24
[pid    24] write(2, "2023/01/18 14:09:20 [debug] 24#24: *1 posix_memalign: 00007F178AD04800:4096 @16\n", 80) = 80
[pid    24] gettid()                    = 24
[pid    24] write(2, "2023/01/18 14:09:20 [debug] 24#24: *1 http process request header line\n", 71) = 71
[pid    24] gettid()                    = 24
[pid    24] write(2, "2023/01/18 14:09:20 [debug] 24#24: *1 http header: \"Host: localhost:8080\"\n", 74) = 74
[pid    24] gettid()                    = 24
[pid    24] write(2, "2023/01/18 14:09:20 [debug] 24#24: *1 http header: \"User-Agent: curl/7.79.1\"\n", 77) = 77
[pid    24] gettid()                    = 24
[pid    24] write(2, "2023/01/18 14:09:20 [debug] 24#24: *1 http header: \"Accept: */*\"\n", 65) = 65
[pid    24] gettid()                    = 24
[pid    24] write(2, "2023/01/18 14:09:20 [debug] 24#24: *1 http header done\n", 55) = 55
[pid    24] gettid()                    = 24
[pid    24] write(2, "2023/01/18 14:09:20 [debug] 24#24: *1 event timer del: 3: 1482188\n", 66) = 66
[pid    24] gettid()                    = 24
[pid    24] write(2, "2023/01/18 14:09:20 [debug] 24#24: *1 generic phase: 0\n", 55) = 55
[pid    24] gettid()                    = 24
[pid    24] write(2, "2023/01/18 14:09:20 [debug] 24#24: *1 rewrite phase: 1\n", 55) = 55
[pid    24] gettid()                    = 24
[pid    24] write(2, "2023/01/18 14:09:20 [debug] 24#24: *1 rewrite phase: 2\n", 55) = 55
[pid    24] gettid()                    = 24
[pid    24] write(2, "2023/01/18 14:09:20 [debug] 24#24: *1 test location: \"/\"\n", 57) = 57
[pid    24] gettid()                    = 24
[pid    24] write(2, "2023/01/18 14:09:20 [debug] 24#24: *1 test location: ~ \"^/proxy_pass/(?P<file>.*)$\"\n", 84) = 84
[pid    24] gettid()                    = 24
[pid    24] write(2, "2023/01/18 14:09:20 [debug] 24#24: *1 http regex set $file to \"1K\"\n", 67) = 67
[pid    24] gettid()                    = 24
[pid    24] write(2, "2023/01/18 14:09:20 [debug] 24#24: *1 using configuration \"^/proxy_pass/(?P<file>.*)$\"\n", 87) = 87
[pid    24] gettid()                    = 24
[pid    24] write(2, "2023/01/18 14:09:20 [debug] 24#24: *1 http cl:-1 max:1048576\n", 61) = 61
[pid    24] gettid()                    = 24
[pid    24] write(2, "2023/01/18 14:09:20 [debug] 24#24: *1 rewrite phase: 4\n", 55) = 55
[pid    24] gettid()                    = 24
[pid    24] write(2, "2023/01/18 14:09:20 [debug] 24#24: *1 rewrite phase: 5\n", 55) = 55
[pid    24] gettid()                    = 24
[pid    24] write(2, "2023/01/18 14:09:20 [debug] 24#24: *1 http cleanup add: 00007F178AD04268\n", 73) = 73
[pid    24] gettid()                    = 24
[pid    24] write(2, "2023/01/18 14:09:20 [debug] 24#24: *1 code cache lookup (key='set_by_lua_nhli_bd43c489cb1cbd071d4ddbe1c64801dc', ref=-1)\n", 121) = 121
[pid    24] gettid()                    = 24
[pid    24] write(2, "2023/01/18 14:09:20 [debug] 24#24: *1 code cache miss (key='set_by_lua_nhli_bd43c489cb1cbd071d4ddbe1c64801dc', ref=-1)\n", 119) = 119
[pid    24] gettid()                    = 24
[pid    24] write(2, "2023/01/18 14:09:20 [debug] 24#24: *1 http script value (post filter): \"localhost/proxy_pass/1K\"\n", 97) = 97
[pid    24] gettid()                    = 24
[pid    24] write(2, "2023/01/18 14:09:20 [debug] 24#24: *1 http script set $cache_key\n", 65) = 65
[pid    24] gettid()                    = 24
[pid    24] write(2, "2023/01/18 14:09:20 [debug] 24#24: *1 post rewrite phase: 6\n", 60) = 60
[pid    24] gettid()                    = 24
[pid    24] write(2, "2023/01/18 14:09:20 [debug] 24#24: *1 generic phase: 7\n", 55) = 55
[pid    24] gettid()                    = 24
[pid    24] write(2, "2023/01/18 14:09:20 [debug] 24#24: *1 generic phase: 8\n", 55) = 55
[pid    24] gettid()                    = 24
[pid    24] write(2, "2023/01/18 14:09:20 [debug] 24#24: *1 generic phase: 9\n", 55) = 55
[pid    24] gettid()                    = 24
[pid    24] write(2, "2023/01/18 14:09:20 [debug] 24#24: *1 access phase: 10\n", 55) = 55
[pid    24] gettid()                    = 24
[pid    24] write(2, "2023/01/18 14:09:20 [debug] 24#24: *1 access phase: 11\n", 55) = 55
[pid    24] gettid()                    = 24
[pid    24] write(2, "2023/01/18 14:09:20 [debug] 24#24: *1 access phase: 12\n", 55) = 55
[pid    24] gettid()                    = 24
[pid    24] write(2, "2023/01/18 14:09:20 [debug] 24#24: *1 post access phase: 13\n", 60) = 60
[pid    24] gettid()                    = 24
[pid    24] write(2, "2023/01/18 14:09:20 [debug] 24#24: *1 generic phase: 14\n", 56) = 56
[pid    24] gettid()                    = 24
[pid    24] write(2, "2023/01/18 14:09:20 [debug] 24#24: *1 generic phase: 15\n", 56) = 56
[pid    24] gettid()                    = 24
[pid    24] write(2, "2023/01/18 14:09:20 [debug] 24#24: *1 http script copy: \"http://my_upstream/\"\n", 78) = 78
[pid    24] gettid()                    = 24
[pid    24] write(2, "2023/01/18 14:09:20 [debug] 24#24: *1 http script var: \"1K\"\n", 60) = 60
[pid    24] gettid()                    = 24
[pid    24] write(2, "2023/01/18 14:09:20 [debug] 24#24: *1 http init upstream, client timer: 0\n", 74) = 74
[pid    24] gettid()                    = 24
[pid    24] write(2, "2023/01/18 14:09:20 [debug] 24#24: *1 epoll add event: fd:3 op:3 ev:80002005\n", 77) = 77
[pid    24] epoll_ctl(15, EPOLL_CTL_MOD, 3, {events=EPOLLIN|EPOLLOUT|EPOLLRDHUP|EPOLLET, data={u32=2327973824, u64=139739088949184}}) = 0
[pid    24] gettid()                    = 24
[pid    24] write(2, "2023/01/18 14:09:20 [debug] 24#24: *1 http script var: \"localhost/proxy_pass/1K\"\n", 81) = 81
[pid    24] gettid()                    = 24
[pid    24] write(2, "2023/01/18 14:09:20 [debug] 24#24: *1 http cache key: \"localhost/proxy_pass/1K\"\n", 80) = 80
[pid    24] gettid()                    = 24
[pid    24] write(2, "2023/01/18 14:09:20 [debug] 24#24: *1 add cleanup: 00007F178AD05788\n", 68) = 68
[pid    24] gettid()                    = 24
[pid    24] write(2, "2023/01/18 14:09:20 [debug] 24#24: shmtx lock\n", 46) = 46
[pid    24] gettid()                    = 24
[pid    24] write(2, "2023/01/18 14:09:20 [debug] 24#24: slab alloc: 120 slot: 4\n", 59) = 59
[pid    24] gettid()                    = 24
[pid    24] write(2, "2023/01/18 14:09:20 [debug] 24#24: slab alloc: 00007F178A229080\n", 64) = 64
[pid    24] gettid()                    = 24
[pid    24] write(2, "2023/01/18 14:09:20 [debug] 24#24: shmtx unlock\n", 48) = 48
[pid    24] gettid()                    = 24
[pid    24] write(2, "2023/01/18 14:09:20 [debug] 24#24: *1 http file cache exists: -5 e:0\n", 69) = 69
[pid    24] gettid()                    = 24
[pid    24] write(2, "2023/01/18 14:09:20 [debug] 24#24: *1 cache file: \"/opt/nginx_cache/2/dd/d6efdad814ae698206cef41c48b7fdd2\"\n", 107) = 107
[pid    24] mmap(NULL, 16384, PROT_READ|PROT_WRITE, MAP_PRIVATE|MAP_ANONYMOUS, -1, 0) = 0x7f178acfa000
[pid    24] gettid()                    = 24
[pid    24] write(2, "2023/01/18 14:09:20 [debug] 24#24: *1 posix_memalign: 00007F178ACFA340:4096 @16\n", 80) = 80
[pid    24] gettid()                    = 24
[pid    24] write(2, "2023/01/18 14:09:20 [debug] 24#24: *1 add cleanup: 00007F178AD057D8\n", 68) = 68
[pid    24] open("/opt/nginx_cache/2/dd/d6efdad814ae698206cef41c48b7fdd2", O_RDONLY|O_NONBLOCK|O_LARGEFILE) = 9
[pid    24] fstat(9, {st_dev=makedev(0, 0x31), st_ino=3723428, st_mode=S_IFREG|0600, st_nlink=1, st_uid=65534, st_gid=65534, st_blksize=4096, st_blocks=8, st_size=1631, st_atime=1674050578 /* 2023-01-18T14:02:58.272993008+0000 */, st_atime_nsec=272993008, st_mtime=1674050578 /* 2023-01-18T14:02:58.252993008+0000 */, st_mtime_nsec=252993008, st_ctime=1674050578 /* 2023-01-18T14:02:58.262993008+0000 */, st_ctime_nsec=262993008}) = 0
[pid    24] gettid()                    = 24
[pid    24] write(2, "2023/01/18 14:09:20 [debug] 24#24: *1 http file cache fd: 9\n", 60) = 60
[pid    24] gettid()                    = 24
[pid    24] write(2, "2023/01/18 14:09:20 [debug] 24#24: *1 malloc: 00007F178ACFB880:4096\n", 68) = 68
[pid    24] gettid()                    = 24
[pid    24] write(2, "2023/01/18 14:09:20 [debug] 24#24: *1 read: 9, 00007F178ACFB880, 4096, 0\n", 73) = 73
[pid    24] pread64(9, "\5\0\0\0\0\0\0\0j\376\307c\0\0\0\0\0\0\0\0\0\0\0\0\0\0\0\0\0\0\0\0\312\373\306c\0\0\0\0\22\374\307c\0\0\0\0\r\360\370\356\0\0n\1_\2\16\"63c6fbca-400\"\0\0\0\0\0\0\0\0\0\0\0\0\0\0\0\0\0\0\0\0\0\0\0\0\0\0\0\0\0\0\0\0\0\0\0\0\0\0\0\0\0\0\0\0\0\0\0\0\0\0\0\0\0\0\0\0\0\0\0\0\0\0\0\0\0\0\0\0\0\0\0\0\0\0\0\0\0\0\0\0\0\0\0\0\0\0\0\0\0\0\0\0\0\0\0\0\0\0\0\0\0\0\0\0\0\0\0\0\0\0\0\0\0\0\0\0\0\0\0\0\0\0\0\0\0\0\0\0\0\0\0\0\0\0\0\0\0\0\0\0\0\0\0\0\0\0\0\0\0\0\0\0\0\0\0\0\0\0\0\0\0\0\0\0\0\0\0\0\0\0\0\0\0\0\0\0\0\0\0\0\0\0\0\0\0\0\0\0\0\0\0\0\0\0\0\0\0\0\0\0\0\0\0\0\0\0\0\0\0\0\0\0\0\0\0\0\0\0\0\0\0\0\0\0\0\0\0\0\0\0\0\0\0\0\0\0\0\0\0\0\0\0\0\0\0\0\0\0\0\0\0\0\0\0\0\0\0\0\0\0\0\0\0\nKEY: localhost/proxy_pass/1K\nHTTP/1.1 200 OK\r\nServer: openresty/1.21.4.1\r\nDate: Wed, 18 Jan 2023 14:02:58 GMT\r\nContent-Type: text/plain\r\nContent-Length: 1024\r\nLast-Modified: Tue, 17 Jan 2023 19:49:30 GMT\r\nConnection: close\r\nETag: \"63c6fbca-400\"\r\nAccept-Ranges: bytes\r\n\r\nb\16\205\206Q\216X\311\237\220\356\375Q1\231K>\302\202\350\277\\\317\207\375A\3659\20\25\232\230\361M\311H\315\250\332\23\240\37qZ>j\372\25\201\341C\2718\222\f\225\34Q\0H\346\323{\6@\302\324\240\356\321\247\224\341\221N\374\342\206\303\377ZBE\242\341\326c\1*\27|\222\3132\31^\5\270S\6\3060*hb\253\306\320\223\253\35\252\306\2046\317\272\v\310B\31\376\230\322\304f\234:\325\242\362\220a\304\216\337\7\273+\211O\35\242n\344\364b\2540\264\366\0\307\230\324\343\34\22\313w\2179\342\213\v?\377.\327\322\17\304\340@a\33\243\301J\360<\223B\25\356\2322\0\31\272\270#\276\251\242\26\17F\221\327\301NHaU=\237\333vW'\304\236\335\235\202\236\221\231\0L\224S\271\235\201\374\263B$y%\6\253\307Hw=\340\32Vfh\356\4\235\226\355\313`\2204\204\340\257M,U\34\3632\203\22\214W\260\245\306\356(\0`\16\375\3\272h\205\351\305\340VE\257\352w\343C\322\0;\300\273\202\363\3446!\231{\0\325\365f\330\3}\2635SVDM$\250\343e\nX\200\230\206\324}\rgI\231\375\277\335y\217\314\266\315\352\20*\365\245K\200\261B\26\247\260\253^\r\3\2231\220\303\t8\252\214zE\234\224\255\352f\5\213\324/\330\377\266?\220\232\275U\270\310\"@\34|\277\272\375%\0\3756\314y~Q~)\f\360X\4Ip\225\370th/s\301\201\250v\313\r\352\250\201\31\264b?\270\rDD\337\"~\250&\354\357\t\274\\\5\336E\341\3%\333\276\233\350\305\262\256RE\262\302\215K\344\0-D2\20\245\264*\237\361\304\32[\260\325\370\215~\213\307X\321\25\2665\23\324\17W\177\24\344Z\2376\236\3506\245P]Q\272\254\274\253\0330m\365l\35\30\rB\262\302%\372\206\35\341\204\34V\231{\25\261YW\202*\226\206>\24\332\213\35[A\371N\320\325\315\301\"n\365\266\202\251\3162\270wp\"x\270\344\31$\207@n\177'\250+\362\315\250\271\307\247T\374\6\1\2664\254\301\330\26\371\206\312\360\263\332\0i\257\250\245v\210\366\336\274\316\321-\353y\246s\337\356\247\313\246TsM;{'h\203\363\275o\\x\243fW\177\347\273\304F` \0361\350\234t`\373\230\361Q\345h;c\233\206h\261m\323\271\274\335\342\244|\271\373\330>\32)~\26\r \346\f\264ZgD\27\245k=Q/\316K\22>\6\17;\226\10=l2\1\354\244\263\\eb\262\300\0226\367\361\325\177\225/\244\363y\3160\361\267\7d\334\26g\247+\341\344\277\3307l\357@\272\222d\242e\246\205B,\312k\347\375\0202g\301\316\311K\275\217k0y=1\225'\265\303\322\377U\333\376\313\360S-J\247o\3140\7\t\31\302R!\356\377\0\367\242\1\367\6\236L[\351\335\224\241\36\336\5\357'\340\373\5\223\f\325\254\31\336%\227\23D\320\335\374\252\267\360\214\262\331\"\365Bz+q8oq\372\257.8x_\\\316\276\325?\264\364\311\r\323)\5\365\243Zh\241\252\276\20S\342\267\201\373\341\217\341\366\313X\315\323e\326\25<\254W\223\205\6IaN\323\253~\244\302\206rh\326\301M\0\302\0247\214=c\24\3156v\215\257h\341F4\n\1l<\277\210L\226P\353%\331\236\3728\371\350\341P\232\21t\365\233\212\267\244\236?\252\2457$\362\337\1\355F\361\320\27\333\236F\31\245\231\200\34o\2466\364\340jkz\206\v\371\263\33\r\247\245%1\201\217\261\256\254\266z\334iW\207~cza\243\240z\267\220\367\7\24w\310j2\0234\326\310cB\326\374\261!&\261\272\224", 4096, 0) = 1631
[pid    24] gettid()                    = 24
[pid    24] write(2, "2023/01/18 14:09:20 [debug] 24#24: shmtx lock\n", 46) = 46
[pid    24] gettid()                    = 24
[pid    24] write(2, "2023/01/18 14:09:20 [debug] 24#24: shmtx unlock\n", 48) = 48
[pid    24] gettid()                    = 24
[pid    24] write(2, "2023/01/18 14:09:20 [debug] 24#24: *1 http upstream cache: 0\n", 61) = 61
[pid    24] gettid()                    = 24
[pid    24] write(2, "2023/01/18 14:09:20 [debug] 24#24: *1 http proxy status 200 \"200 OK\"\n", 69) = 69
[pid    24] gettid()                    = 24
[pid    24] write(2, "2023/01/18 14:09:20 [debug] 24#24: *1 http proxy header: \"Server: openresty/1.21.4.1\"\n", 86) = 86
[pid    24] gettid()                    = 24
[pid    24] write(2, "2023/01/18 14:09:20 [debug] 24#24: *1 http proxy header: \"Date: Wed, 18 Jan 2023 14:02:58 GMT\"\n", 95) = 95
[pid    24] gettid()                    = 24
[pid    24] write(2, "2023/01/18 14:09:20 [debug] 24#24: *1 http proxy header: \"Content-Type: text/plain\"\n", 84) = 84
[pid    24] gettid()                    = 24
[pid    24] write(2, "2023/01/18 14:09:20 [debug] 24#24: *1 http proxy header: \"Content-Length: 1024\"\n", 80) = 80
[pid    24] gettid()                    = 24
[pid    24] write(2, "2023/01/18 14:09:20 [debug] 24#24: *1 http proxy header: \"Last-Modified: Tue, 17 Jan 2023 19:49:30 GMT\"\n", 104) = 104
[pid    24] gettid()                    = 24
[pid    24] write(2, "2023/01/18 14:09:20 [debug] 24#24: *1 http proxy header: \"Connection: close\"\n", 77) = 77
[pid    24] gettid()                    = 24
[pid    24] write(2, "2023/01/18 14:09:20 [debug] 24#24: *1 http proxy header: \"ETag: \"63c6fbca-400\"\"\n", 80) = 80
[pid    24] gettid()                    = 24
[pid    24] write(2, "2023/01/18 14:09:20 [debug] 24#24: *1 http proxy header: \"Accept-Ranges: bytes\"\n", 80) = 80
[pid    24] gettid()                    = 24
[pid    24] write(2, "2023/01/18 14:09:20 [debug] 24#24: *1 http proxy header done\n", 61) = 61
[pid    24] gettid()                    = 24
[pid    24] write(2, "2023/01/18 14:09:20 [debug] 24#24: *1 http file cache send: /opt/nginx_cache/2/dd/d6efdad814ae698206cef41c48b7fdd2\n", 115) = 115
[pid    24] gettid()                    = 24
[pid    24] write(2, "2023/01/18 14:09:20 [debug] 24#24: *1 HTTP/1.1 200 OK\r\nServer: openresty/1.21.4.1\r\nDate: Wed, 18 Jan 2023 14:09:20 GMT\r\nContent-Type: text/plain\r\nContent-Length: 1024\r\nConnection: keep-alive\r\nLast-Modified: Tue, 17 Jan 2023 19:49:30 GMT\r\nETag: \"63c6fbca-400\"\r\nAccept-Ranges: bytes\r\n\n", 283) = 283
[pid    24] gettid()                    = 24
[pid    24] write(2, "2023/01/18 14:09:20 [debug] 24#24: *1 write new buf t:1 f:0 00007F178ACFA850, pos 00007F178ACFA850, size: 246 file: 0, size: 0\n", 127) = 127
[pid    24] gettid()                    = 24
[pid    24] write(2, "2023/01/18 14:09:20 [debug] 24#24: *1 http write filter: l:0 f:0 s:246\n", 71) = 71
[pid    24] gettid()                    = 24
[pid    24] write(2, "2023/01/18 14:09:20 [debug] 24#24: *1 http output filter \"/proxy_pass/1K?\"\n", 75) = 75
[pid    24] gettid()                    = 24
[pid    24] write(2, "2023/01/18 14:09:20 [debug] 24#24: *1 http copy filter: \"/proxy_pass/1K?\"\n", 74) = 74
[pid    24] gettid()                    = 24
[pid    24] write(2, "2023/01/18 14:09:20 [debug] 24#24: *1 http postpone filter \"/proxy_pass/1K?\" 00007FFE4CA94050\n", 94) = 94
[pid    24] gettid()                    = 24
[pid    24] write(2, "2023/01/18 14:09:20 [debug] 24#24: *1 write old buf t:1 f:0 00007F178ACFA850, pos 00007F178ACFA850, size: 246 file: 0, size: 0\n", 127) = 127
[pid    24] gettid()                    = 24
[pid    24] write(2, "2023/01/18 14:09:20 [debug] 24#24: *1 write new buf t:0 f:1 0000000000000000, pos 0000000000000000, size: 0 file: 607, size: 1024\n", 130) = 130
[pid    24] gettid()                    = 24
[pid    24] write(2, "2023/01/18 14:09:20 [debug] 24#24: *1 http write filter: l:1 f:0 s:1270\n", 72) = 72
[pid    24] gettid()                    = 24
[pid    24] write(2, "2023/01/18 14:09:20 [debug] 24#24: *1 http write filter limit 2097152\n", 70) = 70
[pid    24] writev(3, [{iov_base="HTTP/1.1 200 OK\r\nServer: openresty/1.21.4.1\r\nDate: Wed, 18 Jan 2023 14:09:20 GMT\r\nContent-Type: text/plain\r\nContent-Length: 1024\r\nConnection: keep-alive\r\nLast-Modified: Tue, 17 Jan 2023 19:49:30 GMT\r\nETag: \"63c6fbca-400\"\r\nAccept-Ranges: bytes\r\n\r\n", iov_len=246}], 1) = 246
[pid    24] gettid()                    = 24
[pid    24] write(2, "2023/01/18 14:09:20 [debug] 24#24: *1 writev: 246 of 246\n", 57) = 57
[pid    24] gettid()                    = 24
[pid    24] write(2, "2023/01/18 14:09:20 [debug] 24#24: *1 sendfile: @607 1024\n", 58) = 58
[pid    24] sendfile(3, 9, [607] => [1631], 1024) = 1024
[pid    24] gettid()                    = 24
[pid    24] write(2, "2023/01/18 14:09:20 [debug] 24#24: *1 sendfile: 1024 of 1024 @607\n", 66) = 66
[pid    24] gettid()                    = 24
[pid    24] write(2, "2023/01/18 14:09:20 [debug] 24#24: *1 http write filter 0000000000000000\n", 73) = 73
[pid    24] gettid()                    = 24
[pid    24] write(2, "2023/01/18 14:09:20 [debug] 24#24: *1 http copy filter: 0 \"/proxy_pass/1K?\"\n", 76) = 76
[pid    24] gettid()                    = 24
[pid    24] write(2, "2023/01/18 14:09:20 [debug] 24#24: *1 http finalize request: 0, \"/proxy_pass/1K?\" a:1, c:2\n", 91) = 91
[pid    24] gettid()                    = 24
[pid    24] write(2, "2023/01/18 14:09:20 [debug] 24#24: *1 http request count:2 blk:0\n", 65) = 65
[pid    24] gettid()                    = 24
[pid    24] write(2, "2023/01/18 14:09:20 [debug] 24#24: *1 http finalize request: -4, \"/proxy_pass/1K?\" a:1, c:1\n", 92) = 92
[pid    24] gettid()                    = 24
[pid    24] write(2, "2023/01/18 14:09:20 [debug] 24#24: *1 set http keepalive handler\n", 65) = 65
[pid    24] gettid()                    = 24
[pid    24] write(2, "2023/01/18 14:09:20 [debug] 24#24: *1 http close request\n", 57) = 57
[pid    24] gettid()                    = 24
[pid    24] write(2, "2023/01/18 14:09:20 [debug] 24#24: *1 lua request cleanup: forcible=0\n", 70) = 70
[pid    24] gettid()                    = 24
[pid    24] write(2, "2023/01/18 14:09:20 [debug] 24#24: *1 http lua finalize threads\n", 64) = 64
[pid    24] gettid()                    = 24
[pid    24] write(2, "2023/01/18 14:09:20 [debug] 24#24: *1 http log handler\n", 55) = 55
[pid    24] write(13, "time=\"2023-01-18T14:09:20+00:00\" remote_addr=\"172.22.0.1\" req=\"GET /proxy_pass/1K HTTP/1.1\" status=\"200\" req_time=\"0.000\" bytes_sent=\"1024\" up_cache_status=\"HIT\" up_status=\"-\" up_addr\"-\" up_resp_time=\"-\" ref=\"-\" ua=\"curl/7.79.1\" scheme=\"http\"\n", 243) = 243
[pid    24] gettid()                    = 24
[pid    24] write(2, "2023/01/18 14:09:20 [debug] 24#24: *1 run cleanup: 00007F178AD057D8\n", 68) = 68
[pid    24] gettid()                    = 24
[pid    24] write(2, "2023/01/18 14:09:20 [debug] 24#24: *1 file cleanup: fd:9\n", 57) = 57
[pid    24] close(9)                    = 0
[pid    24] gettid()                    = 24
[pid    24] write(2, "2023/01/18 14:09:20 [debug] 24#24: *1 run cleanup: 00007F178AD05788\n", 68) = 68
[pid    24] gettid()                    = 24
[pid    24] write(2, "2023/01/18 14:09:20 [debug] 24#24: *1 http file cache cleanup\n", 62) = 62
[pid    24] gettid()                    = 24
[pid    24] write(2, "2023/01/18 14:09:20 [debug] 24#24: *1 http file cache free, fd: 9\n", 66) = 66
[pid    24] gettid()                    = 24
[pid    24] write(2, "2023/01/18 14:09:20 [debug] 24#24: shmtx lock\n", 46) = 46
[pid    24] gettid()                    = 24
[pid    24] write(2, "2023/01/18 14:09:20 [debug] 24#24: shmtx unlock\n", 48) = 48
[pid    24] gettid()                    = 24
[pid    24] write(2, "2023/01/18 14:09:20 [debug] 24#24: *1 free: 00007F178ACFB880\n", 61) = 61
[pid    24] gettid()                    = 24
[pid    24] write(2, "2023/01/18 14:09:20 [debug] 24#24: *1 free: 00007F178AD032C0, unused: 4\n", 72) = 72
[pid    24] gettid()                    = 24
[pid    24] write(2, "2023/01/18 14:09:20 [debug] 24#24: *1 free: 00007F178AD04800, unused: 0\n", 72) = 72
[pid    24] gettid()                    = 24
[pid    24] write(2, "2023/01/18 14:09:20 [debug] 24#24: *1 free: 00007F178ACFA340, unused: 2073\n", 75) = 75
[pid    24] munmap(0x7f178acfa000, 16384) = 0
[pid    24] gettid()                    = 24
[pid    24] write(2, "2023/01/18 14:09:20 [debug] 24#24: *1 free: 00007F178AC9D050\n", 61) = 61
[pid    24] gettid()                    = 24
[pid    24] write(2, "2023/01/18 14:09:20 [debug] 24#24: *1 hc free: 0000000000000000\n", 64) = 64
[pid    24] gettid()                    = 24
[pid    24] write(2, "2023/01/18 14:09:20 [debug] 24#24: *1 hc busy: 0000000000000000 0\n", 66) = 66
[pid    24] gettid()                    = 24
[pid    24] write(2, "2023/01/18 14:09:20 [debug] 24#24: *1 tcp_nodelay\n", 50) = 50
[pid    24] setsockopt(3, SOL_TCP, TCP_NODELAY, [1], 4) = 0
[pid    24] gettid()                    = 24
[pid    24] write(2, "2023/01/18 14:09:20 [debug] 24#24: *1 reusable connection: 1\n", 61) = 61
[pid    24] gettid()                    = 24
[pid    24] write(2, "2023/01/18 14:09:20 [debug] 24#24: *1 event timer add: 3: 75000:1497189\n", 72) = 72
[pid    24] gettid()                    = 24
[pid    24] write(2, "2023/01/18 14:09:20 [debug] 24#24: timer delta: 1\n", 50) = 50
[pid    24] gettid()                    = 24
[pid    24] write(2, "2023/01/18 14:09:20 [debug] 24#24: worker cycle\n", 48) = 48
[pid    24] gettid()                    = 24
[pid    24] write(2, "2023/01/18 14:09:20 [debug] 24#24: epoll timer: 75000\n", 54) = 54
[pid    24] epoll_pwait(15, [{events=EPOLLIN|EPOLLOUT|EPOLLRDHUP, data={u32=2327973824, u64=139739088949184}}], 512, 75000, NULL, 8) = 1
[pid    24] clock_gettime(CLOCK_REALTIME, {tv_sec=1674050960, tv_nsec=281707008}) = 0
[pid    24] clock_gettime(CLOCK_MONOTONIC, {tv_sec=1422, tv_nsec=244444092}) = 0
[pid    24] gettid()                    = 24
[pid    24] write(2, "2023/01/18 14:09:20 [debug] 24#24: epoll: fd:3 ev:2005 d:00007F178AC20FC0\n", 74) = 74
[pid    24] gettid()                    = 24
[pid    24] write(2, "2023/01/18 14:09:20 [debug] 24#24: *1 http keepalive handler\n", 61) = 61
[pid    24] gettid()                    = 24
[pid    24] write(2, "2023/01/18 14:09:20 [debug] 24#24: *1 malloc: 00007F178A1CDD90:1024\n", 68) = 68
[pid    24] gettid()                    = 24
[pid    24] write(2, "2023/01/18 14:09:20 [debug] 24#24: *1 recv: eof:1, avail:-1\n", 60) = 60
[pid    24] recvfrom(3, "", 1024, 0, NULL, NULL) = 0
[pid    24] gettid()                    = 24
[pid    24] write(2, "2023/01/18 14:09:20 [debug] 24#24: *1 recv: fd:3 0 of 1024\n", 59) = 59
[pid    24] gettid()                    = 24
[pid    24] write(2, "2023/01/18 14:09:20 [info] 24#24: *1 client 172.22.0.1 closed keepalive connection\n", 83) = 83
[pid    24] gettid()                    = 24
[pid    24] write(2, "2023/01/18 14:09:20 [debug] 24#24: *1 close http connection: 3\n", 63) = 63
[pid    24] gettid()                    = 24
[pid    24] write(2, "2023/01/18 14:09:20 [debug] 24#24: *1 event timer del: 3: 1497189\n", 66) = 66
[pid    24] gettid()                    = 24
[pid    24] write(2, "2023/01/18 14:09:20 [debug] 24#24: *1 reusable connection: 0\n", 61) = 61
[pid    24] close(3)                    = 0
[pid    24] gettid()                    = 24
[pid    24] write(2, "2023/01/18 14:09:20 [debug] 24#24: *1 free: 00007F178A1CDD90\n", 61) = 61
[pid    24] gettid()                    = 24
[pid    24] write(2, "2023/01/18 14:09:20 [debug] 24#24: *1 free: 00007F178A1CB6F0, unused: 136\n", 74) = 74
[pid    24] gettid()                    = 24
[pid    24] write(2, "2023/01/18 14:09:20 [debug] 24#24: timer delta: 55\n", 51) = 51
[pid    24] gettid()                    = 24
[pid    24] write(2, "2023/01/18 14:09:20 [debug] 24#24: worker cycle\n", 48) = 48
[pid    24] gettid()                    = 24
[pid    24] write(2, "2023/01/18 14:09:20 [debug] 24#24: epoll timer: -1\n", 51) = 51
[pid    24] epoll_pwait(15,  <unfinished ...>
[pid    25] <... epoll_pwait resumed>[], 512, 9823, NULL, 8) = 0
[pid    25] clock_gettime(CLOCK_REALTIME, {tv_sec=1674050965, tv_nsec=221332008}) = 0
[pid    25] clock_gettime(CLOCK_MONOTONIC, {tv_sec=1427, tv_nsec=185295092}) = 0
[pid    25] gettid()                    = 25
[pid    25] write(2, "2023/01/18 14:09:25 [debug] 25#25: timer delta: 9851\n", 53) = 53
[pid    25] gettid()                    = 25
[pid    25] write(2, "2023/01/18 14:09:25 [debug] 25#25: event timer del: -1: 1427157\n", 64) = 64
[pid    25] gettid()                    = 25
[pid    25] write(2, "2023/01/18 14:09:25 [debug] 25#25: http file cache expire\n", 58) = 58
[pid    25] gettid()                    = 25
[pid    25] write(2, "2023/01/18 14:09:25 [debug] 25#25: malloc: 00007F178A1E6F30:55\n", 63) = 63
[pid    25] gettid()                    = 25
[pid    25] write(2, "2023/01/18 14:09:25 [debug] 25#25: shmtx lock\n", 46) = 46
[pid    25] gettid()                    = 25
[pid    25] write(2, "2023/01/18 14:09:25 [debug] 25#25: shmtx unlock\n", 48) = 48
[pid    25] gettid()                    = 25
[pid    25] write(2, "2023/01/18 14:09:25 [debug] 25#25: shmtx lock\n", 46) = 46
[pid    25] gettid()                    = 25
[pid    25] write(2, "2023/01/18 14:09:25 [debug] 25#25: shmtx unlock\n", 48) = 48
[pid    25] gettid()                    = 25
[pid    25] write(2, "2023/01/18 14:09:25 [debug] 25#25: http file cache size: 1 c:1 w:-1\n", 68) = 68
[pid    25] gettid()                    = 25
[pid    25] write(2, "2023/01/18 14:09:25 [debug] 25#25: http file cache manager: 0 e:0 n:10000\n", 74) = 74
[pid    25] clock_gettime(CLOCK_REALTIME, {tv_sec=1674050965, tv_nsec=223285008}) = 0
[pid    25] clock_gettime(CLOCK_MONOTONIC, {tv_sec=1427, tv_nsec=186041092}) = 0
[pid    25] gettid()                    = 25
[pid    25] write(2, "2023/01/18 14:09:25 [debug] 25#25: event timer add: -1: 10000:1437186\n", 70) = 70
[pid    25] gettid()                    = 25
[pid    25] write(2, "2023/01/18 14:09:25 [debug] 25#25: epoll timer: 10000\n", 54) = 54
[pid    25] epoll_pwait(5,
