[pid    25] epoll_pwait(5,  <unfinished ...>
[pid    24] <... epoll_pwait resumed>[{events=EPOLLIN, data={u32=2327972624, u64=139739088947984}}], 512, -1, NULL, 8) = 1
[pid    24] clock_gettime(CLOCK_REALTIME, {tv_sec=1674050989, tv_nsec=237859008}) = 0
[pid    24] clock_gettime(CLOCK_MONOTONIC, {tv_sec=1451, tv_nsec=200740092}) = 0
[pid    24] gettid()                    = 24
[pid    24] write(2, "2023/01/18 14:09:49 [debug] 24#24: epoll: fd:5 ev:0001 d:00007F178AC20B10\n", 74) = 74
[pid    24] gettid()                    = 24
[pid    24] write(2, "2023/01/18 14:09:49 [debug] 24#24: accept on 0.0.0.0:8080, ready: 0\n", 68) = 68
[pid    24] accept4(5, {sa_family=AF_INET, sin_port=htons(41176), sin_addr=inet_addr("172.22.0.1")}, [112 => 16], SOCK_CLOEXEC|SOCK_NONBLOCK) = 3
[pid    24] gettid()                    = 24
[pid    24] write(2, "2023/01/18 14:09:49 [debug] 24#24: posix_memalign: 00007F178A1CB940:512 @16\n", 76) = 76
[pid    24] gettid()                    = 24
[pid    24] write(2, "2023/01/18 14:09:49 [debug] 24#24: *2 accept: 172.22.0.1:41176 fd:3\n", 68) = 68
[pid    24] gettid()                    = 24
[pid    24] write(2, "2023/01/18 14:09:49 [debug] 24#24: *2 event timer add: 3: 60000:1511200\n", 72) = 72
[pid    24] gettid()                    = 24
[pid    24] write(2, "2023/01/18 14:09:49 [debug] 24#24: *2 reusable connection: 1\n", 61) = 61
[pid    24] gettid()                    = 24
[pid    24] write(2, "2023/01/18 14:09:49 [debug] 24#24: *2 epoll add event: fd:3 op:1 ev:80002001\n", 77) = 77
[pid    24] epoll_ctl(15, EPOLL_CTL_ADD, 3, {events=EPOLLIN|EPOLLRDHUP|EPOLLET, data={u32=2327973825, u64=139739088949185}}) = 0
[pid    24] gettid()                    = 24
[pid    24] write(2, "2023/01/18 14:09:49 [debug] 24#24: timer delta: 28956\n", 54) = 54
[pid    24] gettid()                    = 24
[pid    24] write(2, "2023/01/18 14:09:49 [debug] 24#24: worker cycle\n", 48) = 48
[pid    24] gettid()                    = 24
[pid    24] write(2, "2023/01/18 14:09:49 [debug] 24#24: epoll timer: 60000\n", 54) = 54
[pid    24] epoll_pwait(15, [{events=EPOLLIN, data={u32=2327973825, u64=139739088949185}}], 512, 60000, NULL, 8) = 1
[pid    24] clock_gettime(CLOCK_REALTIME, {tv_sec=1674050989, tv_nsec=244785008}) = 0
[pid    24] clock_gettime(CLOCK_MONOTONIC, {tv_sec=1451, tv_nsec=208082092}) = 0
[pid    24] gettid()                    = 24
[pid    24] write(2, "2023/01/18 14:09:49 [debug] 24#24: epoll: fd:3 ev:0001 d:00007F178AC20FC1\n", 74) = 74
[pid    24] gettid()                    = 24
[pid    24] write(2, "2023/01/18 14:09:49 [debug] 24#24: *2 http wait request handler\n", 64) = 64
[pid    24] gettid()                    = 24
[pid    24] write(2, "2023/01/18 14:09:49 [debug] 24#24: *2 malloc: 00007F178A1CEB30:1024\n", 68) = 68
[pid    24] gettid()                    = 24
[pid    24] write(2, "2023/01/18 14:09:49 [debug] 24#24: *2 recv: eof:0, avail:-1\n", 60) = 60
[pid    24] recvfrom(3, "GET /proxy_pass/1K HTTP/1.1\r\nHost: localhost:8080\r\nUser-Agent: curl/7.79.1\r\nAccept: */*\r\n\r\n", 1024, 0, NULL, NULL) = 91
[pid    24] gettid()                    = 24
[pid    24] write(2, "2023/01/18 14:09:49 [debug] 24#24: *2 recv: fd:3 91 of 1024\n", 60) = 60
[pid    24] gettid()                    = 24
[pid    24] write(2, "2023/01/18 14:09:49 [debug] 24#24: *2 reusable connection: 0\n", 61) = 61
[pid    24] gettid()                    = 24
[pid    24] write(2, "2023/01/18 14:09:49 [debug] 24#24: *2 posix_memalign: 00007F178AD032D0:4096 @16\n", 80) = 80
[pid    24] gettid()                    = 24
[pid    24] write(2, "2023/01/18 14:09:49 [debug] 24#24: *2 http process request line\n", 64) = 64
[pid    24] gettid()                    = 24
[pid    24] write(2, "2023/01/18 14:09:49 [debug] 24#24: *2 http request line: \"GET /proxy_pass/1K HTTP/1.1\"\n", 87) = 87
[pid    24] gettid()                    = 24
[pid    24] write(2, "2023/01/18 14:09:49 [debug] 24#24: *2 http uri: \"/proxy_pass/1K\"\n", 65) = 65
[pid    24] gettid()                    = 24
[pid    24] write(2, "2023/01/18 14:09:49 [debug] 24#24: *2 http args: \"\"\n", 52) = 52
[pid    24] gettid()                    = 24
[pid    24] write(2, "2023/01/18 14:09:49 [debug] 24#24: *2 http exten: \"\"\n", 53) = 53
[pid    24] gettid()                    = 24
[pid    24] write(2, "2023/01/18 14:09:49 [debug] 24#24: *2 posix_memalign: 00007F178AD04810:4096 @16\n", 80) = 80
[pid    24] gettid()                    = 24
[pid    24] write(2, "2023/01/18 14:09:49 [debug] 24#24: *2 http process request header line\n", 71) = 71
[pid    24] gettid()                    = 24
[pid    24] write(2, "2023/01/18 14:09:49 [debug] 24#24: *2 http header: \"Host: localhost:8080\"\n", 74) = 74
[pid    24] gettid()                    = 24
[pid    24] write(2, "2023/01/18 14:09:49 [debug] 24#24: *2 http header: \"User-Agent: curl/7.79.1\"\n", 77) = 77
[pid    24] gettid()                    = 24
[pid    24] write(2, "2023/01/18 14:09:49 [debug] 24#24: *2 http header: \"Accept: */*\"\n", 65) = 65
[pid    24] gettid()                    = 24
[pid    24] write(2, "2023/01/18 14:09:49 [debug] 24#24: *2 http header done\n", 55) = 55
[pid    24] gettid()                    = 24
[pid    24] write(2, "2023/01/18 14:09:49 [debug] 24#24: *2 event timer del: 3: 1511200\n", 66) = 66
[pid    24] gettid()                    = 24
[pid    24] write(2, "2023/01/18 14:09:49 [debug] 24#24: *2 generic phase: 0\n", 55) = 55
[pid    24] gettid()                    = 24
[pid    24] write(2, "2023/01/18 14:09:49 [debug] 24#24: *2 rewrite phase: 1\n", 55) = 55
[pid    24] gettid()                    = 24
[pid    24] write(2, "2023/01/18 14:09:49 [debug] 24#24: *2 rewrite phase: 2\n", 55) = 55
[pid    24] gettid()                    = 24
[pid    24] write(2, "2023/01/18 14:09:49 [debug] 24#24: *2 test location: \"/\"\n", 57) = 57
[pid    24] gettid()                    = 24
[pid    24] write(2, "2023/01/18 14:09:49 [debug] 24#24: *2 test location: ~ \"^/proxy_pass/(?P<file>.*)$\"\n", 84) = 84
[pid    24] gettid()                    = 24
[pid    24] write(2, "2023/01/18 14:09:49 [debug] 24#24: *2 http regex set $file to \"1K\"\n", 67) = 67
[pid    24] gettid()                    = 24
[pid    24] write(2, "2023/01/18 14:09:49 [debug] 24#24: *2 using configuration \"^/proxy_pass/(?P<file>.*)$\"\n", 87) = 87
[pid    24] gettid()                    = 24
[pid    24] write(2, "2023/01/18 14:09:49 [debug] 24#24: *2 http cl:-1 max:1048576\n", 61) = 61
[pid    24] gettid()                    = 24
[pid    24] write(2, "2023/01/18 14:09:49 [debug] 24#24: *2 rewrite phase: 4\n", 55) = 55
[pid    24] gettid()                    = 24
[pid    24] write(2, "2023/01/18 14:09:49 [debug] 24#24: *2 rewrite phase: 5\n", 55) = 55
[pid    24] gettid()                    = 24
[pid    24] write(2, "2023/01/18 14:09:49 [debug] 24#24: *2 http cleanup add: 00007F178AD04278\n", 73) = 73
[pid    24] gettid()                    = 24
[pid    24] write(2, "2023/01/18 14:09:49 [debug] 24#24: *2 code cache lookup (key='set_by_lua_nhli_bd43c489cb1cbd071d4ddbe1c64801dc', ref=1)\n", 120) = 120
[pid    24] gettid()                    = 24
[pid    24] write(2, "2023/01/18 14:09:49 [debug] 24#24: *2 code cache hit (key='set_by_lua_nhli_bd43c489cb1cbd071d4ddbe1c64801dc', ref=1)\n", 117) = 117
[pid    24] gettid()                    = 24
[pid    24] write(2, "2023/01/18 14:09:49 [debug] 24#24: *2 http script value (post filter): \"localhost/proxy_pass/1K\"\n", 97) = 97
[pid    24] gettid()                    = 24
[pid    24] write(2, "2023/01/18 14:09:49 [debug] 24#24: *2 http script set $cache_key\n", 65) = 65
[pid    24] gettid()                    = 24
[pid    24] write(2, "2023/01/18 14:09:49 [debug] 24#24: *2 post rewrite phase: 6\n", 60) = 60
[pid    24] gettid()                    = 24
[pid    24] write(2, "2023/01/18 14:09:49 [debug] 24#24: *2 generic phase: 7\n", 55) = 55
[pid    24] gettid()                    = 24
[pid    24] write(2, "2023/01/18 14:09:49 [debug] 24#24: *2 generic phase: 8\n", 55) = 55
[pid    24] gettid()                    = 24
[pid    24] write(2, "2023/01/18 14:09:49 [debug] 24#24: *2 generic phase: 9\n", 55) = 55
[pid    24] gettid()                    = 24
[pid    24] write(2, "2023/01/18 14:09:49 [debug] 24#24: *2 access phase: 10\n", 55) = 55
[pid    24] gettid()                    = 24
[pid    24] write(2, "2023/01/18 14:09:49 [debug] 24#24: *2 access phase: 11\n", 55) = 55
[pid    24] gettid()                    = 24
[pid    24] write(2, "2023/01/18 14:09:49 [debug] 24#24: *2 access phase: 12\n", 55) = 55
[pid    24] gettid()                    = 24
[pid    24] write(2, "2023/01/18 14:09:49 [debug] 24#24: *2 post access phase: 13\n", 60) = 60
[pid    24] gettid()                    = 24
[pid    24] write(2, "2023/01/18 14:09:49 [debug] 24#24: *2 generic phase: 14\n", 56) = 56
[pid    24] gettid()                    = 24
[pid    24] write(2, "2023/01/18 14:09:49 [debug] 24#24: *2 generic phase: 15\n", 56) = 56
[pid    24] gettid()                    = 24
[pid    24] write(2, "2023/01/18 14:09:49 [debug] 24#24: *2 http script copy: \"http://my_upstream/\"\n", 78) = 78
[pid    24] gettid()                    = 24
[pid    24] write(2, "2023/01/18 14:09:49 [debug] 24#24: *2 http script var: \"1K\"\n", 60) = 60
[pid    24] gettid()                    = 24
[pid    24] write(2, "2023/01/18 14:09:49 [debug] 24#24: *2 http init upstream, client timer: 0\n", 74) = 74
[pid    24] gettid()                    = 24
[pid    24] write(2, "2023/01/18 14:09:49 [debug] 24#24: *2 epoll add event: fd:3 op:3 ev:80002005\n", 77) = 77
[pid    24] epoll_ctl(15, EPOLL_CTL_MOD, 3, {events=EPOLLIN|EPOLLOUT|EPOLLRDHUP|EPOLLET, data={u32=2327973825, u64=139739088949185}}) = 0
[pid    24] gettid()                    = 24
[pid    24] write(2, "2023/01/18 14:09:49 [debug] 24#24: *2 http script var: \"localhost/proxy_pass/1K\"\n", 81) = 81
[pid    24] gettid()                    = 24
[pid    24] write(2, "2023/01/18 14:09:49 [debug] 24#24: *2 http cache key: \"localhost/proxy_pass/1K\"\n", 80) = 80
[pid    24] gettid()                    = 24
[pid    24] write(2, "2023/01/18 14:09:49 [debug] 24#24: *2 add cleanup: 00007F178AD05798\n", 68) = 68
[pid    24] gettid()                    = 24
[pid    24] write(2, "2023/01/18 14:09:49 [debug] 24#24: shmtx lock\n", 46) = 46
[pid    24] gettid()                    = 24
[pid    24] write(2, "2023/01/18 14:09:49 [debug] 24#24: shmtx unlock\n", 48) = 48
[pid    24] gettid()                    = 24
[pid    24] write(2, "2023/01/18 14:09:49 [debug] 24#24: *2 http file cache exists: 0 e:1\n", 68) = 68
[pid    24] gettid()                    = 24
[pid    24] write(2, "2023/01/18 14:09:49 [debug] 24#24: *2 cache file: \"/opt/nginx_cache/2/dd/d6efdad814ae698206cef41c48b7fdd2\"\n", 107) = 107
[pid    24] mmap(NULL, 16384, PROT_READ|PROT_WRITE, MAP_PRIVATE|MAP_ANONYMOUS, -1, 0) = 0x7f178acfa000
[pid    24] gettid()                    = 24
[pid    24] write(2, "2023/01/18 14:09:49 [debug] 24#24: *2 posix_memalign: 00007F178ACFA350:4096 @16\n", 80) = 80
[pid    24] gettid()                    = 24
[pid    24] write(2, "2023/01/18 14:09:49 [debug] 24#24: *2 add cleanup: 00007F178AD057E8\n", 68) = 68
[pid    24] open("/opt/nginx_cache/2/dd/d6efdad814ae698206cef41c48b7fdd2", O_RDONLY|O_NONBLOCK|O_LARGEFILE) = 9
[pid    24] fstat(9, {st_dev=makedev(0, 0x31), st_ino=3723428, st_mode=S_IFREG|0600, st_nlink=1, st_uid=65534, st_gid=65534, st_blksize=4096, st_blocks=8, st_size=1631, st_atime=1674050578 /* 2023-01-18T14:02:58.272993008+0000 */, st_atime_nsec=272993008, st_mtime=1674050578 /* 2023-01-18T14:02:58.252993008+0000 */, st_mtime_nsec=252993008, st_ctime=1674050578 /* 2023-01-18T14:02:58.262993008+0000 */, st_ctime_nsec=262993008}) = 0
[pid    24] gettid()                    = 24
[pid    24] write(2, "2023/01/18 14:09:49 [debug] 24#24: *2 http file cache fd: 9\n", 60) = 60
[pid    24] gettid()                    = 24
[pid    24] write(2, "2023/01/18 14:09:49 [debug] 24#24: *2 read: 9, 00007F178ACFA3D8, 607, 0\n", 72) = 72
[pid    24] pread64(9, "\5\0\0\0\0\0\0\0j\376\307c\0\0\0\0\0\0\0\0\0\0\0\0\0\0\0\0\0\0\0\0\312\373\306c\0\0\0\0\22\374\307c\0\0\0\0\r\360\370\356\0\0n\1_\2\16\"63c6fbca-400\"\0\0\0\0\0\0\0\0\0\0\0\0\0\0\0\0\0\0\0\0\0\0\0\0\0\0\0\0\0\0\0\0\0\0\0\0\0\0\0\0\0\0\0\0\0\0\0\0\0\0\0\0\0\0\0\0\0\0\0\0\0\0\0\0\0\0\0\0\0\0\0\0\0\0\0\0\0\0\0\0\0\0\0\0\0\0\0\0\0\0\0\0\0\0\0\0\0\0\0\0\0\0\0\0\0\0\0\0\0\0\0\0\0\0\0\0\0\0\0\0\0\0\0\0\0\0\0\0\0\0\0\0\0\0\0\0\0\0\0\0\0\0\0\0\0\0\0\0\0\0\0\0\0\0\0\0\0\0\0\0\0\0\0\0\0\0\0\0\0\0\0\0\0\0\0\0\0\0\0\0\0\0\0\0\0\0\0\0\0\0\0\0\0\0\0\0\0\0\0\0\0\0\0\0\0\0\0\0\0\0\0\0\0\0\0\0\0\0\0\0\0\0\0\0\0\0\0\0\0\0\0\0\0\0\0\0\0\0\0\0\0\0\0\0\0\0\0\0\0\0\0\0\0\0\0\0\0\0\0\0\0\0\0\nKEY: localhost/proxy_pass/1K\nHTTP/1.1 200 OK\r\nServer: openresty/1.21.4.1\r\nDate: Wed, 18 Jan 2023 14:02:58 GMT\r\nContent-Type: text/plain\r\nContent-Length: 1024\r\nLast-Modified: Tue, 17 Jan 2023 19:49:30 GMT\r\nConnection: close\r\nETag: \"63c6fbca-400\"\r\nAccept-Ranges: bytes\r\n\r\n", 607, 0) = 607
[pid    24] gettid()                    = 24
[pid    24] write(2, "2023/01/18 14:09:49 [debug] 24#24: shmtx lock\n", 46) = 46
[pid    24] gettid()                    = 24
[pid    24] write(2, "2023/01/18 14:09:49 [debug] 24#24: shmtx unlock\n", 48) = 48
[pid    24] gettid()                    = 24
[pid    24] write(2, "2023/01/18 14:09:49 [debug] 24#24: *2 http upstream cache: 0\n", 61) = 61
[pid    24] gettid()                    = 24
[pid    24] write(2, "2023/01/18 14:09:49 [debug] 24#24: *2 http proxy status 200 \"200 OK\"\n", 69) = 69
[pid    24] gettid()                    = 24
[pid    24] write(2, "2023/01/18 14:09:49 [debug] 24#24: *2 http proxy header: \"Server: openresty/1.21.4.1\"\n", 86) = 86
[pid    24] gettid()                    = 24
[pid    24] write(2, "2023/01/18 14:09:49 [debug] 24#24: *2 http proxy header: \"Date: Wed, 18 Jan 2023 14:02:58 GMT\"\n", 95) = 95
[pid    24] gettid()                    = 24
[pid    24] write(2, "2023/01/18 14:09:49 [debug] 24#24: *2 http proxy header: \"Content-Type: text/plain\"\n", 84) = 84
[pid    24] gettid()                    = 24
[pid    24] write(2, "2023/01/18 14:09:49 [debug] 24#24: *2 http proxy header: \"Content-Length: 1024\"\n", 80) = 80
[pid    24] gettid()                    = 24
[pid    24] write(2, "2023/01/18 14:09:49 [debug] 24#24: *2 http proxy header: \"Last-Modified: Tue, 17 Jan 2023 19:49:30 GMT\"\n", 104) = 104
[pid    24] gettid()                    = 24
[pid    24] write(2, "2023/01/18 14:09:49 [debug] 24#24: *2 http proxy header: \"Connection: close\"\n", 77) = 77
[pid    24] gettid()                    = 24
[pid    24] write(2, "2023/01/18 14:09:49 [debug] 24#24: *2 http proxy header: \"ETag: \"63c6fbca-400\"\"\n", 80) = 80
[pid    24] gettid()                    = 24
[pid    24] write(2, "2023/01/18 14:09:49 [debug] 24#24: *2 http proxy header: \"Accept-Ranges: bytes\"\n", 80) = 80
[pid    24] gettid()                    = 24
[pid    24] write(2, "2023/01/18 14:09:49 [debug] 24#24: *2 http proxy header done\n", 61) = 61
[pid    24] gettid()                    = 24
[pid    24] write(2, "2023/01/18 14:09:49 [debug] 24#24: *2 http file cache send: /opt/nginx_cache/2/dd/d6efdad814ae698206cef41c48b7fdd2\n", 115) = 115
[pid    24] gettid()                    = 24
[pid    24] write(2, "2023/01/18 14:09:49 [debug] 24#24: *2 HTTP/1.1 200 OK\r\nServer: openresty/1.21.4.1\r\nDate: Wed, 18 Jan 2023 14:09:49 GMT\r\nContent-Type: text/plain\r\nContent-Length: 1024\r\nConnection: keep-alive\r\nLast-Modified: Tue, 17 Jan 2023 19:49:30 GMT\r\nETag: \"63c6fbca-400\"\r\nAccept-Ranges: bytes\r\n\n", 283) = 283
[pid    24] gettid()                    = 24
[pid    24] write(2, "2023/01/18 14:09:49 [debug] 24#24: *2 write new buf t:1 f:0 00007F178ACFAAC0, pos 00007F178ACFAAC0, size: 246 file: 0, size: 0\n", 127) = 127
[pid    24] gettid()                    = 24
[pid    24] write(2, "2023/01/18 14:09:49 [debug] 24#24: *2 http write filter: l:0 f:0 s:246\n", 71) = 71
[pid    24] gettid()                    = 24
[pid    24] write(2, "2023/01/18 14:09:49 [debug] 24#24: *2 http output filter \"/proxy_pass/1K?\"\n", 75) = 75
[pid    24] gettid()                    = 24
[pid    24] write(2, "2023/01/18 14:09:49 [debug] 24#24: *2 http copy filter: \"/proxy_pass/1K?\"\n", 74) = 74
[pid    24] gettid()                    = 24
[pid    24] write(2, "2023/01/18 14:09:49 [debug] 24#24: *2 http postpone filter \"/proxy_pass/1K?\" 00007FFE4CA94050\n", 94) = 94
[pid    24] gettid()                    = 24
[pid    24] write(2, "2023/01/18 14:09:49 [debug] 24#24: *2 write old buf t:1 f:0 00007F178ACFAAC0, pos 00007F178ACFAAC0, size: 246 file: 0, size: 0\n", 127) = 127
[pid    24] gettid()                    = 24
[pid    24] write(2, "2023/01/18 14:09:49 [debug] 24#24: *2 write new buf t:0 f:1 0000000000000000, pos 0000000000000000, size: 0 file: 607, size: 1024\n", 130) = 130
[pid    24] gettid()                    = 24
[pid    24] write(2, "2023/01/18 14:09:49 [debug] 24#24: *2 http write filter: l:1 f:0 s:1270\n", 72) = 72
[pid    24] gettid()                    = 24
[pid    24] write(2, "2023/01/18 14:09:49 [debug] 24#24: *2 http write filter limit 2097152\n", 70) = 70
[pid    24] writev(3, [{iov_base="HTTP/1.1 200 OK\r\nServer: openresty/1.21.4.1\r\nDate: Wed, 18 Jan 2023 14:09:49 GMT\r\nContent-Type: text/plain\r\nContent-Length: 1024\r\nConnection: keep-alive\r\nLast-Modified: Tue, 17 Jan 2023 19:49:30 GMT\r\nETag: \"63c6fbca-400\"\r\nAccept-Ranges: bytes\r\n\r\n", iov_len=246}], 1) = 246
[pid    24] gettid()                    = 24
[pid    24] write(2, "2023/01/18 14:09:49 [debug] 24#24: *2 writev: 246 of 246\n", 57) = 57
[pid    24] gettid()                    = 24
[pid    24] write(2, "2023/01/18 14:09:49 [debug] 24#24: *2 sendfile: @607 1024\n", 58) = 58
[pid    24] sendfile(3, 9, [607] => [1631], 1024) = 1024
[pid    24] gettid()                    = 24
[pid    24] write(2, "2023/01/18 14:09:49 [debug] 24#24: *2 sendfile: 1024 of 1024 @607\n", 66) = 66
[pid    24] gettid()                    = 24
[pid    24] write(2, "2023/01/18 14:09:49 [debug] 24#24: *2 http write filter 0000000000000000\n", 73) = 73
[pid    24] gettid()                    = 24
[pid    24] write(2, "2023/01/18 14:09:49 [debug] 24#24: *2 http copy filter: 0 \"/proxy_pass/1K?\"\n", 76) = 76
[pid    24] gettid()                    = 24
[pid    24] write(2, "2023/01/18 14:09:49 [debug] 24#24: *2 http finalize request: 0, \"/proxy_pass/1K?\" a:1, c:2\n", 91) = 91
[pid    24] gettid()                    = 24
[pid    24] write(2, "2023/01/18 14:09:49 [debug] 24#24: *2 http request count:2 blk:0\n", 65) = 65
[pid    24] gettid()                    = 24
[pid    24] write(2, "2023/01/18 14:09:49 [debug] 24#24: *2 http finalize request: -4, \"/proxy_pass/1K?\" a:1, c:1\n", 92) = 92
[pid    24] gettid()                    = 24
[pid    24] write(2, "2023/01/18 14:09:49 [debug] 24#24: *2 set http keepalive handler\n", 65) = 65
[pid    24] gettid()                    = 24
[pid    24] write(2, "2023/01/18 14:09:49 [debug] 24#24: *2 http close request\n", 57) = 57
[pid    24] gettid()                    = 24
[pid    24] write(2, "2023/01/18 14:09:49 [debug] 24#24: *2 lua request cleanup: forcible=0\n", 70) = 70
[pid    24] gettid()                    = 24
[pid    24] write(2, "2023/01/18 14:09:49 [debug] 24#24: *2 http lua finalize threads\n", 64) = 64
[pid    24] gettid()                    = 24
[pid    24] write(2, "2023/01/18 14:09:49 [debug] 24#24: *2 http log handler\n", 55) = 55
[pid    24] write(13, "time=\"2023-01-18T14:09:49+00:00\" remote_addr=\"172.22.0.1\" req=\"GET /proxy_pass/1K HTTP/1.1\" status=\"200\" req_time=\"0.000\" bytes_sent=\"1024\" up_cache_status=\"HIT\" up_status=\"-\" up_addr\"-\" up_resp_time=\"-\" ref=\"-\" ua=\"curl/7.79.1\" scheme=\"http\"\n", 243) = 243
[pid    24] gettid()                    = 24
[pid    24] write(2, "2023/01/18 14:09:49 [debug] 24#24: *2 run cleanup: 00007F178AD057E8\n", 68) = 68
[pid    24] gettid()                    = 24
[pid    24] write(2, "2023/01/18 14:09:49 [debug] 24#24: *2 file cleanup: fd:9\n", 57) = 57
[pid    24] close(9)                    = 0
[pid    24] gettid()                    = 24
[pid    24] write(2, "2023/01/18 14:09:49 [debug] 24#24: *2 run cleanup: 00007F178AD05798\n", 68) = 68
[pid    24] gettid()                    = 24
[pid    24] write(2, "2023/01/18 14:09:49 [debug] 24#24: *2 http file cache cleanup\n", 62) = 62
[pid    24] gettid()                    = 24
[pid    24] write(2, "2023/01/18 14:09:49 [debug] 24#24: *2 http file cache free, fd: 9\n", 66) = 66
[pid    24] gettid()                    = 24
[pid    24] write(2, "2023/01/18 14:09:49 [debug] 24#24: shmtx lock\n", 46) = 46
[pid    24] gettid()                    = 24
[pid    24] write(2, "2023/01/18 14:09:49 [debug] 24#24: shmtx unlock\n", 48) = 48
[pid    24] gettid()                    = 24
[pid    24] write(2, "2023/01/18 14:09:49 [debug] 24#24: *2 free: 00007F178AD032D0, unused: 4\n", 72) = 72
[pid    24] gettid()                    = 24
[pid    24] write(2, "2023/01/18 14:09:49 [debug] 24#24: *2 free: 00007F178AD04810, unused: 10\n", 73) = 73
[pid    24] gettid()                    = 24
[pid    24] write(2, "2023/01/18 14:09:49 [debug] 24#24: *2 free: 00007F178ACFA350, unused: 1465\n", 75) = 75
[pid    24] munmap(0x7f178acfa000, 16384) = 0
[pid    24] gettid()                    = 24
[pid    24] write(2, "2023/01/18 14:09:49 [debug] 24#24: *2 free: 00007F178A1CEB30\n", 61) = 61
[pid    24] gettid()                    = 24
[pid    24] write(2, "2023/01/18 14:09:49 [debug] 24#24: *2 hc free: 0000000000000000\n", 64) = 64
[pid    24] gettid()                    = 24
[pid    24] write(2, "2023/01/18 14:09:49 [debug] 24#24: *2 hc busy: 0000000000000000 0\n", 66) = 66
[pid    24] gettid()                    = 24
[pid    24] write(2, "2023/01/18 14:09:49 [debug] 24#24: *2 tcp_nodelay\n", 50) = 50
[pid    24] setsockopt(3, SOL_TCP, TCP_NODELAY, [1], 4) = 0
[pid    24] gettid()                    = 24
[pid    24] write(2, "2023/01/18 14:09:49 [debug] 24#24: *2 reusable connection: 1\n", 61) = 61
[pid    24] gettid()                    = 24
[pid    24] write(2, "2023/01/18 14:09:49 [debug] 24#24: *2 event timer add: 3: 75000:1526208\n", 72) = 72
[pid    24] gettid()                    = 24
[pid    24] write(2, "2023/01/18 14:09:49 [debug] 24#24: timer delta: 8\n", 50) = 50
[pid    24] gettid()                    = 24
[pid    24] write(2, "2023/01/18 14:09:49 [debug] 24#24: worker cycle\n", 48) = 48
[pid    24] gettid()                    = 24
[pid    24] write(2, "2023/01/18 14:09:49 [debug] 24#24: epoll timer: 75000\n", 54) = 54
[pid    24] epoll_pwait(15, [{events=EPOLLIN|EPOLLOUT|EPOLLRDHUP, data={u32=2327973825, u64=139739088949185}}], 512, 75000, NULL, 8) = 1
[pid    24] clock_gettime(CLOCK_REALTIME, {tv_sec=1674050989, tv_nsec=317023008}) = 0
[pid    24] clock_gettime(CLOCK_MONOTONIC, {tv_sec=1451, tv_nsec=279827092}) = 0
[pid    24] gettid()                    = 24
[pid    24] write(2, "2023/01/18 14:09:49 [debug] 24#24: epoll: fd:3 ev:2005 d:00007F178AC20FC1\n", 74) = 74
[pid    24] gettid()                    = 24
[pid    24] write(2, "2023/01/18 14:09:49 [debug] 24#24: *2 http keepalive handler\n", 61) = 61
[pid    24] gettid()                    = 24
[pid    24] write(2, "2023/01/18 14:09:49 [debug] 24#24: *2 malloc: 00007F178AC9D060:1024\n", 68) = 68
[pid    24] gettid()                    = 24
[pid    24] write(2, "2023/01/18 14:09:49 [debug] 24#24: *2 recv: eof:1, avail:-1\n", 60) = 60
[pid    24] recvfrom(3, "", 1024, 0, NULL, NULL) = 0
[pid    24] gettid()                    = 24
[pid    24] write(2, "2023/01/18 14:09:49 [debug] 24#24: *2 recv: fd:3 0 of 1024\n", 59) = 59
[pid    24] gettid()                    = 24
[pid    24] write(2, "2023/01/18 14:09:49 [info] 24#24: *2 client 172.22.0.1 closed keepalive connection\n", 83) = 83
[pid    24] gettid()                    = 24
[pid    24] write(2, "2023/01/18 14:09:49 [debug] 24#24: *2 close http connection: 3\n", 63) = 63
[pid    24] gettid()                    = 24
[pid    24] write(2, "2023/01/18 14:09:49 [debug] 24#24: *2 event timer del: 3: 1526208\n", 66) = 66
[pid    24] gettid()                    = 24
[pid    24] write(2, "2023/01/18 14:09:49 [debug] 24#24: *2 reusable connection: 0\n", 61) = 61
[pid    24] close(3)                    = 0
[pid    24] gettid()                    = 24
[pid    24] write(2, "2023/01/18 14:09:49 [debug] 24#24: *2 free: 00007F178AC9D060\n", 61) = 61
[pid    24] gettid()                    = 24
[pid    24] write(2, "2023/01/18 14:09:49 [debug] 24#24: *2 free: 00007F178A1CB940, unused: 136\n", 74) = 74
[pid    24] gettid()                    = 24
[pid    24] write(2, "2023/01/18 14:09:49 [debug] 24#24: timer delta: 71\n", 51) = 51
[pid    24] gettid()                    = 24
[pid    24] write(2, "2023/01/18 14:09:49 [debug] 24#24: worker cycle\n", 48) = 48
[pid    24] gettid()                    = 24
[pid    24] write(2, "2023/01/18 14:09:49 [debug] 24#24: epoll timer: -1\n", 51) = 51
[pid    24] epoll_pwait(15,  <unfinished ...>
[pid    25] <... epoll_pwait resumed>[], 512, 10000, NULL, 8) = 0
[pid    25] clock_gettime(CLOCK_REALTIME, {tv_sec=1674050995, tv_nsec=268905008}) = 0
[pid    25] clock_gettime(CLOCK_MONOTONIC, {tv_sec=1457, tv_nsec=232926092}) = 0
[pid    25] gettid()                    = 25
[pid    25] write(2, "2023/01/18 14:09:55 [debug] 25#25: timer delta: 10018\n", 54) = 54
[pid    25] gettid()                    = 25
[pid    25] write(2, "2023/01/18 14:09:55 [debug] 25#25: event timer del: -1: 1457214\n", 64) = 64
[pid    25] gettid()                    = 25
[pid    25] write(2, "2023/01/18 14:09:55 [debug] 25#25: http file cache expire\n", 58) = 58
[pid    25] gettid()                    = 25
[pid    25] write(2, "2023/01/18 14:09:55 [debug] 25#25: malloc: 00007F178AD15770:55\n", 63) = 63
[pid    25] gettid()                    = 25
[pid    25] write(2, "2023/01/18 14:09:55 [debug] 25#25: shmtx lock\n", 46) = 46
[pid    25] gettid()                    = 25
[pid    25] write(2, "2023/01/18 14:09:55 [debug] 25#25: shmtx unlock\n", 48) = 48
[pid    25] gettid()                    = 25
[pid    25] write(2, "2023/01/18 14:09:55 [debug] 25#25: shmtx lock\n", 46) = 46
[pid    25] gettid()                    = 25
[pid    25] write(2, "2023/01/18 14:09:55 [debug] 25#25: shmtx unlock\n", 48) = 48
[pid    25] gettid()                    = 25
[pid    25] write(2, "2023/01/18 14:09:55 [debug] 25#25: http file cache size: 1 c:1 w:-1\n", 68) = 68
[pid    25] gettid()                    = 25
[pid    25] write(2, "2023/01/18 14:09:55 [debug] 25#25: http file cache manager: 0 e:0 n:10000\n", 74) = 74
[pid    25] clock_gettime(CLOCK_REALTIME, {tv_sec=1674050995, tv_nsec=273040008}) = 0
[pid    25] clock_gettime(CLOCK_MONOTONIC, {tv_sec=1457, tv_nsec=235782092}) = 0
[pid    25] gettid()                    = 25
[pid    25] write(2, "2023/01/18 14:09:55 [debug] 25#25: event timer add: -1: 10000:1467235\n", 70) = 70
[pid    25] gettid()                    = 25
[pid    25] write(2, "2023/01/18 14:09:55 [debug] 25#25: epoll timer: 10000\n", 54) = 54
[pid    25] epoll_pwait(5,
