[pid    22] epoll_pwait(11, [{events=EPOLLIN, data={u32=3169282640, u64=140654758292048}}], 512, -1, NULL, 8) = 1
[pid    22] clock_gettime(CLOCK_REALTIME, {tv_sec=1673903321, tv_nsec=198849000}) = 0
[pid    22] clock_gettime(CLOCK_MONOTONIC, {tv_sec=399203, tv_nsec=268844239}) = 0
[pid    22] gettid()                    = 22
[pid    22] write(2, "2023/01/16 21:08:41 [debug] 22#22: epoll: fd:5 ev:0001 d:00007FECBCE76A50\n", 74) = 74
[pid    22] gettid()                    = 22
[pid    22] write(2, "2023/01/16 21:08:41 [debug] 22#22: accept on 0.0.0.0:8080, ready: 0\n", 68) = 68
[pid    22] accept4(5, {sa_family=AF_INET, sin_port=htons(48608), sin_addr=inet_addr("192.168.64.1")}, [112 => 16], SOCK_CLOEXEC|SOCK_NONBLOCK) = 3
[pid    22] gettid()                    = 22
[pid    22] write(2, "2023/01/16 21:08:41 [debug] 22#22: posix_memalign: 00007FECBCE20DB0:512 @16\n", 76) = 76
[pid    22] gettid()                    = 22
[pid    22] write(2, "2023/01/16 21:08:41 [debug] 22#22: *1 accept: 192.168.64.1:48608 fd:3\n", 70) = 70
[pid    22] gettid()                    = 22
[pid    22] write(2, "2023/01/16 21:08:41 [debug] 22#22: *1 event timer add: 3: 60000:399263268\n", 74) = 74
[pid    22] gettid()                    = 22
[pid    22] write(2, "2023/01/16 21:08:41 [debug] 22#22: *1 reusable connection: 1\n", 61) = 61
[pid    22] gettid()                    = 22
[pid    22] write(2, "2023/01/16 21:08:41 [debug] 22#22: *1 epoll add event: fd:3 op:1 ev:80002001\n", 77) = 77
[pid    22] epoll_ctl(11, EPOLL_CTL_ADD, 3, {events=EPOLLIN|EPOLLRDHUP|EPOLLET, data={u32=3169283840, u64=140654758293248}}) = 0
[pid    22] gettid()                    = 22
[pid    22] write(2, "2023/01/16 21:08:41 [debug] 22#22: timer delta: 5602\n", 53) = 53
[pid    22] gettid()                    = 22
[pid    22] write(2, "2023/01/16 21:08:41 [debug] 22#22: worker cycle\n", 48) = 48
[pid    22] gettid()                    = 22
[pid    22] write(2, "2023/01/16 21:08:41 [debug] 22#22: epoll timer: 60000\n", 54) = 54
[pid    22] epoll_pwait(11, [{events=EPOLLIN, data={u32=3169283840, u64=140654758293248}}], 512, 60000, NULL, 8) = 1
[pid    22] clock_gettime(CLOCK_REALTIME, {tv_sec=1673903321, tv_nsec=205679000}) = 0
[pid    22] clock_gettime(CLOCK_MONOTONIC, {tv_sec=399203, tv_nsec=275674239}) = 0
[pid    22] gettid()                    = 22
[pid    22] write(2, "2023/01/16 21:08:41 [debug] 22#22: epoll: fd:3 ev:0001 d:00007FECBCE76F00\n", 74) = 74
[pid    22] gettid()                    = 22
[pid    22] write(2, "2023/01/16 21:08:41 [debug] 22#22: *1 http wait request handler\n", 64) = 64
[pid    22] gettid()                    = 22
[pid    22] write(2, "2023/01/16 21:08:41 [debug] 22#22: *1 malloc: 00007FECBCE22B70:1024\n", 68) = 68
[pid    22] gettid()                    = 22
[pid    22] write(2, "2023/01/16 21:08:41 [debug] 22#22: *1 recv: eof:0, avail:-1\n", 60) = 60
[pid    22] recvfrom(3, "GET /1K HTTP/1.1\r\nHost: localhost:8080\r\nUser-Agent: curl/7.79.1\r\nAccept: */*\r\n\r\n", 1024, 0, NULL, NULL) = 80
[pid    22] gettid()                    = 22
[pid    22] write(2, "2023/01/16 21:08:41 [debug] 22#22: *1 recv: fd:3 80 of 1024\n", 60) = 60
[pid    22] gettid()                    = 22
[pid    22] write(2, "2023/01/16 21:08:41 [debug] 22#22: *1 reusable connection: 0\n", 61) = 61
[pid    22] gettid()                    = 22
[pid    22] write(2, "2023/01/16 21:08:41 [debug] 22#22: *1 posix_memalign: 00007FECBCF49250:4096 @16\n", 80) = 80
[pid    22] gettid()                    = 22
[pid    22] write(2, "2023/01/16 21:08:41 [debug] 22#22: *1 http process request line\n", 64) = 64
[pid    22] gettid()                    = 22
[pid    22] write(2, "2023/01/16 21:08:41 [debug] 22#22: *1 http request line: \"GET /1K HTTP/1.1\"\n", 76) = 76
[pid    22] gettid()                    = 22
[pid    22] write(2, "2023/01/16 21:08:41 [debug] 22#22: *1 http uri: \"/1K\"\n", 54) = 54
[pid    22] gettid()                    = 22
[pid    22] write(2, "2023/01/16 21:08:41 [debug] 22#22: *1 http args: \"\"\n", 52) = 52
[pid    22] gettid()                    = 22
[pid    22] write(2, "2023/01/16 21:08:41 [debug] 22#22: *1 http exten: \"\"\n", 53) = 53
[pid    22] gettid()                    = 22
[pid    22] write(2, "2023/01/16 21:08:41 [debug] 22#22: *1 posix_memalign: 00007FECBCF4A790:4096 @16\n", 80) = 80
[pid    22] gettid()                    = 22
[pid    22] write(2, "2023/01/16 21:08:41 [debug] 22#22: *1 http process request header line\n", 71) = 71
[pid    22] gettid()                    = 22
[pid    22] write(2, "2023/01/16 21:08:41 [debug] 22#22: *1 http header: \"Host: localhost:8080\"\n", 74) = 74
[pid    22] gettid()                    = 22
[pid    22] write(2, "2023/01/16 21:08:41 [debug] 22#22: *1 http header: \"User-Agent: curl/7.79.1\"\n", 77) = 77
[pid    22] gettid()                    = 22
[pid    22] write(2, "2023/01/16 21:08:41 [debug] 22#22: *1 http header: \"Accept: */*\"\n", 65) = 65
[pid    22] gettid()                    = 22
[pid    22] write(2, "2023/01/16 21:08:41 [debug] 22#22: *1 http header done\n", 55) = 55
[pid    22] gettid()                    = 22
[pid    22] write(2, "2023/01/16 21:08:41 [debug] 22#22: *1 event timer del: 3: 399263268\n", 68) = 68
[pid    22] gettid()                    = 22
[pid    22] write(2, "2023/01/16 21:08:41 [debug] 22#22: *1 generic phase: 0\n", 55) = 55
[pid    22] gettid()                    = 22
[pid    22] write(2, "2023/01/16 21:08:41 [debug] 22#22: *1 rewrite phase: 1\n", 55) = 55
[pid    22] gettid()                    = 22
[pid    22] write(2, "2023/01/16 21:08:41 [debug] 22#22: *1 rewrite phase: 2\n", 55) = 55
[pid    22] gettid()                    = 22
[pid    22] write(2, "2023/01/16 21:08:41 [debug] 22#22: *1 test location: \"/\"\n", 57) = 57
[pid    22] gettid()                    = 22
[pid    22] write(2, "2023/01/16 21:08:41 [debug] 22#22: *1 using configuration \"/\"\n", 62) = 62
[pid    22] gettid()                    = 22
[pid    22] write(2, "2023/01/16 21:08:41 [debug] 22#22: *1 http cl:-1 max:1048576\n", 61) = 61
[pid    22] gettid()                    = 22
[pid    22] write(2, "2023/01/16 21:08:41 [debug] 22#22: *1 rewrite phase: 4\n", 55) = 55
[pid    22] gettid()                    = 22
[pid    22] write(2, "2023/01/16 21:08:41 [debug] 22#22: *1 rewrite phase: 5\n", 55) = 55
[pid    22] gettid()                    = 22
[pid    22] write(2, "2023/01/16 21:08:41 [debug] 22#22: *1 http cleanup add: 00007FECBCF4A180\n", 73) = 73
[pid    22] gettid()                    = 22
[pid    22] write(2, "2023/01/16 21:08:41 [debug] 22#22: *1 code cache lookup (key='set_by_lua_nhli_bd43c489cb1cbd071d4ddbe1c64801dc', ref=-1)\n", 121) = 121
[pid    22] gettid()                    = 22
[pid    22] write(2, "2023/01/16 21:08:41 [debug] 22#22: *1 code cache miss (key='set_by_lua_nhli_bd43c489cb1cbd071d4ddbe1c64801dc', ref=-1)\n", 119) = 119
[pid    22] gettid()                    = 22
[pid    22] write(2, "2023/01/16 21:08:41 [debug] 22#22: *1 http script value (post filter): \"localhost/1K\"\n", 86) = 86
[pid    22] gettid()                    = 22
[pid    22] write(2, "2023/01/16 21:08:41 [debug] 22#22: *1 http script set $cache_key\n", 65) = 65
[pid    22] gettid()                    = 22
[pid    22] write(2, "2023/01/16 21:08:41 [debug] 22#22: *1 post rewrite phase: 6\n", 60) = 60
[pid    22] gettid()                    = 22
[pid    22] write(2, "2023/01/16 21:08:41 [debug] 22#22: *1 generic phase: 7\n", 55) = 55
[pid    22] gettid()                    = 22
[pid    22] write(2, "2023/01/16 21:08:41 [debug] 22#22: *1 generic phase: 8\n", 55) = 55
[pid    22] gettid()                    = 22
[pid    22] write(2, "2023/01/16 21:08:41 [debug] 22#22: *1 generic phase: 9\n", 55) = 55
[pid    22] gettid()                    = 22
[pid    22] write(2, "2023/01/16 21:08:41 [debug] 22#22: *1 access phase: 10\n", 55) = 55
[pid    22] gettid()                    = 22
[pid    22] write(2, "2023/01/16 21:08:41 [debug] 22#22: *1 lua access handler, uri:\"/1K\" c:1\n", 72) = 72
[pid    22] gettid()                    = 22
[pid    22] write(2, "2023/01/16 21:08:41 [debug] 22#22: *1 access phase: 10\n", 55) = 55
[pid    22] gettid()                    = 22
[pid    22] write(2, "2023/01/16 21:08:41 [debug] 22#22: *1 access phase: 11\n", 55) = 55
[pid    22] gettid()                    = 22
[pid    22] write(2, "2023/01/16 21:08:41 [debug] 22#22: *1 access phase: 12\n", 55) = 55
[pid    22] gettid()                    = 22
[pid    22] write(2, "2023/01/16 21:08:41 [debug] 22#22: *1 access phase: 13\n", 55) = 55
[pid    22] gettid()                    = 22
[pid    22] write(2, "2023/01/16 21:08:41 [debug] 22#22: *1 lua access handler, uri:\"/1K\" c:1\n", 72) = 72
[pid    22] gettid()                    = 22
[pid    22] write(2, "2023/01/16 21:08:41 [debug] 22#22: *1 code cache lookup (key='access_by_lua_nhli_c23aa0a4963a0b0bd5f3b17fd26d55f1', ref=-1)\n", 124) = 124
[pid    22] gettid()                    = 22
[pid    22] write(2, "2023/01/16 21:08:41 [debug] 22#22: *1 code cache miss (key='access_by_lua_nhli_c23aa0a4963a0b0bd5f3b17fd26d55f1', ref=-1)\n", 122) = 122
[pid    22] gettid()                    = 22
[pid    22] write(2, "2023/01/16 21:08:41 [debug] 22#22: *1 lua creating new thread\n", 62) = 62
[pid    22] gettid()                    = 22
[pid    22] write(2, "2023/01/16 21:08:41 [debug] 22#22: lua ref lua thread 00007FECBCDCA7F0 (ref 1)\n", 79) = 79
[pid    22] gettid()                    = 22
[pid    22] write(2, "2023/01/16 21:08:41 [debug] 22#22: *1 lua reset ctx\n", 52) = 52
[pid    22] gettid()                    = 22
[pid    22] write(2, "2023/01/16 21:08:41 [debug] 22#22: *1 http lua finalize threads\n", 64) = 64
[pid    22] gettid()                    = 22
[pid    22] write(2, "2023/01/16 21:08:41 [debug] 22#22: *1 lua run thread, top:0 c:1\n", 64) = 64
[pid    22] gettid()                    = 22
[pid    22] write(2, "2023/01/16 21:08:41 [error] 22#22: *1 [lua] access_by_lua(nginx.conf:41):2: access_lua_block HTTP, client: 192.168.64.1, server: , request: \"GET /1K HTTP/1.1\", host: \"localhost:8080\"\n", 183) = 183
[pid    22] gettid()                    = 22
[pid    22] write(2, "2023/01/16 21:08:41 [debug] 22#22: *1 lua resume returned 0\n", 60) = 60
[pid    22] gettid()                    = 22
[pid    22] write(2, "2023/01/16 21:08:41 [debug] 22#22: *1 lua light thread ended normally\n", 70) = 70
[pid    22] gettid()                    = 22
[pid    22] write(2, "2023/01/16 21:08:41 [debug] 22#22: *1 lua deleting light thread 00007FECBCDCA7F0 (ref 1)\n", 89) = 89
[pid    22] gettid()                    = 22
[pid    22] write(2, "2023/01/16 21:08:41 [debug] 22#22: *1 lua caching unused lua thread 00007FECBCDCA7F0 (ref 1)\n", 93) = 93
[pid    22] gettid()                    = 22
[pid    22] write(2, "2023/01/16 21:08:41 [debug] 22#22: *1 post access phase: 14\n", 60) = 60
[pid    22] gettid()                    = 22
[pid    22] write(2, "2023/01/16 21:08:41 [debug] 22#22: *1 generic phase: 15\n", 56) = 56
[pid    22] gettid()                    = 22
[pid    22] write(2, "2023/01/16 21:08:41 [debug] 22#22: *1 generic phase: 16\n", 56) = 56
[pid    22] gettid()                    = 22
[pid    22] write(2, "2023/01/16 21:08:41 [debug] 22#22: *1 http script copy: \"http://my_upstream/\"\n", 78) = 78
[pid    22] gettid()                    = 22
[pid    22] write(2, "2023/01/16 21:08:41 [debug] 22#22: *1 http script var: \"/1K\"\n", 61) = 61
[pid    22] gettid()                    = 22
[pid    22] write(2, "2023/01/16 21:08:41 [debug] 22#22: *1 http init upstream, client timer: 0\n", 74) = 74
[pid    22] gettid()                    = 22
[pid    22] write(2, "2023/01/16 21:08:41 [debug] 22#22: *1 epoll add event: fd:3 op:3 ev:80002005\n", 77) = 77
[pid    22] epoll_ctl(11, EPOLL_CTL_MOD, 3, {events=EPOLLIN|EPOLLOUT|EPOLLRDHUP|EPOLLET, data={u32=3169283840, u64=140654758293248}}) = 0
[pid    22] gettid()                    = 22
[pid    22] write(2, "2023/01/16 21:08:41 [debug] 22#22: *1 http script copy: \"Host\"\n", 63) = 63
[pid    22] gettid()                    = 22
[pid    22] write(2, "2023/01/16 21:08:41 [debug] 22#22: *1 http script var: \"my_upstream\"\n", 69) = 69
[pid    22] gettid()                    = 22
[pid    22] write(2, "2023/01/16 21:08:41 [debug] 22#22: *1 http script copy: \"Connection\"\n", 69) = 69
[pid    22] gettid()                    = 22
[pid    22] write(2, "2023/01/16 21:08:41 [debug] 22#22: *1 http script copy: \"close\"\n", 64) = 64
[pid    22] gettid()                    = 22
[pid    22] write(2, "2023/01/16 21:08:41 [debug] 22#22: *1 http script copy: \"\"\n", 59) = 59
[pid    22] gettid()                    = 22
[pid    22] write(2, "2023/01/16 21:08:41 [debug] 22#22: *1 http script copy: \"\"\n", 59) = 59
[pid    22] gettid()                    = 22
[pid    22] write(2, "2023/01/16 21:08:41 [debug] 22#22: *1 http proxy header: \"User-Agent: curl/7.79.1\"\n", 83) = 83
[pid    22] gettid()                    = 22
[pid    22] write(2, "2023/01/16 21:08:41 [debug] 22#22: *1 http proxy header: \"Accept: */*\"\n", 71) = 71
[pid    22] gettid()                    = 22
[pid    22] write(2, "2023/01/16 21:08:41 [debug] 22#22: *1 http proxy header:\n\"GET //1K HTTP/1.0\r\nHost: my_upstream\r\nConnection: close\r\nUser-Agent: curl/7.79.1\r\nAccept: */*\r\n\r\n\"\n", 157) = 157
[pid    22] gettid()                    = 22
[pid    22] write(2, "2023/01/16 21:08:41 [debug] 22#22: *1 http cleanup add: 00007FECBCF4B4E0\n", 73) = 73
[pid    22] gettid()                    = 22
[pid    22] write(2, "2023/01/16 21:08:41 [debug] 22#22: *1 init keepalive peer\n", 58) = 58
[pid    22] gettid()                    = 22
[pid    22] write(2, "2023/01/16 21:08:41 [debug] 22#22: *1 get keepalive peer\n", 57) = 57
[pid    22] gettid()                    = 22
[pid    22] write(2, "2023/01/16 21:08:41 [debug] 22#22: *1 get rr peer, try: 1\n", 58) = 58
[pid    22] socket(AF_INET, SOCK_STREAM|SOCK_CLOEXEC, IPPROTO_IP) = 4
[pid    22] gettid()                    = 22
[pid    22] write(2, "2023/01/16 21:08:41 [debug] 22#22: *1 stream socket 4\n", 54) = 54
[pid    22] ioctl(4, FIONBIO, [1])      = 0
[pid    22] fcntl(4, F_SETFD, FD_CLOEXEC) = 0
[pid    22] gettid()                    = 22
[pid    22] write(2, "2023/01/16 21:08:41 [debug] 22#22: *1 epoll add connection: fd:4 ev:80002005\n", 77) = 77
[pid    22] epoll_ctl(11, EPOLL_CTL_ADD, 4, {events=EPOLLIN|EPOLLOUT|EPOLLRDHUP|EPOLLET, data={u32=3169284080, u64=140654758293488}}) = 0
[pid    22] gettid()                    = 22
[pid    22] write(2, "2023/01/16 21:08:41 [debug] 22#22: *1 connect to 127.0.0.1:8090, fd:4 #2\n", 73) = 73
[pid    22] connect(4, {sa_family=AF_INET, sin_port=htons(8090), sin_addr=inet_addr("127.0.0.1")}, 16) = -1 EINPROGRESS (Operation in progress)
[pid    22] gettid()                    = 22
[pid    22] write(2, "2023/01/16 21:08:41 [debug] 22#22: *1 http upstream connect: -2\n", 64) = 64
[pid    22] gettid()                    = 22
[pid    22] write(2, "2023/01/16 21:08:41 [debug] 22#22: *1 posix_memalign: 00007FECBCF07AB0:128 @16\n", 79) = 79
[pid    22] gettid()                    = 22
[pid    22] write(2, "2023/01/16 21:08:41 [debug] 22#22: *1 event timer add: 4: 60000:399263275\n", 74) = 74
[pid    22] gettid()                    = 22
[pid    22] write(2, "2023/01/16 21:08:41 [debug] 22#22: *1 http finalize request: -4, \"/1K?\" a:1, c:2\n", 81) = 81
[pid    22] gettid()                    = 22
[pid    22] write(2, "2023/01/16 21:08:41 [debug] 22#22: *1 http request count:2 blk:0\n", 65) = 65
[pid    22] gettid()                    = 22
[pid    22] write(2, "2023/01/16 21:08:41 [debug] 22#22: timer delta: 7\n", 50) = 50
[pid    22] gettid()                    = 22
[pid    22] write(2, "2023/01/16 21:08:41 [debug] 22#22: worker cycle\n", 48) = 48
[pid    22] gettid()                    = 22
[pid    22] write(2, "2023/01/16 21:08:41 [debug] 22#22: epoll timer: 60000\n", 54) = 54
[pid    22] epoll_pwait(11, [{events=EPOLLOUT, data={u32=3169283840, u64=140654758293248}}, {events=EPOLLOUT, data={u32=3169284080, u64=140654758293488}}, {events=EPOLLIN, data={u32=3169283120, u64=140654758292528}}], 512, 60000, NULL, 8) = 3
[pid    22] clock_gettime(CLOCK_REALTIME, {tv_sec=1673903321, tv_nsec=259365000}) = 0
[pid    22] clock_gettime(CLOCK_MONOTONIC, {tv_sec=399203, tv_nsec=329270239}) = 0
[pid    22] gettid()                    = 22
[pid    22] write(2, "2023/01/16 21:08:41 [debug] 22#22: epoll: fd:3 ev:0004 d:00007FECBCE76F00\n", 74) = 74
[pid    22] gettid()                    = 22
[pid    22] write(2, "2023/01/16 21:08:41 [debug] 22#22: *1 http run request: \"/1K?\"\n", 63) = 63
[pid    22] gettid()                    = 22
[pid    22] write(2, "2023/01/16 21:08:41 [debug] 22#22: *1 http upstream check client, write event:1, \"/1K\"\n", 87) = 87
[pid    22] gettid()                    = 22
[pid    22] write(2, "2023/01/16 21:08:41 [debug] 22#22: epoll: fd:4 ev:0004 d:00007FECBCE76FF0\n", 74) = 74
[pid    22] gettid()                    = 22
[pid    22] write(2, "2023/01/16 21:08:41 [debug] 22#22: *1 http upstream request: \"/1K?\"\n", 68) = 68
[pid    22] gettid()                    = 22
[pid    22] write(2, "2023/01/16 21:08:41 [debug] 22#22: *1 http upstream send request handler\n", 73) = 73
[pid    22] gettid()                    = 22
[pid    22] write(2, "2023/01/16 21:08:41 [debug] 22#22: *1 http upstream send request\n", 65) = 65
[pid    22] getsockopt(4, SOL_SOCKET, SO_ERROR, [0], [4]) = 0
[pid    22] gettid()                    = 22
[pid    22] write(2, "2023/01/16 21:08:41 [debug] 22#22: *1 http upstream send request body\n", 70) = 70
[pid    22] gettid()                    = 22
[pid    22] write(2, "2023/01/16 21:08:41 [debug] 22#22: *1 chain writer buf fl:1 s:97\n", 65) = 65
[pid    22] gettid()                    = 22
[pid    22] write(2, "2023/01/16 21:08:41 [debug] 22#22: *1 chain writer in: 00007FECBCF4B558\n", 72) = 72
[pid    22] writev(4, [{iov_base="GET //1K HTTP/1.0\r\nHost: my_upstream\r\nConnection: close\r\nUser-Agent: curl/7.79.1\r\nAccept: */*\r\n\r\n", iov_len=97}], 1) = 97
[pid    22] gettid()                    = 22
[pid    22] write(2, "2023/01/16 21:08:41 [debug] 22#22: *1 writev: 97 of 97\n", 55) = 55
[pid    22] gettid()                    = 22
[pid    22] write(2, "2023/01/16 21:08:41 [debug] 22#22: *1 chain writer out: 0000000000000000\n", 73) = 73
[pid    22] gettid()                    = 22
[pid    22] write(2, "2023/01/16 21:08:41 [debug] 22#22: *1 event timer del: 4: 399263275\n", 68) = 68
[pid    22] gettid()                    = 22
[pid    22] write(2, "2023/01/16 21:08:41 [debug] 22#22: *1 event timer add: 4: 60000:399263329\n", 74) = 74
[pid    22] gettid()                    = 22
[pid    22] write(2, "2023/01/16 21:08:41 [debug] 22#22: epoll: fd:7 ev:0001 d:00007FECBCE76C30\n", 74) = 74
[pid    22] gettid()                    = 22
[pid    22] write(2, "2023/01/16 21:08:41 [debug] 22#22: accept on 0.0.0.0:8090, ready: 0\n", 68) = 68
[pid    22] accept4(7, {sa_family=AF_INET, sin_port=htons(53938), sin_addr=inet_addr("127.0.0.1")}, [112 => 16], SOCK_CLOEXEC|SOCK_NONBLOCK) = 8
[pid    22] gettid()                    = 22
[pid    22] write(2, "2023/01/16 21:08:41 [debug] 22#22: posix_memalign: 00007FECBCE1E700:512 @16\n", 76) = 76
[pid    22] gettid()                    = 22
[pid    22] write(2, "2023/01/16 21:08:41 [debug] 22#22: *3 accept: 127.0.0.1:53938 fd:8\n", 67) = 67
[pid    22] gettid()                    = 22
[pid    22] write(2, "2023/01/16 21:08:41 [debug] 22#22: *3 event timer add: 8: 60000:399263329\n", 74) = 74
[pid    22] gettid()                    = 22
[pid    22] write(2, "2023/01/16 21:08:41 [debug] 22#22: *3 reusable connection: 1\n", 61) = 61
[pid    22] gettid()                    = 22
[pid    22] write(2, "2023/01/16 21:08:41 [debug] 22#22: *3 epoll add event: fd:8 op:1 ev:80002001\n", 77) = 77
[pid    22] epoll_ctl(11, EPOLL_CTL_ADD, 8, {events=EPOLLIN|EPOLLRDHUP|EPOLLET, data={u32=3169284320, u64=140654758293728}}) = 0
[pid    22] gettid()                    = 22
[pid    22] write(2, "2023/01/16 21:08:41 [debug] 22#22: timer delta: 54\n", 51) = 51
[pid    22] gettid()                    = 22
[pid    22] write(2, "2023/01/16 21:08:41 [debug] 22#22: worker cycle\n", 48) = 48
[pid    22] gettid()                    = 22
[pid    22] write(2, "2023/01/16 21:08:41 [debug] 22#22: epoll timer: 60000\n", 54) = 54
[pid    22] epoll_pwait(11, [{events=EPOLLIN, data={u32=3169284320, u64=140654758293728}}], 512, 60000, NULL, 8) = 1
[pid    22] clock_gettime(CLOCK_REALTIME, {tv_sec=1673903321, tv_nsec=266689000}) = 0
[pid    22] clock_gettime(CLOCK_MONOTONIC, {tv_sec=399203, tv_nsec=336680239}) = 0
[pid    22] gettid()                    = 22
[pid    22] write(2, "2023/01/16 21:08:41 [debug] 22#22: epoll: fd:8 ev:0001 d:00007FECBCE770E0\n", 74) = 74
[pid    22] gettid()                    = 22
[pid    22] write(2, "2023/01/16 21:08:41 [debug] 22#22: *3 http wait request handler\n", 64) = 64
[pid    22] gettid()                    = 22
[pid    22] write(2, "2023/01/16 21:08:41 [debug] 22#22: *3 malloc: 00007FECBCE21E00:1024\n", 68) = 68
[pid    22] gettid()                    = 22
[pid    22] write(2, "2023/01/16 21:08:41 [debug] 22#22: *3 recv: eof:0, avail:-1\n", 60) = 60
[pid    22] recvfrom(8, "GET //1K HTTP/1.0\r\nHost: my_upstream\r\nConnection: close\r\nUser-Agent: curl/7.79.1\r\nAccept: */*\r\n\r\n", 1024, 0, NULL, NULL) = 97
[pid    22] gettid()                    = 22
[pid    22] write(2, "2023/01/16 21:08:41 [debug] 22#22: *3 recv: fd:8 97 of 1024\n", 60) = 60
[pid    22] gettid()                    = 22
[pid    22] write(2, "2023/01/16 21:08:41 [debug] 22#22: *3 reusable connection: 0\n", 61) = 61
[pid    22] mmap(NULL, 16384, PROT_READ|PROT_WRITE, MAP_PRIVATE|MAP_ANONYMOUS, -1, 0) = 0x7fecbcf40000
[pid    22] gettid()                    = 22
[pid    22] write(2, "2023/01/16 21:08:41 [debug] 22#22: *3 posix_memalign: 00007FECBCF40280:4096 @16\n", 80) = 80
[pid    22] gettid()                    = 22
[pid    22] write(2, "2023/01/16 21:08:41 [debug] 22#22: *3 http process request line\n", 64) = 64
[pid    22] gettid()                    = 22
[pid    22] write(2, "2023/01/16 21:08:41 [debug] 22#22: *3 http request line: \"GET //1K HTTP/1.0\"\n", 77) = 77
[pid    22] gettid()                    = 22
[pid    22] write(2, "2023/01/16 21:08:41 [debug] 22#22: *3 s:0 in:'2F:/'\n", 52) = 52
[pid    22] gettid()                    = 22
[pid    22] write(2, "2023/01/16 21:08:41 [debug] 22#22: *3 s:1 in:'2F:/'\n", 52) = 52
[pid    22] gettid()                    = 22
[pid    22] write(2, "2023/01/16 21:08:41 [debug] 22#22: *3 s:1 in:'31:1'\n", 52) = 52
[pid    22] gettid()                    = 22
[pid    22] write(2, "2023/01/16 21:08:41 [debug] 22#22: *3 s:0 in:'4B:K'\n", 52) = 52
[pid    22] gettid()                    = 22
[pid    22] write(2, "2023/01/16 21:08:41 [debug] 22#22: *3 http uri: \"/1K\"\n", 54) = 54
[pid    22] gettid()                    = 22
[pid    22] write(2, "2023/01/16 21:08:41 [debug] 22#22: *3 http args: \"\"\n", 52) = 52
[pid    22] gettid()                    = 22
[pid    22] write(2, "2023/01/16 21:08:41 [debug] 22#22: *3 http exten: \"\"\n", 53) = 53
[pid    22] gettid()                    = 22
[pid    22] write(2, "2023/01/16 21:08:41 [debug] 22#22: *3 posix_memalign: 00007FECBCF417C0:4096 @16\n", 80) = 80
[pid    22] gettid()                    = 22
[pid    22] write(2, "2023/01/16 21:08:41 [debug] 22#22: *3 http process request header line\n", 71) = 71
[pid    22] gettid()                    = 22
[pid    22] write(2, "2023/01/16 21:08:41 [debug] 22#22: *3 http header: \"Host: my_upstream\"\n", 71) = 71
[pid    22] gettid()                    = 22
[pid    22] write(2, "2023/01/16 21:08:41 [debug] 22#22: *3 http header: \"Connection: close\"\n", 71) = 71
[pid    22] gettid()                    = 22
[pid    22] write(2, "2023/01/16 21:08:41 [debug] 22#22: *3 http header: \"User-Agent: curl/7.79.1\"\n", 77) = 77
[pid    22] gettid()                    = 22
[pid    22] write(2, "2023/01/16 21:08:41 [debug] 22#22: *3 http header: \"Accept: */*\"\n", 65) = 65
[pid    22] gettid()                    = 22
[pid    22] write(2, "2023/01/16 21:08:41 [debug] 22#22: *3 http header done\n", 55) = 55
[pid    22] gettid()                    = 22
[pid    22] write(2, "2023/01/16 21:08:41 [debug] 22#22: *3 event timer del: 8: 399263329\n", 68) = 68
[pid    22] gettid()                    = 22
[pid    22] write(2, "2023/01/16 21:08:41 [debug] 22#22: *3 generic phase: 0\n", 55) = 55
[pid    22] gettid()                    = 22
[pid    22] write(2, "2023/01/16 21:08:41 [debug] 22#22: *3 rewrite phase: 1\n", 55) = 55
[pid    22] gettid()                    = 22
[pid    22] write(2, "2023/01/16 21:08:41 [debug] 22#22: *3 rewrite phase: 2\n", 55) = 55
[pid    22] gettid()                    = 22
[pid    22] write(2, "2023/01/16 21:08:41 [debug] 22#22: *3 test location: \"/\"\n", 57) = 57
[pid    22] gettid()                    = 22
[pid    22] write(2, "2023/01/16 21:08:41 [debug] 22#22: *3 using configuration \"/\"\n", 62) = 62
[pid    22] gettid()                    = 22
[pid    22] write(2, "2023/01/16 21:08:41 [debug] 22#22: *3 http cl:-1 max:1048576\n", 61) = 61
[pid    22] gettid()                    = 22
[pid    22] write(2, "2023/01/16 21:08:41 [debug] 22#22: *3 rewrite phase: 4\n", 55) = 55
[pid    22] gettid()                    = 22
[pid    22] write(2, "2023/01/16 21:08:41 [debug] 22#22: *3 rewrite phase: 5\n", 55) = 55
[pid    22] gettid()                    = 22
[pid    22] write(2, "2023/01/16 21:08:41 [debug] 22#22: *3 post rewrite phase: 6\n", 60) = 60
[pid    22] gettid()                    = 22
[pid    22] write(2, "2023/01/16 21:08:41 [debug] 22#22: *3 generic phase: 7\n", 55) = 55
[pid    22] gettid()                    = 22
[pid    22] write(2, "2023/01/16 21:08:41 [debug] 22#22: *3 generic phase: 8\n", 55) = 55
[pid    22] gettid()                    = 22
[pid    22] write(2, "2023/01/16 21:08:41 [debug] 22#22: *3 generic phase: 9\n", 55) = 55
[pid    22] gettid()                    = 22
[pid    22] write(2, "2023/01/16 21:08:41 [debug] 22#22: *3 access phase: 10\n", 55) = 55
[pid    22] gettid()                    = 22
[pid    22] write(2, "2023/01/16 21:08:41 [debug] 22#22: *3 access phase: 11\n", 55) = 55
[pid    22] gettid()                    = 22
[pid    22] write(2, "2023/01/16 21:08:41 [debug] 22#22: *3 access phase: 12\n", 55) = 55
[pid    22] gettid()                    = 22
[pid    22] write(2, "2023/01/16 21:08:41 [debug] 22#22: *3 access phase: 13\n", 55) = 55
[pid    22] gettid()                    = 22
[pid    22] write(2, "2023/01/16 21:08:41 [debug] 22#22: *3 lua access handler, uri:\"/1K\" c:1\n", 72) = 72
[pid    22] gettid()                    = 22
[pid    22] write(2, "2023/01/16 21:08:41 [debug] 22#22: *3 code cache lookup (key='access_by_lua_nhli_f6ea0fb14b5b763212298ec2952f86a2', ref=-1)\n", 124) = 124
[pid    22] gettid()                    = 22
[pid    22] write(2, "2023/01/16 21:08:41 [debug] 22#22: *3 code cache miss (key='access_by_lua_nhli_f6ea0fb14b5b763212298ec2952f86a2', ref=-1)\n", 122) = 122
[pid    22] gettid()                    = 22
[pid    22] write(2, "2023/01/16 21:08:41 [debug] 22#22: *3 lua creating new thread\n", 62) = 62
[pid    22] gettid()                    = 22
[pid    22] write(2, "2023/01/16 21:08:41 [debug] 22#22: *3 lua reusing cached lua thread 00007FECBCDCA7F0 (ref 1)\n", 93) = 93
[pid    22] gettid()                    = 22
[pid    22] write(2, "2023/01/16 21:08:41 [debug] 22#22: *3 lua reset ctx\n", 52) = 52
[pid    22] gettid()                    = 22
[pid    22] write(2, "2023/01/16 21:08:41 [debug] 22#22: *3 http lua finalize threads\n", 64) = 64
[pid    22] gettid()                    = 22
[pid    22] write(2, "2023/01/16 21:08:41 [debug] 22#22: *3 http cleanup add: 00007FECBCF41BA0\n", 73) = 73
[pid    22] gettid()                    = 22
[pid    22] write(2, "2023/01/16 21:08:41 [debug] 22#22: *3 lua run thread, top:0 c:1\n", 64) = 64
[pid    22] gettid()                    = 22
[pid    22] write(2, "2023/01/16 21:08:41 [info] 22#22: *3 [lua] access_by_lua(nginx.conf:77):2: upstream, client: 127.0.0.1, server: , request: \"GET //1K HTTP/1.0\", host: \"my_upstream\"\n", 164) = 164
[pid    22] gettid()                    = 22
[pid    22] write(2, "2023/01/16 21:08:41 [debug] 22#22: *3 lua resume returned 0\n", 60) = 60
[pid    22] gettid()                    = 22
[pid    22] write(2, "2023/01/16 21:08:41 [debug] 22#22: *3 lua light thread ended normally\n", 70) = 70
[pid    22] gettid()                    = 22
[pid    22] write(2, "2023/01/16 21:08:41 [debug] 22#22: *3 lua deleting light thread 00007FECBCDCA7F0 (ref 1)\n", 89) = 89
[pid    22] gettid()                    = 22
[pid    22] write(2, "2023/01/16 21:08:41 [debug] 22#22: *3 lua caching unused lua thread 00007FECBCDCA7F0 (ref 1)\n", 93) = 93
[pid    22] gettid()                    = 22
[pid    22] write(2, "2023/01/16 21:08:41 [debug] 22#22: *3 post access phase: 14\n", 60) = 60
[pid    22] gettid()                    = 22
[pid    22] write(2, "2023/01/16 21:08:41 [debug] 22#22: *3 generic phase: 15\n", 56) = 56
[pid    22] gettid()                    = 22
[pid    22] write(2, "2023/01/16 21:08:41 [debug] 22#22: *3 generic phase: 16\n", 56) = 56
[pid    22] gettid()                    = 22
[pid    22] write(2, "2023/01/16 21:08:41 [debug] 22#22: *3 content phase: 17\n", 56) = 56
[pid    22] gettid()                    = 22
[pid    22] write(2, "2023/01/16 21:08:41 [debug] 22#22: *3 content phase: 18\n", 56) = 56
[pid    22] gettid()                    = 22
[pid    22] write(2, "2023/01/16 21:08:41 [debug] 22#22: *3 content phase: 19\n", 56) = 56
[pid    22] gettid()                    = 22
[pid    22] write(2, "2023/01/16 21:08:41 [debug] 22#22: *3 content phase: 20\n", 56) = 56
[pid    22] gettid()                    = 22
[pid    22] write(2, "2023/01/16 21:08:41 [debug] 22#22: *3 content phase: 21\n", 56) = 56
[pid    22] gettid()                    = 22
[pid    22] write(2, "2023/01/16 21:08:41 [debug] 22#22: *3 content phase: 22\n", 56) = 56
[pid    22] gettid()                    = 22
[pid    22] write(2, "2023/01/16 21:08:41 [debug] 22#22: *3 http filename: \"/data/1K\"\n", 64) = 64
[pid    22] gettid()                    = 22
[pid    22] write(2, "2023/01/16 21:08:41 [debug] 22#22: *3 add cleanup: 00007FECBCF41BC8\n", 68) = 68
[pid    22] open("/data/1K", O_RDONLY|O_NONBLOCK|O_LARGEFILE) = 16
[pid    22] fstat(16, {st_dev=makedev(0, 0x2f), st_ino=5328, st_mode=S_IFREG|0644, st_nlink=1, st_uid=505, st_gid=20, st_blksize=4096, st_blocks=8, st_size=1024, st_atime=1673902360 /* 2023-01-16T20:52:40+0000 */, st_atime_nsec=0, st_mtime=1673893339 /* 2023-01-16T18:22:19+0000 */, st_mtime_nsec=0, st_ctime=1673893339 /* 2023-01-16T18:22:19+0000 */, st_ctime_nsec=0}) = 0
[pid    22] gettid()                    = 22
[pid    22] write(2, "2023/01/16 21:08:41 [debug] 22#22: *3 http static fd: 16\n", 57) = 57
[pid    22] gettid()                    = 22
[pid    22] write(2, "2023/01/16 21:08:41 [debug] 22#22: *3 http set discard body\n", 60) = 60
[pid    22] gettid()                    = 22
[pid    22] write(2, "2023/01/16 21:08:41 [debug] 22#22: *3 lua capture header filter, uri \"/1K\"\n", 75) = 75
[pid    22] gettid()                    = 22
[pid    22] write(2, "2023/01/16 21:08:41 [debug] 22#22: *3 HTTP/1.1 200 OK\r\nServer: openresty/1.21.4.1\r\nDate: Mon, 16 Jan 2023 21:08:41 GMT\r\nContent-Type: text/plain\r\nContent-Length: 1024\r\nLast-Modified: Mon, 16 Jan 2023 18:22:19 GMT\r\nConnection: close\r\nETag: \"63c595db-400\"\r\nAccept-Ranges: bytes\r\n\n", 278) = 278
[pid    22] gettid()                    = 22
[pid    22] write(2, "2023/01/16 21:08:41 [debug] 22#22: *3 write new buf t:1 f:0 00007FECBCF41DB0, pos 00007FECBCF41DB0, size: 241 file: 0, size: 0\n", 127) = 127
[pid    22] gettid()                    = 22
[pid    22] write(2, "2023/01/16 21:08:41 [debug] 22#22: *3 http write filter: l:0 f:0 s:241\n", 71) = 71
[pid    22] gettid()                    = 22
[pid    22] write(2, "2023/01/16 21:08:41 [debug] 22#22: *3 http output filter \"/1K?\"\n", 64) = 64
[pid    22] gettid()                    = 22
[pid    22] write(2, "2023/01/16 21:08:41 [debug] 22#22: *3 http copy filter: \"/1K?\"\n", 63) = 63
[pid    22] gettid()                    = 22
[pid    22] write(2, "2023/01/16 21:08:41 [debug] 22#22: *3 lua capture body filter, uri \"/1K\"\n", 73) = 73
[pid    22] gettid()                    = 22
[pid    22] write(2, "2023/01/16 21:08:41 [debug] 22#22: *3 http postpone filter \"/1K?\" 00007FFC66CB24D0\n", 83) = 83
[pid    22] gettid()                    = 22
[pid    22] write(2, "2023/01/16 21:08:41 [debug] 22#22: *3 write old buf t:1 f:0 00007FECBCF41DB0, pos 00007FECBCF41DB0, size: 241 file: 0, size: 0\n", 127) = 127
[pid    22] gettid()                    = 22
[pid    22] write(2, "2023/01/16 21:08:41 [debug] 22#22: *3 write new buf t:0 f:1 0000000000000000, pos 0000000000000000, size: 0 file: 0, size: 1024\n", 128) = 128
[pid    22] gettid()                    = 22
[pid    22] write(2, "2023/01/16 21:08:41 [debug] 22#22: *3 http write filter: l:1 f:0 s:1265\n", 72) = 72
[pid    22] gettid()                    = 22
[pid    22] write(2, "2023/01/16 21:08:41 [debug] 22#22: *3 http write filter limit 2097152\n", 70) = 70
[pid    22] writev(8, [{iov_base="HTTP/1.1 200 OK\r\nServer: openresty/1.21.4.1\r\nDate: Mon, 16 Jan 2023 21:08:41 GMT\r\nContent-Type: text/plain\r\nContent-Length: 1024\r\nLast-Modified: Mon, 16 Jan 2023 18:22:19 GMT\r\nConnection: close\r\nETag: \"63c595db-400\"\r\nAccept-Ranges: bytes\r\n\r\n", iov_len=241}], 1) = 241
[pid    22] gettid()                    = 22
[pid    22] write(2, "2023/01/16 21:08:41 [debug] 22#22: *3 writev: 241 of 241\n", 57) = 57
[pid    22] gettid()                    = 22
[pid    22] write(2, "2023/01/16 21:08:41 [debug] 22#22: *3 sendfile: @0 1024\n", 56) = 56
[pid    22] sendfile(8, 16, [0] => [1024], 1024) = 1024
[pid    22] gettid()                    = 22
[pid    22] write(2, "2023/01/16 21:08:41 [debug] 22#22: *3 sendfile: 1024 of 1024 @0\n", 64) = 64
[pid    22] gettid()                    = 22
[pid    22] write(2, "2023/01/16 21:08:41 [debug] 22#22: *3 http write filter 0000000000000000\n", 73) = 73
[pid    22] gettid()                    = 22
[pid    22] write(2, "2023/01/16 21:08:41 [debug] 22#22: *3 http copy filter: 0 \"/1K?\"\n", 65) = 65
[pid    22] gettid()                    = 22
[pid    22] write(2, "2023/01/16 21:08:41 [debug] 22#22: *3 http finalize request: 0, \"/1K?\" a:1, c:1\n", 80) = 80
[pid    22] gettid()                    = 22
[pid    22] write(2, "2023/01/16 21:08:41 [debug] 22#22: *3 http request count:1 blk:0\n", 65) = 65
[pid    22] gettid()                    = 22
[pid    22] write(2, "2023/01/16 21:08:41 [debug] 22#22: *3 http close request\n", 57) = 57
[pid    22] gettid()                    = 22
[pid    22] write(2, "2023/01/16 21:08:41 [debug] 22#22: *3 lua request cleanup: forcible=0\n", 70) = 70
[pid    22] gettid()                    = 22
[pid    22] write(2, "2023/01/16 21:08:41 [debug] 22#22: *3 http lua finalize threads\n", 64) = 64
[pid    22] gettid()                    = 22
[pid    22] write(2, "2023/01/16 21:08:41 [debug] 22#22: *3 http log handler\n", 55) = 55
[pid    22] write(9, "127.0.0.1 - - [16/Jan/2023:21:08:41 +0000] \"GET //1K HTTP/1.0\" 200 1024 \"-\" \"curl/7.79.1\"\n", 90) = 90
[pid    22] gettid()                    = 22
[pid    22] write(2, "2023/01/16 21:08:41 [debug] 22#22: *3 run cleanup: 00007FECBCF41BC8\n", 68) = 68
[pid    22] gettid()                    = 22
[pid    22] write(2, "2023/01/16 21:08:41 [debug] 22#22: *3 file cleanup: fd:16\n", 58) = 58
[pid    22] close(16)                   = 0
[pid    22] gettid()                    = 22
[pid    22] write(2, "2023/01/16 21:08:41 [debug] 22#22: *3 free: 00007FECBCF40280, unused: 8\n", 72) = 72
[pid    22] gettid()                    = 22
[pid    22] write(2, "2023/01/16 21:08:41 [debug] 22#22: *3 free: 00007FECBCF417C0, unused: 2021\n", 75) = 75
[pid    22] munmap(0x7fecbcf40000, 16384) = 0
[pid    22] gettid()                    = 22
[pid    22] write(2, "2023/01/16 21:08:41 [debug] 22#22: *3 close http connection: 8\n", 63) = 63
[pid    22] gettid()                    = 22
[pid    22] write(2, "2023/01/16 21:08:41 [debug] 22#22: *3 reusable connection: 0\n", 61) = 61
[pid    22] close(8)                    = 0
[pid    22] gettid()                    = 22
[pid    22] write(2, "2023/01/16 21:08:41 [debug] 22#22: *3 free: 00007FECBCE21E00\n", 61) = 61
[pid    22] gettid()                    = 22
[pid    22] write(2, "2023/01/16 21:08:41 [debug] 22#22: *3 free: 00007FECBCE1E700, unused: 136\n", 74) = 74
[pid    22] gettid()                    = 22
[pid    22] write(2, "2023/01/16 21:08:41 [debug] 22#22: timer delta: 7\n", 50) = 50
[pid    22] gettid()                    = 22
[pid    22] write(2, "2023/01/16 21:08:41 [debug] 22#22: worker cycle\n", 48) = 48
[pid    22] gettid()                    = 22
[pid    22] write(2, "2023/01/16 21:08:41 [debug] 22#22: epoll timer: 59993\n", 54) = 54
[pid    22] epoll_pwait(11, [{events=EPOLLIN|EPOLLOUT|EPOLLRDHUP, data={u32=3169284080, u64=140654758293488}}], 512, 59993, NULL, 8) = 1
[pid    22] clock_gettime(CLOCK_REALTIME, {tv_sec=1673903321, tv_nsec=311961000}) = 0
[pid    22] clock_gettime(CLOCK_MONOTONIC, {tv_sec=399203, tv_nsec=384119239}) = 0
[pid    22] gettid()                    = 22
[pid    22] write(2, "2023/01/16 21:08:41 [debug] 22#22: epoll: fd:4 ev:2005 d:00007FECBCE76FF0\n", 74) = 74
[pid    22] gettid()                    = 22
[pid    22] write(2, "2023/01/16 21:08:41 [debug] 22#22: *1 http upstream request: \"/1K?\"\n", 68) = 68
[pid    22] gettid()                    = 22
[pid    22] write(2, "2023/01/16 21:08:41 [debug] 22#22: *1 http upstream process header\n", 67) = 67
[pid    22] mmap(NULL, 16384, PROT_READ|PROT_WRITE, MAP_PRIVATE|MAP_ANONYMOUS, -1, 0) = 0x7fecbcf40000
[pid    22] gettid()                    = 22
[pid    22] write(2, "2023/01/16 21:08:41 [debug] 22#22: *1 malloc: 00007FECBCF40290:4096\n", 68) = 68
[pid    22] gettid()                    = 22
[pid    22] write(2, "2023/01/16 21:08:41 [debug] 22#22: *1 recv: eof:1, avail:-1\n", 60) = 60
[pid    22] recvfrom(4, "HTTP/1.1 200 OK\r\nServer: openresty/1.21.4.1\r\nDate: Mon, 16 Jan 2023 21:08:41 GMT\r\nContent-Type: text/plain\r\nContent-Length: 1024\r\nLast-Modified: Mon, 16 Jan 2023 18:22:19 GMT\r\nConnection: close\r\nETag: \"63c595db-400\"\r\nAccept-Ranges: bytes\r\n\r\nb\16\205\206Q\216X\311\237\220\356\375Q1\231K>\302\202\350\277\\\317\207\375A\3659\20\25\232\230\361M\311H\315\250\332\23\240\37qZ>j\372\25\201\341C\2718\222\f\225\34Q\0H\346\323{\6@\302\324\240\356\321\247\224\341\221N\374\342\206\303\377ZBE\242\341\326c\1*\27|\222\3132\31^\5\270S\6\3060*hb\253\306\320\223\253\35\252\306\2046\317\272\v\310B\31\376\230\322\304f\234:\325\242\362\220a\304\216\337\7\273+\211O\35\242n\344\364b\2540\264\366\0\307\230\324\343\34\22\313w\2179\342\213\v?\377.\327\322\17\304\340@a\33\243\301J\360<\223B\25\356\2322\0\31\272\270#\276\251\242\26\17F\221\327\301NHaU=\237\333vW'\304\236\335\235\202\236\221\231\0L\224S\271\235\201\374\263B$y%\6\253\307Hw=\340\32Vfh\356\4\235\226\355\313`\2204\204\340\257M,U\34\3632\203\22\214W\260\245\306\356(\0`\16\375\3\272h\205\351\305\340VE\257\352w\343C\322\0;\300\273\202\363\3446!\231{\0\325\365f\330\3}\2635SVDM$\250\343e\nX\200\230\206\324}\rgI\231\375\277\335y\217\314\266\315\352\20*\365\245K\200\261B\26\247\260\253^\r\3\2231\220\303\t8\252\214zE\234\224\255\352f\5\213\324/\330\377\266?\220\232\275U\270\310\"@\34|\277\272\375%\0\3756\314y~Q~)\f\360X\4Ip\225\370th/s\301\201\250v\313\r\352\250\201\31\264b?\270\rDD\337\"~\250&\354\357\t\274\\\5\336E\341\3%\333\276\233\350\305\262\256RE\262\302\215K\344\0-D2\20\245\264*\237\361\304\32[\260\325\370\215~\213\307X\321\25\2665\23\324\17W\177\24\344Z\2376\236\3506\245P]Q\272\254\274\253\0330m\365l\35\30\rB\262\302%\372\206\35\341\204\34V\231{\25\261YW\202*\226\206>\24\332\213\35[A\371N\320\325\315\301\"n\365\266\202\251\3162\270wp\"x\270\344\31$\207@n\177'\250+\362\315\250\271\307\247T\374\6\1\2664\254\301\330\26\371\206\312\360\263\332\0i\257\250\245v\210\366\336\274\316\321-\353y\246s\337\356\247\313\246TsM;{'h\203\363\275o\\x\243fW\177\347\273\304F` \0361\350\234t`\373\230\361Q\345h;c\233\206h\261m\323\271\274\335\342\244|\271\373\330>\32)~\26\r \346\f\264ZgD\27\245k=Q/\316K\22>\6\17;\226\10=l2\1\354\244\263\\eb\262\300\0226\367\361\325\177\225/\244\363y\3160\361\267\7d\334\26g\247+\341\344\277\3307l\357@\272\222d\242e\246\205B,\312k\347\375\0202g\301\316\311K\275\217k0y=1\225'\265\303\322\377U\333\376\313\360S-J\247o\3140\7\t\31\302R!\356\377\0\367\242\1\367\6\236L[\351\335\224\241\36\336\5\357'\340\373\5\223\f\325\254\31\336%\227\23D\320\335\374\252\267\360\214\262\331\"\365Bz+q8oq\372\257.8x_\\\316\276\325?\264\364\311\r\323)\5\365\243Zh\241\252\276\20S\342\267\201\373\341\217\341\366\313X\315\323e\326\25<\254W\223\205\6IaN\323\253~\244\302\206rh\326\301M\0\302\0247\214=c\24\3156v\215\257h\341F4\n\1l<\277\210L\226P\353%\331\236\3728\371\350\341P\232\21t\365\233\212\267\244\236?\252\2457$\362\337\1\355F\361\320\27\333\236F\31\245\231\200\34o\2466\364\340jkz\206\v\371\263\33\r\247\245%1\201\217\261\256\254\266z\334iW\207~cza\243\240z\267\220\367\7\24w\310j2\0234\326\310cB\326\374\261!&\261\272\224", 4096, 0, NULL, NULL) = 1265
[pid    22] gettid()                    = 22
[pid    22] write(2, "2023/01/16 21:08:41 [debug] 22#22: *1 recv: fd:4 1265 of 4096\n", 62) = 62
[pid    22] gettid()                    = 22
[pid    22] write(2, "2023/01/16 21:08:41 [debug] 22#22: *1 http proxy status 200 \"200 OK\"\n", 69) = 69
[pid    22] gettid()                    = 22
[pid    22] write(2, "2023/01/16 21:08:41 [debug] 22#22: *1 http proxy header: \"Server: openresty/1.21.4.1\"\n", 86) = 86
[pid    22] gettid()                    = 22
[pid    22] write(2, "2023/01/16 21:08:41 [debug] 22#22: *1 posix_memalign: 00007FECBCF417D0:4096 @16\n", 80) = 80
[pid    22] gettid()                    = 22
[pid    22] write(2, "2023/01/16 21:08:41 [debug] 22#22: *1 http proxy header: \"Date: Mon, 16 Jan 2023 21:08:41 GMT\"\n", 95) = 95
[pid    22] gettid()                    = 22
[pid    22] write(2, "2023/01/16 21:08:41 [debug] 22#22: *1 http proxy header: \"Content-Type: text/plain\"\n", 84) = 84
[pid    22] gettid()                    = 22
[pid    22] write(2, "2023/01/16 21:08:41 [debug] 22#22: *1 http proxy header: \"Content-Length: 1024\"\n", 80) = 80
[pid    22] gettid()                    = 22
[pid    22] write(2, "2023/01/16 21:08:41 [debug] 22#22: *1 http proxy header: \"Last-Modified: Mon, 16 Jan 2023 18:22:19 GMT\"\n", 104) = 104
[pid    22] gettid()                    = 22
[pid    22] write(2, "2023/01/16 21:08:41 [debug] 22#22: *1 http proxy header: \"Connection: close\"\n", 77) = 77
[pid    22] gettid()                    = 22
[pid    22] write(2, "2023/01/16 21:08:41 [debug] 22#22: *1 http proxy header: \"ETag: \"63c595db-400\"\"\n", 80) = 80
[pid    22] gettid()                    = 22
[pid    22] write(2, "2023/01/16 21:08:41 [debug] 22#22: *1 http proxy header: \"Accept-Ranges: bytes\"\n", 80) = 80
[pid    22] gettid()                    = 22
[pid    22] write(2, "2023/01/16 21:08:41 [debug] 22#22: *1 http proxy header done\n", 61) = 61
[pid    22] gettid()                    = 22
[pid    22] write(2, "2023/01/16 21:08:41 [debug] 22#22: *1 lua capture header filter, uri \"/1K\"\n", 75) = 75
[pid    22] gettid()                    = 22
[pid    22] write(2, "2023/01/16 21:08:41 [debug] 22#22: *1 HTTP/1.1 200 OK\r\nServer: openresty/1.21.4.1\r\nDate: Mon, 16 Jan 2023 21:08:41 GMT\r\nContent-Type: text/plain\r\nContent-Length: 1024\r\nConnection: keep-alive\r\nLast-Modified: Mon, 16 Jan 2023 18:22:19 GMT\r\nETag: \"63c595db-400\"\r\nAccept-Ranges: bytes\r\n\n", 283) = 283
[pid    22] gettid()                    = 22
[pid    22] write(2, "2023/01/16 21:08:41 [debug] 22#22: *1 write new buf t:1 f:0 00007FECBCF41940, pos 00007FECBCF41940, size: 246 file: 0, size: 0\n", 127) = 127
[pid    22] gettid()                    = 22
[pid    22] write(2, "2023/01/16 21:08:41 [debug] 22#22: *1 http write filter: l:0 f:0 s:246\n", 71) = 71
[pid    22] gettid()                    = 22
[pid    22] write(2, "2023/01/16 21:08:41 [debug] 22#22: *1 http cacheable: 0\n", 56) = 56
[pid    22] gettid()                    = 22
[pid    22] write(2, "2023/01/16 21:08:41 [debug] 22#22: *1 http proxy filter init s:200 h:0 c:0 l:1024\n", 82) = 82
[pid    22] gettid()                    = 22
[pid    22] write(2, "2023/01/16 21:08:41 [debug] 22#22: *1 http upstream process upstream\n", 69) = 69
[pid    22] gettid()                    = 22
[pid    22] write(2, "2023/01/16 21:08:41 [debug] 22#22: *1 pipe read upstream: 1\n", 60) = 60
[pid    22] gettid()                    = 22
[pid    22] write(2, "2023/01/16 21:08:41 [debug] 22#22: *1 pipe preread: 1024\n", 57) = 57
[pid    22] gettid()                    = 22
[pid    22] write(2, "2023/01/16 21:08:41 [debug] 22#22: *1 readv: eof:1, avail:0\n", 60) = 60
[pid    22] gettid()                    = 22
[pid    22] write(2, "2023/01/16 21:08:41 [debug] 22#22: *1 readv: 1, last:2831\n", 58) = 58
[pid    22] readv(4, [{iov_base="", iov_len=2831}], 1) = 0
[pid    22] gettid()                    = 22
[pid    22] write(2, "2023/01/16 21:08:41 [debug] 22#22: *1 pipe recv chain: 0\n", 57) = 57
[pid    22] gettid()                    = 22
[pid    22] write(2, "2023/01/16 21:08:41 [debug] 22#22: *1 pipe buf free s:0 t:1 f:0 00007FECBCF40290, pos 00007FECBCF40381, size: 1024 file: 0, size: 0\n", 132) = 132
[pid    22] gettid()                    = 22
[pid    22] write(2, "2023/01/16 21:08:41 [debug] 22#22: *1 pipe length: 1024\n", 56) = 56
[pid    22] gettid()                    = 22
[pid    22] write(2, "2023/01/16 21:08:41 [debug] 22#22: *1 input buf #0\n", 51) = 51
[pid    22] gettid()                    = 22
[pid    22] write(2, "2023/01/16 21:08:41 [debug] 22#22: *1 pipe write downstream: 1\n", 63) = 63
[pid    22] gettid()                    = 22
[pid    22] write(2, "2023/01/16 21:08:41 [debug] 22#22: *1 pipe write downstream flush in\n", 69) = 69
[pid    22] gettid()                    = 22
[pid    22] write(2, "2023/01/16 21:08:41 [debug] 22#22: *1 http output filter \"/1K?\"\n", 64) = 64
[pid    22] gettid()                    = 22
[pid    22] write(2, "2023/01/16 21:08:41 [debug] 22#22: *1 http copy filter: \"/1K?\"\n", 63) = 63
[pid    22] gettid()                    = 22
[pid    22] write(2, "2023/01/16 21:08:41 [debug] 22#22: *1 lua capture body filter, uri \"/1K\"\n", 73) = 73
[pid    22] gettid()                    = 22
[pid    22] write(2, "2023/01/16 21:08:41 [debug] 22#22: *1 http postpone filter \"/1K?\" 00007FECBCF41B60\n", 83) = 83
[pid    22] gettid()                    = 22
[pid    22] write(2, "2023/01/16 21:08:41 [debug] 22#22: *1 write old buf t:1 f:0 00007FECBCF41940, pos 00007FECBCF41940, size: 246 file: 0, size: 0\n", 127) = 127
[pid    22] gettid()                    = 22
[pid    22] write(2, "2023/01/16 21:08:41 [debug] 22#22: *1 write new buf t:1 f:0 00007FECBCF40290, pos 00007FECBCF40381, size: 1024 file: 0, size: 0\n", 128) = 128
[pid    22] gettid()                    = 22
[pid    22] write(2, "2023/01/16 21:08:41 [debug] 22#22: *1 http write filter: l:0 f:0 s:1270\n", 72) = 72
[pid    22] gettid()                    = 22
[pid    22] write(2, "2023/01/16 21:08:41 [debug] 22#22: *1 http copy filter: 0 \"/1K?\"\n", 65) = 65
[pid    22] gettid()                    = 22
[pid    22] write(2, "2023/01/16 21:08:41 [debug] 22#22: *1 pipe write downstream done\n", 65) = 65
[pid    22] gettid()                    = 22
[pid    22] write(2, "2023/01/16 21:08:41 [debug] 22#22: *1 event timer: 4, old: 399263329, new: 399263384\n", 85) = 85
[pid    22] gettid()                    = 22
[pid    22] write(2, "2023/01/16 21:08:41 [debug] 22#22: *1 http upstream exit: 0000000000000000\n", 75) = 75
[pid    22] gettid()                    = 22
[pid    22] write(2, "2023/01/16 21:08:41 [debug] 22#22: *1 finalize http upstream request: 0\n", 72) = 72
[pid    22] gettid()                    = 22
[pid    22] write(2, "2023/01/16 21:08:41 [debug] 22#22: *1 finalize http proxy request\n", 66) = 66
[pid    22] gettid()                    = 22
[pid    22] write(2, "2023/01/16 21:08:41 [debug] 22#22: *1 free keepalive peer\n", 58) = 58
[pid    22] gettid()                    = 22
[pid    22] write(2, "2023/01/16 21:08:41 [debug] 22#22: *1 free rr peer 1 0\n", 55) = 55
[pid    22] gettid()                    = 22
[pid    22] write(2, "2023/01/16 21:08:41 [debug] 22#22: *1 close http upstream connection: 4\n", 72) = 72
[pid    22] gettid()                    = 22
[pid    22] write(2, "2023/01/16 21:08:41 [debug] 22#22: *1 free: 00007FECBCF07AB0, unused: 48\n", 73) = 73
[pid    22] gettid()                    = 22
[pid    22] write(2, "2023/01/16 21:08:41 [debug] 22#22: *1 event timer del: 4: 399263329\n", 68) = 68
[pid    22] gettid()                    = 22
[pid    22] write(2, "2023/01/16 21:08:41 [debug] 22#22: *1 reusable connection: 0\n", 61) = 61
[pid    22] close(4)                    = 0
[pid    22] gettid()                    = 22
[pid    22] write(2, "2023/01/16 21:08:41 [debug] 22#22: *1 http upstream temp fd: -1\n", 64) = 64
[pid    22] gettid()                    = 22
[pid    22] write(2, "2023/01/16 21:08:41 [debug] 22#22: *1 http output filter \"/1K?\"\n", 64) = 64
[pid    22] gettid()                    = 22
[pid    22] write(2, "2023/01/16 21:08:41 [debug] 22#22: *1 http copy filter: \"/1K?\"\n", 63) = 63
[pid    22] gettid()                    = 22
[pid    22] write(2, "2023/01/16 21:08:41 [debug] 22#22: *1 lua capture body filter, uri \"/1K\"\n", 73) = 73
[pid    22] gettid()                    = 22
[pid    22] write(2, "2023/01/16 21:08:41 [debug] 22#22: *1 http postpone filter \"/1K?\" 00007FFC66CB25E0\n", 83) = 83
[pid    22] gettid()                    = 22
[pid    22] write(2, "2023/01/16 21:08:41 [debug] 22#22: *1 write old buf t:1 f:0 00007FECBCF41940, pos 00007FECBCF41940, size: 246 file: 0, size: 0\n", 127) = 127
[pid    22] gettid()                    = 22
[pid    22] write(2, "2023/01/16 21:08:41 [debug] 22#22: *1 write old buf t:1 f:0 00007FECBCF40290, pos 00007FECBCF40381, size: 1024 file: 0, size: 0\n", 128) = 128
[pid    22] gettid()                    = 22
[pid    22] write(2, "2023/01/16 21:08:41 [debug] 22#22: *1 write new buf t:0 f:0 0000000000000000, pos 0000000000000000, size: 0 file: 0, size: 0\n", 125) = 125
[pid    22] gettid()                    = 22
[pid    22] write(2, "2023/01/16 21:08:41 [debug] 22#22: *1 http write filter: l:1 f:0 s:1270\n", 72) = 72
[pid    22] gettid()                    = 22
[pid    22] write(2, "2023/01/16 21:08:41 [debug] 22#22: *1 http write filter limit 2097152\n", 70) = 70
[pid    22] writev(3, [{iov_base="HTTP/1.1 200 OK\r\nServer: openresty/1.21.4.1\r\nDate: Mon, 16 Jan 2023 21:08:41 GMT\r\nContent-Type: text/plain\r\nContent-Length: 1024\r\nConnection: keep-alive\r\nLast-Modified: Mon, 16 Jan 2023 18:22:19 GMT\r\nETag: \"63c595db-400\"\r\nAccept-Ranges: bytes\r\n\r\n", iov_len=246}, {iov_base="b\16\205\206Q\216X\311\237\220\356\375Q1\231K>\302\202\350\277\\\317\207\375A\3659\20\25\232\230\361M\311H\315\250\332\23\240\37qZ>j\372\25\201\341C\2718\222\f\225\34Q\0H\346\323{\6@\302\324\240\356\321\247\224\341\221N\374\342\206\303\377ZBE\242\341\326c\1*\27|\222\3132\31^\5\270S\6\3060*hb\253\306\320\223\253\35\252\306\2046\317\272\v\310B\31\376\230\322\304f\234:\325\242\362\220a\304\216\337\7\273+\211O\35\242n\344\364b\2540\264\366\0\307\230\324\343\34\22\313w\2179\342\213\v?\377.\327\322\17\304\340@a\33\243\301J\360<\223B\25\356\2322\0\31\272\270#\276\251\242\26\17F\221\327\301NHaU=\237\333vW'\304\236\335\235\202\236\221\231\0L\224S\271\235\201\374\263B$y%\6\253\307Hw=\340\32Vfh\356\4\235\226\355\313`\2204\204\340\257M,U\34\3632\203\22\214W\260\245\306\356(\0`\16\375\3\272h\205\351\305\340VE\257\352w\343C\322\0;\300\273\202\363\3446!\231{\0\325\365f\330\3}\2635SVDM$\250\343e\nX\200\230\206\324}\rgI\231\375\277\335y\217\314\266\315\352\20*\365\245K\200\261B\26\247\260\253^\r\3\2231\220\303\t8\252\214zE\234\224\255\352f\5\213\324/\330\377\266?\220\232\275U\270\310\"@\34|\277\272\375%\0\3756\314y~Q~)\f\360X\4Ip\225\370th/s\301\201\250v\313\r\352\250\201\31\264b?\270\rDD\337\"~\250&\354\357\t\274\\\5\336E\341\3%\333\276\233\350\305\262\256RE\262\302\215K\344\0-D2\20\245\264*\237\361\304\32[\260\325\370\215~\213\307X\321\25\2665\23\324\17W\177\24\344Z\2376\236\3506\245P]Q\272\254\274\253\0330m\365l\35\30\rB\262\302%\372\206\35\341\204\34V\231{\25\261YW\202*\226\206>\24\332\213\35[A\371N\320\325\315\301\"n\365\266\202\251\3162\270wp\"x\270\344\31$\207@n\177'\250+\362\315\250\271\307\247T\374\6\1\2664\254\301\330\26\371\206\312\360\263\332\0i\257\250\245v\210\366\336\274\316\321-\353y\246s\337\356\247\313\246TsM;{'h\203\363\275o\\x\243fW\177\347\273\304F` \0361\350\234t`\373\230\361Q\345h;c\233\206h\261m\323\271\274\335\342\244|\271\373\330>\32)~\26\r \346\f\264ZgD\27\245k=Q/\316K\22>\6\17;\226\10=l2\1\354\244\263\\eb\262\300\0226\367\361\325\177\225/\244\363y\3160\361\267\7d\334\26g\247+\341\344\277\3307l\357@\272\222d\242e\246\205B,\312k\347\375\0202g\301\316\311K\275\217k0y=1\225'\265\303\322\377U\333\376\313\360S-J\247o\3140\7\t\31\302R!\356\377\0\367\242\1\367\6\236L[\351\335\224\241\36\336\5\357'\340\373\5\223\f\325\254\31\336%\227\23D\320\335\374\252\267\360\214\262\331\"\365Bz+q8oq\372\257.8x_\\\316\276\325?\264\364\311\r\323)\5\365\243Zh\241\252\276\20S\342\267\201\373\341\217\341\366\313X\315\323e\326\25<\254W\223\205\6IaN\323\253~\244\302\206rh\326\301M\0\302\0247\214=c\24\3156v\215\257h\341F4\n\1l<\277\210L\226P\353%\331\236\3728\371\350\341P\232\21t\365\233\212\267\244\236?\252\2457$\362\337\1\355F\361\320\27\333\236F\31\245\231\200\34o\2466\364\340jkz\206\v\371\263\33\r\247\245%1\201\217\261\256\254\266z\334iW\207~cza\243\240z\267\220\367\7\24w\310j2\0234\326\310cB\326\374\261!&\261\272\224", iov_len=1024}], 2) = 1270
[pid    22] gettid()                    = 22
[pid    22] write(2, "2023/01/16 21:08:41 [debug] 22#22: *1 writev: 1270 of 1270\n", 59) = 59
[pid    22] gettid()                    = 22
[pid    22] write(2, "2023/01/16 21:08:41 [debug] 22#22: *1 http write filter 0000000000000000\n", 73) = 73
[pid    22] gettid()                    = 22
[pid    22] write(2, "2023/01/16 21:08:41 [debug] 22#22: *1 http copy filter: 0 \"/1K?\"\n", 65) = 65
[pid    22] gettid()                    = 22
[pid    22] write(2, "2023/01/16 21:08:41 [debug] 22#22: *1 http finalize request: 0, \"/1K?\" a:1, c:1\n", 80) = 80
[pid    22] gettid()                    = 22
[pid    22] write(2, "2023/01/16 21:08:41 [debug] 22#22: *1 set http keepalive handler\n", 65) = 65
[pid    22] gettid()                    = 22
[pid    22] write(2, "2023/01/16 21:08:41 [debug] 22#22: *1 http close request\n", 57) = 57
[pid    22] gettid()                    = 22
[pid    22] write(2, "2023/01/16 21:08:41 [debug] 22#22: *1 lua request cleanup: forcible=0\n", 70) = 70
[pid    22] gettid()                    = 22
[pid    22] write(2, "2023/01/16 21:08:41 [debug] 22#22: *1 http lua finalize threads\n", 64) = 64
[pid    22] gettid()                    = 22
[pid    22] write(2, "2023/01/16 21:08:41 [debug] 22#22: *1 http log handler\n", 55) = 55
[pid    22] write(9, "192.168.64.1 - - [16/Jan/2023:21:08:41 +0000] \"GET /1K HTTP/1.1\" 200 1024 \"-\" \"curl/7.79.1\"\n", 92) = 92
[pid    22] gettid()                    = 22
[pid    22] write(2, "2023/01/16 21:08:41 [debug] 22#22: *1 free: 00007FECBCF40290\n", 61) = 61
[pid    22] gettid()                    = 22
[pid    22] write(2, "2023/01/16 21:08:41 [debug] 22#22: *1 free: 00007FECBCF49250, unused: 0\n", 72) = 72
[pid    22] gettid()                    = 22
[pid    22] write(2, "2023/01/16 21:08:41 [debug] 22#22: *1 free: 00007FECBCF4A790, unused: 0\n", 72) = 72
[pid    22] gettid()                    = 22
[pid    22] write(2, "2023/01/16 21:08:41 [debug] 22#22: *1 free: 00007FECBCF417D0, unused: 2731\n", 75) = 75
[pid    22] munmap(0x7fecbcf40000, 16384) = 0
[pid    22] gettid()                    = 22
[pid    22] write(2, "2023/01/16 21:08:41 [debug] 22#22: *1 free: 00007FECBCE22B70\n", 61) = 61
[pid    22] gettid()                    = 22
[pid    22] write(2, "2023/01/16 21:08:41 [debug] 22#22: *1 hc free: 0000000000000000\n", 64) = 64
[pid    22] gettid()                    = 22
[pid    22] write(2, "2023/01/16 21:08:41 [debug] 22#22: *1 hc busy: 0000000000000000 0\n", 66) = 66
[pid    22] gettid()                    = 22
[pid    22] write(2, "2023/01/16 21:08:41 [debug] 22#22: *1 tcp_nodelay\n", 50) = 50
[pid    22] setsockopt(3, SOL_TCP, TCP_NODELAY, [1], 4) = 0
[pid    22] gettid()                    = 22
[pid    22] write(2, "2023/01/16 21:08:41 [debug] 22#22: *1 reusable connection: 1\n", 61) = 61
[pid    22] gettid()                    = 22
[pid    22] write(2, "2023/01/16 21:08:41 [debug] 22#22: *1 event timer add: 3: 75000:399278384\n", 74) = 74
[pid    22] gettid()                    = 22
[pid    22] write(2, "2023/01/16 21:08:41 [debug] 22#22: timer delta: 48\n", 51) = 51
[pid    22] gettid()                    = 22
[pid    22] write(2, "2023/01/16 21:08:41 [debug] 22#22: worker cycle\n", 48) = 48
[pid    22] gettid()                    = 22
[pid    22] write(2, "2023/01/16 21:08:41 [debug] 22#22: epoll timer: 75000\n", 54) = 54
[pid    22] epoll_pwait(11, [{events=EPOLLIN|EPOLLOUT|EPOLLRDHUP, data={u32=3169283840, u64=140654758293248}}], 512, 75000, NULL, 8) = 1
[pid    22] clock_gettime(CLOCK_REALTIME, {tv_sec=1673903321, tv_nsec=364778000}) = 0
[pid    22] clock_gettime(CLOCK_MONOTONIC, {tv_sec=399203, tv_nsec=434618239}) = 0
[pid    22] gettid()                    = 22
[pid    22] write(2, "2023/01/16 21:08:41 [debug] 22#22: epoll: fd:3 ev:2005 d:00007FECBCE76F00\n", 74) = 74
[pid    22] gettid()                    = 22
[pid    22] write(2, "2023/01/16 21:08:41 [debug] 22#22: *1 http keepalive handler\n", 61) = 61
[pid    22] gettid()                    = 22
[pid    22] write(2, "2023/01/16 21:08:41 [debug] 22#22: *1 malloc: 00007FECBCE22210:1024\n", 68) = 68
[pid    22] gettid()                    = 22
[pid    22] write(2, "2023/01/16 21:08:41 [debug] 22#22: *1 recv: eof:1, avail:-1\n", 60) = 60
[pid    22] recvfrom(3, "", 1024, 0, NULL, NULL) = 0
[pid    22] gettid()                    = 22
[pid    22] write(2, "2023/01/16 21:08:41 [debug] 22#22: *1 recv: fd:3 0 of 1024\n", 59) = 59
[pid    22] gettid()                    = 22
[pid    22] write(2, "2023/01/16 21:08:41 [info] 22#22: *1 client 192.168.64.1 closed keepalive connection\n", 85) = 85
[pid    22] gettid()                    = 22
[pid    22] write(2, "2023/01/16 21:08:41 [debug] 22#22: *1 close http connection: 3\n", 63) = 63
[pid    22] gettid()                    = 22
[pid    22] write(2, "2023/01/16 21:08:41 [debug] 22#22: *1 event timer del: 3: 399278384\n", 68) = 68
[pid    22] gettid()                    = 22
[pid    22] write(2, "2023/01/16 21:08:41 [debug] 22#22: *1 reusable connection: 0\n", 61) = 61
[pid    22] close(3)                    = 0
[pid    22] gettid()                    = 22
[pid    22] write(2, "2023/01/16 21:08:41 [debug] 22#22: *1 free: 00007FECBCE22210\n", 61) = 61
[pid    22] gettid()                    = 22
[pid    22] write(2, "2023/01/16 21:08:41 [debug] 22#22: *1 free: 00007FECBCE20DB0, unused: 136\n", 74) = 74
[pid    22] gettid()                    = 22
[pid    22] write(2, "2023/01/16 21:08:41 [debug] 22#22: timer delta: 50\n", 51) = 51
[pid    22] gettid()                    = 22
[pid    22] write(2, "2023/01/16 21:08:41 [debug] 22#22: worker cycle\n", 48) = 48
[pid    22] gettid()                    = 22
[pid    22] write(2, "2023/01/16 21:08:41 [debug] 22#22: epoll timer: -1\n", 51) = 51
[pid    22] epoll_pwait(11,
