[pid    23] epoll_pwait(10, [{events=EPOLLIN, data={u32=2224797664, u64=140224317077472}}], 512, -1, NULL, 8) = 1
[pid    23] clock_gettime(CLOCK_REALTIME, {tv_sec=1673893104, tv_nsec=958689000}) = 0
[pid    23] clock_gettime(CLOCK_MONOTONIC, {tv_sec=388987, tv_nsec=28541239}) = 0
[pid    23] gettid()                    = 23
[pid    23] write(2, "2023/01/16 18:18:24 [debug] 23#23: epoll: fd:5 ev:0001 d:00007F88849BB7E0\n", 74) = 74
[pid    23] gettid()                    = 23
[pid    23] write(2, "2023/01/16 18:18:24 [debug] 23#23: accept on 0.0.0.0:8080, ready: 0\n", 68) = 68
[pid    23] accept4(5, {sa_family=AF_INET, sin_port=htons(55318), sin_addr=inet_addr("192.168.48.1")}, [112 => 16], SOCK_CLOEXEC|SOCK_NONBLOCK) = 3
[pid    23] gettid()                    = 23
[pid    23] write(2, "2023/01/16 18:18:24 [debug] 23#23: posix_memalign: 00007F8884A38940:512 @16\n", 76) = 76
[pid    23] gettid()                    = 23
[pid    23] write(2, "2023/01/16 18:18:24 [debug] 23#23: *4 accept: 192.168.48.1:55318 fd:3\n", 70) = 70
[pid    23] gettid()                    = 23
[pid    23] write(2, "2023/01/16 18:18:24 [debug] 23#23: *4 event timer add: 3: 60000:389047028\n", 74) = 74
[pid    23] gettid()                    = 23
[pid    23] write(2, "2023/01/16 18:18:24 [debug] 23#23: *4 reusable connection: 1\n", 61) = 61
[pid    23] gettid()                    = 23
[pid    23] write(2, "2023/01/16 18:18:24 [debug] 23#23: *4 epoll add event: fd:3 op:1 ev:80002001\n", 77) = 77
[pid    23] epoll_ctl(10, EPOLL_CTL_ADD, 3, {events=EPOLLIN|EPOLLRDHUP|EPOLLET, data={u32=2224798625, u64=140224317078433}}) = 0
[pid    23] gettid()                    = 23
[pid    23] write(2, "2023/01/16 18:18:24 [debug] 23#23: timer delta: 269276\n", 55) = 55
[pid    23] gettid()                    = 23
[pid    23] write(2, "2023/01/16 18:18:24 [debug] 23#23: worker cycle\n", 48) = 48
[pid    23] gettid()                    = 23
[pid    23] write(2, "2023/01/16 18:18:24 [debug] 23#23: epoll timer: 60000\n", 54) = 54
[pid    23] epoll_pwait(10, [{events=EPOLLIN, data={u32=2224798625, u64=140224317078433}}], 512, 60000, NULL, 8) = 1
[pid    23] clock_gettime(CLOCK_REALTIME, {tv_sec=1673893104, tv_nsec=962376000}) = 0
[pid    23] clock_gettime(CLOCK_MONOTONIC, {tv_sec=388987, tv_nsec=32192239}) = 0
[pid    23] gettid()                    = 23
[pid    23] write(2, "2023/01/16 18:18:24 [debug] 23#23: epoll: fd:3 ev:0001 d:00007F88849BBBA1\n", 74) = 74
[pid    23] gettid()                    = 23
[pid    23] write(2, "2023/01/16 18:18:24 [debug] 23#23: *4 http wait request handler\n", 64) = 64
[pid    23] gettid()                    = 23
[pid    23] write(2, "2023/01/16 18:18:24 [debug] 23#23: *4 malloc: 00007F8884984DB0:1024\n", 68) = 68
[pid    23] gettid()                    = 23
[pid    23] write(2, "2023/01/16 18:18:24 [debug] 23#23: *4 recv: eof:0, avail:-1\n", 60) = 60
[pid    23] recvfrom(3, "GET /1K HTTP/1.1\r\nHost: localhost:8080\r\nUser-Agent: curl/7.79.1\r\nAccept: */*\r\n\r\n", 1024, 0, NULL, NULL) = 80
[pid    23] gettid()                    = 23
[pid    23] write(2, "2023/01/16 18:18:24 [debug] 23#23: *4 recv: fd:3 80 of 1024\n", 60) = 60
[pid    23] gettid()                    = 23
[pid    23] write(2, "2023/01/16 18:18:24 [debug] 23#23: *4 reusable connection: 0\n", 61) = 61
[pid    23] gettid()                    = 23
[pid    23] write(2, "2023/01/16 18:18:24 [debug] 23#23: *4 posix_memalign: 00007F8884A7D0F0:4096 @16\n", 80) = 80
[pid    23] gettid()                    = 23
[pid    23] write(2, "2023/01/16 18:18:24 [debug] 23#23: *4 http process request line\n", 64) = 64
[pid    23] gettid()                    = 23
[pid    23] write(2, "2023/01/16 18:18:24 [debug] 23#23: *4 http request line: \"GET /1K HTTP/1.1\"\n", 76) = 76
[pid    23] gettid()                    = 23
[pid    23] write(2, "2023/01/16 18:18:24 [debug] 23#23: *4 http uri: \"/1K\"\n", 54) = 54
[pid    23] gettid()                    = 23
[pid    23] write(2, "2023/01/16 18:18:24 [debug] 23#23: *4 http args: \"\"\n", 52) = 52
[pid    23] gettid()                    = 23
[pid    23] write(2, "2023/01/16 18:18:24 [debug] 23#23: *4 http exten: \"\"\n", 53) = 53
[pid    23] gettid()                    = 23
[pid    23] write(2, "2023/01/16 18:18:24 [debug] 23#23: *4 posix_memalign: 00007F8884A7E630:4096 @16\n", 80) = 80
[pid    23] gettid()                    = 23
[pid    23] write(2, "2023/01/16 18:18:24 [debug] 23#23: *4 http process request header line\n", 71) = 71
[pid    23] gettid()                    = 23
[pid    23] write(2, "2023/01/16 18:18:24 [debug] 23#23: *4 http header: \"Host: localhost:8080\"\n", 74) = 74
[pid    23] gettid()                    = 23
[pid    23] write(2, "2023/01/16 18:18:24 [debug] 23#23: *4 http header: \"User-Agent: curl/7.79.1\"\n", 77) = 77
[pid    23] gettid()                    = 23
[pid    23] write(2, "2023/01/16 18:18:24 [debug] 23#23: *4 http header: \"Accept: */*\"\n", 65) = 65
[pid    23] gettid()                    = 23
[pid    23] write(2, "2023/01/16 18:18:24 [debug] 23#23: *4 http header done\n", 55) = 55
[pid    23] gettid()                    = 23
[pid    23] write(2, "2023/01/16 18:18:24 [debug] 23#23: *4 event timer del: 3: 389047028\n", 68) = 68
[pid    23] gettid()                    = 23
[pid    23] write(2, "2023/01/16 18:18:24 [debug] 23#23: *4 generic phase: 0\n", 55) = 55
[pid    23] gettid()                    = 23
[pid    23] write(2, "2023/01/16 18:18:24 [debug] 23#23: *4 rewrite phase: 1\n", 55) = 55
[pid    23] gettid()                    = 23
[pid    23] write(2, "2023/01/16 18:18:24 [debug] 23#23: *4 rewrite phase: 2\n", 55) = 55
[pid    23] gettid()                    = 23
[pid    23] write(2, "2023/01/16 18:18:24 [debug] 23#23: *4 test location: \"/\"\n", 57) = 57
[pid    23] gettid()                    = 23
[pid    23] write(2, "2023/01/16 18:18:24 [debug] 23#23: *4 using configuration \"/\"\n", 62) = 62
[pid    23] gettid()                    = 23
[pid    23] write(2, "2023/01/16 18:18:24 [debug] 23#23: *4 http cl:-1 max:1048576\n", 61) = 61
[pid    23] gettid()                    = 23
[pid    23] write(2, "2023/01/16 18:18:24 [debug] 23#23: *4 rewrite phase: 4\n", 55) = 55
[pid    23] gettid()                    = 23
[pid    23] write(2, "2023/01/16 18:18:24 [debug] 23#23: *4 rewrite phase: 5\n", 55) = 55
[pid    23] gettid()                    = 23
[pid    23] write(2, "2023/01/16 18:18:24 [debug] 23#23: *4 post rewrite phase: 6\n", 60) = 60
[pid    23] gettid()                    = 23
[pid    23] write(2, "2023/01/16 18:18:24 [debug] 23#23: *4 generic phase: 7\n", 55) = 55
[pid    23] gettid()                    = 23
[pid    23] write(2, "2023/01/16 18:18:24 [debug] 23#23: *4 generic phase: 8\n", 55) = 55
[pid    23] gettid()                    = 23
[pid    23] write(2, "2023/01/16 18:18:24 [debug] 23#23: *4 generic phase: 9\n", 55) = 55
[pid    23] gettid()                    = 23
[pid    23] write(2, "2023/01/16 18:18:24 [debug] 23#23: *4 access phase: 10\n", 55) = 55
[pid    23] gettid()                    = 23
[pid    23] write(2, "2023/01/16 18:18:24 [debug] 23#23: *4 access phase: 11\n", 55) = 55
[pid    23] gettid()                    = 23
[pid    23] write(2, "2023/01/16 18:18:24 [debug] 23#23: *4 access phase: 12\n", 55) = 55
[pid    23] gettid()                    = 23
[pid    23] write(2, "2023/01/16 18:18:24 [debug] 23#23: *4 access phase: 13\n", 55) = 55
[pid    23] gettid()                    = 23
[pid    23] write(2, "2023/01/16 18:18:24 [debug] 23#23: *4 lua access handler, uri:\"/1K\" c:1\n", 72) = 72
[pid    23] gettid()                    = 23
[pid    23] write(2, "2023/01/16 18:18:24 [debug] 23#23: *4 code cache lookup (key='access_by_lua_nhli_c23aa0a4963a0b0bd5f3b17fd26d55f1', ref=1)\n", 123) = 123
[pid    23] gettid()                    = 23
[pid    23] write(2, "2023/01/16 18:18:24 [debug] 23#23: *4 code cache hit (key='access_by_lua_nhli_c23aa0a4963a0b0bd5f3b17fd26d55f1', ref=1)\n", 120) = 120
[pid    23] gettid()                    = 23
[pid    23] write(2, "2023/01/16 18:18:24 [debug] 23#23: *4 lua creating new thread\n", 62) = 62
[pid    23] gettid()                    = 23
[pid    23] write(2, "2023/01/16 18:18:24 [debug] 23#23: *4 lua reusing cached lua thread 00007F8884922158 (ref 1)\n", 93) = 93
[pid    23] gettid()                    = 23
[pid    23] write(2, "2023/01/16 18:18:24 [debug] 23#23: *4 lua reset ctx\n", 52) = 52
[pid    23] gettid()                    = 23
[pid    23] write(2, "2023/01/16 18:18:24 [debug] 23#23: *4 http lua finalize threads\n", 64) = 64
[pid    23] gettid()                    = 23
[pid    23] write(2, "2023/01/16 18:18:24 [debug] 23#23: *4 http cleanup add: 00007F8884A7E0B8\n", 73) = 73
[pid    23] gettid()                    = 23
[pid    23] write(2, "2023/01/16 18:18:24 [debug] 23#23: *4 lua run thread, top:0 c:1\n", 64) = 64
[pid    23] gettid()                    = 23
[pid    23] write(2, "2023/01/16 18:18:24 [error] 23#23: *4 [lua] access_by_lua(nginx.conf:25):2: access_lua_block HTTP, client: 192.168.48.1, server: , request: \"GET /1K HTTP/1.1\", host: \"localhost:8080\"\n", 183) = 183
[pid    23] gettid()                    = 23
[pid    23] write(2, "2023/01/16 18:18:24 [debug] 23#23: *4 lua resume returned 0\n", 60) = 60
[pid    23] gettid()                    = 23
[pid    23] write(2, "2023/01/16 18:18:24 [debug] 23#23: *4 lua light thread ended normally\n", 70) = 70
[pid    23] gettid()                    = 23
[pid    23] write(2, "2023/01/16 18:18:24 [debug] 23#23: *4 lua deleting light thread 00007F8884922158 (ref 1)\n", 89) = 89
[pid    23] gettid()                    = 23
[pid    23] write(2, "2023/01/16 18:18:24 [debug] 23#23: *4 lua caching unused lua thread 00007F8884922158 (ref 1)\n", 93) = 93
[pid    23] gettid()                    = 23
[pid    23] write(2, "2023/01/16 18:18:24 [debug] 23#23: *4 post access phase: 14\n", 60) = 60
[pid    23] gettid()                    = 23
[pid    23] write(2, "2023/01/16 18:18:24 [debug] 23#23: *4 generic phase: 15\n", 56) = 56
[pid    23] gettid()                    = 23
[pid    23] write(2, "2023/01/16 18:18:24 [debug] 23#23: *4 generic phase: 16\n", 56) = 56
[pid    23] gettid()                    = 23
[pid    23] write(2, "2023/01/16 18:18:24 [debug] 23#23: *4 content phase: 17\n", 56) = 56
[pid    23] gettid()                    = 23
[pid    23] write(2, "2023/01/16 18:18:24 [debug] 23#23: *4 content phase: 18\n", 56) = 56
[pid    23] gettid()                    = 23
[pid    23] write(2, "2023/01/16 18:18:24 [debug] 23#23: *4 content phase: 19\n", 56) = 56
[pid    23] gettid()                    = 23
[pid    23] write(2, "2023/01/16 18:18:24 [debug] 23#23: *4 content phase: 20\n", 56) = 56
[pid    23] gettid()                    = 23
[pid    23] write(2, "2023/01/16 18:18:24 [debug] 23#23: *4 content phase: 21\n", 56) = 56
[pid    23] gettid()                    = 23
[pid    23] write(2, "2023/01/16 18:18:24 [debug] 23#23: *4 content phase: 22\n", 56) = 56
[pid    23] gettid()                    = 23
[pid    23] write(2, "2023/01/16 18:18:24 [debug] 23#23: *4 http filename: \"/data/1K\"\n", 64) = 64
[pid    23] gettid()                    = 23
[pid    23] write(2, "2023/01/16 18:18:24 [debug] 23#23: *4 add cleanup: 00007F8884A7EA10\n", 68) = 68
[pid    23] open("/data/1K", O_RDONLY|O_NONBLOCK|O_LARGEFILE) = 4
[pid    23] fstat(4, {st_dev=makedev(0, 0x2f), st_ino=5315, st_mode=S_IFREG|0644, st_nlink=1, st_uid=505, st_gid=20, st_blksize=4096, st_blocks=8, st_size=1024, st_atime=1673890312 /* 2023-01-16T17:31:52+0000 */, st_atime_nsec=0, st_mtime=1673889455 /* 2023-01-16T17:17:35+0000 */, st_mtime_nsec=0, st_ctime=1673889455 /* 2023-01-16T17:17:35+0000 */, st_ctime_nsec=0}) = 0
[pid    23] gettid()                    = 23
[pid    23] write(2, "2023/01/16 18:18:24 [debug] 23#23: *4 http static fd: 4\n", 56) = 56
[pid    23] gettid()                    = 23
[pid    23] write(2, "2023/01/16 18:18:24 [debug] 23#23: *4 http set discard body\n", 60) = 60
[pid    23] gettid()                    = 23
[pid    23] write(2, "2023/01/16 18:18:24 [debug] 23#23: *4 lua capture header filter, uri \"/1K\"\n", 75) = 75
[pid    23] gettid()                    = 23
[pid    23] write(2, "2023/01/16 18:18:24 [debug] 23#23: *4 HTTP/1.1 200 OK\r\nServer: openresty/1.21.4.1\r\nDate: Mon, 16 Jan 2023 18:18:24 GMT\r\nContent-Type: text/plain\r\nContent-Length: 1024\r\nLast-Modified: Mon, 16 Jan 2023 17:17:35 GMT\r\nConnection: keep-alive\r\nETag: \"63c586af-400\"\r\nAccept-Ranges: bytes\r\n\n", 283) = 283
[pid    23] gettid()                    = 23
[pid    23] write(2, "2023/01/16 18:18:24 [debug] 23#23: *4 write new buf t:1 f:0 00007F8884A7EBF8, pos 00007F8884A7EBF8, size: 246 file: 0, size: 0\n", 127) = 127
[pid    23] gettid()                    = 23
[pid    23] write(2, "2023/01/16 18:18:24 [debug] 23#23: *4 http write filter: l:0 f:0 s:246\n", 71) = 71
[pid    23] gettid()                    = 23
[pid    23] write(2, "2023/01/16 18:18:24 [debug] 23#23: *4 http output filter \"/1K?\"\n", 64) = 64
[pid    23] gettid()                    = 23
[pid    23] write(2, "2023/01/16 18:18:24 [debug] 23#23: *4 http copy filter: \"/1K?\"\n", 63) = 63
[pid    23] gettid()                    = 23
[pid    23] write(2, "2023/01/16 18:18:24 [debug] 23#23: *4 lua capture body filter, uri \"/1K\"\n", 73) = 73
[pid    23] gettid()                    = 23
[pid    23] write(2, "2023/01/16 18:18:24 [debug] 23#23: *4 http postpone filter \"/1K?\" 00007FFCBEECD670\n", 83) = 83
[pid    23] gettid()                    = 23
[pid    23] write(2, "2023/01/16 18:18:24 [debug] 23#23: *4 write old buf t:1 f:0 00007F8884A7EBF8, pos 00007F8884A7EBF8, size: 246 file: 0, size: 0\n", 127) = 127
[pid    23] gettid()                    = 23
[pid    23] write(2, "2023/01/16 18:18:24 [debug] 23#23: *4 write new buf t:0 f:1 0000000000000000, pos 0000000000000000, size: 0 file: 0, size: 1024\n", 128) = 128
[pid    23] gettid()                    = 23
[pid    23] write(2, "2023/01/16 18:18:24 [debug] 23#23: *4 http write filter: l:1 f:0 s:1270\n", 72) = 72
[pid    23] gettid()                    = 23
[pid    23] write(2, "2023/01/16 18:18:24 [debug] 23#23: *4 http write filter limit 2097152\n", 70) = 70
[pid    23] writev(3, [{iov_base="HTTP/1.1 200 OK\r\nServer: openresty/1.21.4.1\r\nDate: Mon, 16 Jan 2023 18:18:24 GMT\r\nContent-Type: text/plain\r\nContent-Length: 1024\r\nLast-Modified: Mon, 16 Jan 2023 17:17:35 GMT\r\nConnection: keep-alive\r\nETag: \"63c586af-400\"\r\nAccept-Ranges: bytes\r\n\r\n", iov_len=246}], 1) = 246
[pid    23] gettid()                    = 23
[pid    23] write(2, "2023/01/16 18:18:24 [debug] 23#23: *4 writev: 246 of 246\n", 57) = 57
[pid    23] gettid()                    = 23
[pid    23] write(2, "2023/01/16 18:18:24 [debug] 23#23: *4 sendfile: @0 1024\n", 56) = 56
[pid    23] sendfile(3, 4, [0] => [1024], 1024) = 1024
[pid    23] gettid()                    = 23
[pid    23] write(2, "2023/01/16 18:18:24 [debug] 23#23: *4 sendfile: 1024 of 1024 @0\n", 64) = 64
[pid    23] gettid()                    = 23
[pid    23] write(2, "2023/01/16 18:18:24 [debug] 23#23: *4 http write filter 0000000000000000\n", 73) = 73
[pid    23] gettid()                    = 23
[pid    23] write(2, "2023/01/16 18:18:24 [debug] 23#23: *4 http copy filter: 0 \"/1K?\"\n", 65) = 65
[pid    23] gettid()                    = 23
[pid    23] write(2, "2023/01/16 18:18:24 [debug] 23#23: *4 http finalize request: 0, \"/1K?\" a:1, c:1\n", 80) = 80
[pid    23] gettid()                    = 23
[pid    23] write(2, "2023/01/16 18:18:24 [debug] 23#23: *4 set http keepalive handler\n", 65) = 65
[pid    23] gettid()                    = 23
[pid    23] write(2, "2023/01/16 18:18:24 [debug] 23#23: *4 http close request\n", 57) = 57
[pid    23] gettid()                    = 23
[pid    23] write(2, "2023/01/16 18:18:24 [debug] 23#23: *4 lua request cleanup: forcible=0\n", 70) = 70
[pid    23] gettid()                    = 23
[pid    23] write(2, "2023/01/16 18:18:24 [debug] 23#23: *4 http lua finalize threads\n", 64) = 64
[pid    23] gettid()                    = 23
[pid    23] write(2, "2023/01/16 18:18:24 [debug] 23#23: *4 http log handler\n", 55) = 55
[pid    23] write(8, "192.168.48.1 - - [16/Jan/2023:18:18:24 +0000] \"GET /1K HTTP/1.1\" 200 1024 \"-\" \"curl/7.79.1\"\n", 92) = 92
[pid    23] gettid()                    = 23
[pid    23] write(2, "2023/01/16 18:18:24 [debug] 23#23: *4 run cleanup: 00007F8884A7EA10\n", 68) = 68
[pid    23] gettid()                    = 23
[pid    23] write(2, "2023/01/16 18:18:24 [debug] 23#23: *4 file cleanup: fd:4\n", 57) = 57
[pid    23] close(4)                    = 0
[pid    23] gettid()                    = 23
[pid    23] write(2, "2023/01/16 18:18:24 [debug] 23#23: *4 free: 00007F8884A7D0F0, unused: 0\n", 72) = 72
[pid    23] gettid()                    = 23
[pid    23] write(2, "2023/01/16 18:18:24 [debug] 23#23: *4 free: 00007F8884A7E630, unused: 2075\n", 75) = 75
[pid    23] gettid()                    = 23
[pid    23] write(2, "2023/01/16 18:18:24 [debug] 23#23: *4 free: 00007F8884984DB0\n", 61) = 61
[pid    23] gettid()                    = 23
[pid    23] write(2, "2023/01/16 18:18:24 [debug] 23#23: *4 hc free: 0000000000000000\n", 64) = 64
[pid    23] gettid()                    = 23
[pid    23] write(2, "2023/01/16 18:18:24 [debug] 23#23: *4 hc busy: 0000000000000000 0\n", 66) = 66
[pid    23] gettid()                    = 23
[pid    23] write(2, "2023/01/16 18:18:24 [debug] 23#23: *4 tcp_nodelay\n", 50) = 50
[pid    23] setsockopt(3, SOL_TCP, TCP_NODELAY, [1], 4) = 0
[pid    23] gettid()                    = 23
[pid    23] write(2, "2023/01/16 18:18:24 [debug] 23#23: *4 reusable connection: 1\n", 61) = 61
[pid    23] gettid()                    = 23
[pid    23] write(2, "2023/01/16 18:18:24 [debug] 23#23: *4 event timer add: 3: 75000:389062032\n", 74) = 74
[pid    23] gettid()                    = 23
[pid    23] write(2, "2023/01/16 18:18:24 [debug] 23#23: timer delta: 4\n", 50) = 50
[pid    23] gettid()                    = 23
[pid    23] write(2, "2023/01/16 18:18:24 [debug] 23#23: worker cycle\n", 48) = 48
[pid    23] gettid()                    = 23
[pid    23] write(2, "2023/01/16 18:18:24 [debug] 23#23: epoll timer: 75000\n", 54) = 54
[pid    23] epoll_pwait(10, [{events=EPOLLIN|EPOLLRDHUP, data={u32=2224798625, u64=140224317078433}}], 512, 75000, NULL, 8) = 1
[pid    23] clock_gettime(CLOCK_REALTIME, {tv_sec=1673893105, tv_nsec=14052000}) = 0
[pid    23] clock_gettime(CLOCK_MONOTONIC, {tv_sec=388987, tv_nsec=83974239}) = 0
[pid    23] gettid()                    = 23
[pid    23] write(2, "2023/01/16 18:18:25 [debug] 23#23: epoll: fd:3 ev:2001 d:00007F88849BBBA1\n", 74) = 74
[pid    23] gettid()                    = 23
[pid    23] write(2, "2023/01/16 18:18:25 [debug] 23#23: *4 http keepalive handler\n", 61) = 61
[pid    23] gettid()                    = 23
[pid    23] write(2, "2023/01/16 18:18:25 [debug] 23#23: *4 malloc: 00007F8884984DC0:1024\n", 68) = 68
[pid    23] gettid()                    = 23
[pid    23] write(2, "2023/01/16 18:18:25 [debug] 23#23: *4 recv: eof:1, avail:-1\n", 60) = 60
[pid    23] recvfrom(3, "", 1024, 0, NULL, NULL) = 0
[pid    23] gettid()                    = 23
[pid    23] write(2, "2023/01/16 18:18:25 [debug] 23#23: *4 recv: fd:3 0 of 1024\n", 59) = 59
[pid    23] gettid()                    = 23
[pid    23] write(2, "2023/01/16 18:18:25 [info] 23#23: *4 client 192.168.48.1 closed keepalive connection\n", 85) = 85
[pid    23] gettid()                    = 23
[pid    23] write(2, "2023/01/16 18:18:25 [debug] 23#23: *4 close http connection: 3\n", 63) = 63
[pid    23] gettid()                    = 23
[pid    23] write(2, "2023/01/16 18:18:25 [debug] 23#23: *4 event timer del: 3: 389062032\n", 68) = 68
[pid    23] gettid()                    = 23
[pid    23] write(2, "2023/01/16 18:18:25 [debug] 23#23: *4 reusable connection: 0\n", 61) = 61
[pid    23] close(3)                    = 0
[pid    23] gettid()                    = 23
[pid    23] write(2, "2023/01/16 18:18:25 [debug] 23#23: *4 free: 00007F8884984DC0\n", 61) = 61
[pid    23] gettid()                    = 23
[pid    23] write(2, "2023/01/16 18:18:25 [debug] 23#23: *4 free: 00007F8884A38940, unused: 136\n", 74) = 74
[pid    23] gettid()                    = 23
[pid    23] write(2, "2023/01/16 18:18:25 [debug] 23#23: timer delta: 51\n", 51) = 51
[pid    23] gettid()                    = 23
[pid    23] write(2, "2023/01/16 18:18:25 [debug] 23#23: worker cycle\n", 48) = 48
[pid    23] gettid()                    = 23
[pid    23] write(2, "2023/01/16 18:18:25 [debug] 23#23: epoll timer: -1\n", 51) = 51
[pid    23] epoll_pwait(10,
